2026-05-03 00:39:46 | INFO     | LEVI: ============================================================
2026-05-03 00:39:46 | INFO     | LEVI: 🤖 LEVI ASSISTANT - Initializing Core Loop
2026-05-03 00:39:46 | INFO     | LEVI: ============================================================
2026-05-03 00:39:46 | INFO     | LEVI: Initializing Speech Recognizer (faster-whisper)
2026-05-03 00:39:48 | INFO     | LEVI: Speech Recognizer initialized successfully
2026-05-03 00:39:48 | INFO     | LEVI: Initializing Voice Output (edge-tts)
2026-05-03 00:39:48 | INFO     | LEVI: Voice Output ready - Voice: en-US-GuyNeural
2026-05-03 00:39:48 | INFO     | LEVI: ✓ Core Loop initialized successfully
2026-05-03 00:39:48 | INFO     | LEVI: Starting continuous speech recognition...
2026-05-03 00:39:48 | INFO     | LEVI: 🎙️  LEVI is now listening...
2026-05-03 00:39:48 | INFO     | LEVI: 🔊 Speaking: Hello! I'm LEVI, your virtual assistant. I'm ready to listen....
2026-05-03 00:39:48 | INFO     | LEVI: Microphone stream opened
2026-05-03 00:39:48 | DEBUG    | LEVI: Captured 8000 samples, buffer length 8000, queue size -
2026-05-03 00:39:48 | DEBUG    | LEVI: Audio energy (last 0.8s): 0.002332 (threshold: 0.0075)
2026-05-03 00:39:48 | DEBUG    | LEVI: Audio energy (last 0.8s): 0.002332 (threshold: 0.0075)
2026-05-03 00:39:48 | DEBUG    | LEVI: Audio energy (last 0.8s): 0.002332 (threshold: 0.0075)
2026-05-03 00:39:48 | DEBUG    | LEVI: Audio energy (last 0.8s): 0.002332 (threshold: 0.0075)
2026-05-03 00:39:48 | DEBUG    | LEVI: Audio energy (last 0.8s): 0.002332 (threshold: 0.0075)
2026-05-03 00:39:49 | DEBUG    | LEVI: Audio energy (last 0.8s): 0.002332 (threshold: 0.0075)
2026-05-03 00:39:49 | DEBUG    | LEVI: Audio energy (last 0.8s): 0.002332 (threshold: 0.0075)
2026-05-03 00:39:49 | DEBUG    | LEVI: Audio energy (last 0.8s): 0.002332 (threshold: 0.0075)
2026-05-03 00:39:49 | DEBUG    | LEVI: Captured 8000 samples, buffer length 16000, queue size -
2026-05-03 00:39:49 | DEBUG    | LEVI: Audio energy (last 0.8s): 0.001517 (threshold: 0.0075)
2026-05-03 00:39:49 | DEBUG    | LEVI: Audio energy (last 0.8s): 0.001517 (threshold: 0.0075)
2026-05-03 00:39:49 | DEBUG    | LEVI: Audio energy (last 0.8s): 0.001517 (threshold: 0.0075)
2026-05-03 00:39:49 | DEBUG    | LEVI: Audio energy (last 0.8s): 0.001517 (threshold: 0.0075)
2026-05-03 00:39:49 | DEBUG    | LEVI: Audio energy (last 0.8s): 0.001517 (threshold: 0.0075)
2026-05-03 00:39:49 | DEBUG    | LEVI: Audio energy (last 0.8s): 0.001517 (threshold: 0.0075)
2026-05-03 00:39:49 | DEBUG    | LEVI: Audio energy (last 0.8s): 0.001517 (threshold: 0.0075)
2026-05-03 00:39:49 | DEBUG    | LEVI: Audio energy (last 0.8s): 0.001517 (threshold: 0.0075)
2026-05-03 00:39:49 | DEBUG    | LEVI: Captured 8000 samples, buffer length 24000, queue size -
2026-05-03 00:39:49 | DEBUG    | LEVI: Audio energy (last 0.8s): 0.000056 (threshold: 0.0075)
2026-05-03 00:39:49 | DEBUG    | LEVI: Audio energy (last 0.8s): 0.000056 (threshold: 0.0075)
2026-05-03 00:39:49 | DEBUG    | LEVI: Audio energy (last 0.8s): 0.000056 (threshold: 0.0075)
2026-05-03 00:39:49 | DEBUG    | LEVI: Audio energy (last 0.8s): 0.000056 (threshold: 0.0075)
2026-05-03 00:39:50 | DEBUG    | LEVI: Audio energy (last 0.8s): 0.000056 (threshold: 0.0075)
2026-05-03 00:39:50 | DEBUG    | LEVI: Audio energy (last 0.8s): 0.000056 (threshold: 0.0075)
2026-05-03 00:39:50 | DEBUG    | LEVI: Audio energy (last 0.8s): 0.000056 (threshold: 0.0075)
2026-05-03 00:39:50 | DEBUG    | LEVI: Audio energy (last 0.8s): 0.000056 (threshold: 0.0075)
2026-05-03 00:39:50 | DEBUG    | LEVI: Captured 8000 samples, buffer length 32000, queue size -
2026-05-03 00:39:50 | DEBUG    | LEVI: Audio energy (last 0.8s): 0.000106 (threshold: 0.0075)
2026-05-03 00:39:50 | DEBUG    | LEVI: Audio energy (last 0.8s): 0.000106 (threshold: 0.0075)
2026-05-03 00:39:50 | DEBUG    | LEVI: Audio energy (last 0.8s): 0.000106 (threshold: 0.0075)
2026-05-03 00:39:50 | DEBUG    | LEVI: Audio energy (last 0.8s): 0.000106 (threshold: 0.0075)
2026-05-03 00:39:50 | DEBUG    | LEVI: Audio energy (last 0.8s): 0.000106 (threshold: 0.0075)
2026-05-03 00:39:50 | DEBUG    | LEVI: Audio energy (last 0.8s): 0.000106 (threshold: 0.0075)
2026-05-03 00:39:50 | DEBUG    | LEVI: Audio energy (last 0.8s): 0.000106 (threshold: 0.0075)
2026-05-03 00:39:50 | DEBUG    | LEVI: Audio energy (last 0.8s): 0.000106 (threshold: 0.0075)
2026-05-03 00:39:50 | DEBUG    | LEVI: Captured 8000 samples, buffer length 40000, queue size -
2026-05-03 00:39:50 | DEBUG    | LEVI: Audio energy (last 0.8s): 0.000059 (threshold: 0.0075)
2026-05-03 00:39:50 | DEBUG    | LEVI: Audio energy (last 0.8s): 0.000059 (threshold: 0.0075)
2026-05-03 00:39:50 | DEBUG    | LEVI: Audio energy (last 0.8s): 0.000059 (threshold: 0.0075)
2026-05-03 00:39:50 | DEBUG    | LEVI: Audio energy (last 0.8s): 0.000059 (threshold: 0.0075)
2026-05-03 00:39:51 | DEBUG    | LEVI: Audio energy (last 0.8s): 0.000059 (threshold: 0.0075)
2026-05-03 00:39:51 | DEBUG    | LEVI: Audio energy (last 0.8s): 0.000059 (threshold: 0.0075)
2026-05-03 00:39:51 | DEBUG    | LEVI: Audio energy (last 0.8s): 0.000059 (threshold: 0.0075)
2026-05-03 00:39:51 | DEBUG    | LEVI: Audio energy (last 0.8s): 0.000059 (threshold: 0.0075)
2026-05-03 00:39:51 | DEBUG    | LEVI: Captured 8000 samples, buffer length 48000, queue size -
2026-05-03 00:39:51 | DEBUG    | LEVI: Audio energy (last 0.8s): 0.000044 (threshold: 0.0075)
2026-05-03 00:39:51 | DEBUG    | LEVI: Audio energy (last 0.8s): 0.000044 (threshold: 0.0075)
2026-05-03 00:39:51 | DEBUG    | LEVI: Audio energy (last 0.8s): 0.000044 (threshold: 0.0075)
2026-05-03 00:39:51 | DEBUG    | LEVI: Audio energy (last 0.8s): 0.000044 (threshold: 0.0075)
2026-05-03 00:39:51 | DEBUG    | LEVI: Audio energy (last 0.8s): 0.000044 (threshold: 0.0075)
2026-05-03 00:39:51 | DEBUG    | LEVI: Audio energy (last 0.8s): 0.000044 (threshold: 0.0075)
2026-05-03 00:39:51 | DEBUG    | LEVI: Audio energy (last 0.8s): 0.000044 (threshold: 0.0075)
2026-05-03 00:39:51 | DEBUG    | LEVI: Audio energy (last 0.8s): 0.000044 (threshold: 0.0075)
2026-05-03 00:39:51 | DEBUG    | LEVI: Captured 8000 samples, buffer length 56000, queue size -
2026-05-03 00:39:51 | DEBUG    | LEVI: Audio energy (last 0.8s): 0.000572 (threshold: 0.0075)
2026-05-03 00:39:51 | DEBUG    | LEVI: Audio energy (last 0.8s): 0.000572 (threshold: 0.0075)
2026-05-03 00:39:51 | DEBUG    | LEVI: Audio energy (last 0.8s): 0.000572 (threshold: 0.0075)
2026-05-03 00:39:51 | DEBUG    | LEVI: Audio energy (last 0.8s): 0.000572 (threshold: 0.0075)
2026-05-03 00:39:52 | DEBUG    | LEVI: Audio energy (last 0.8s): 0.000572 (threshold: 0.0075)
2026-05-03 00:39:52 | DEBUG    | LEVI: Audio energy (last 0.8s): 0.000572 (threshold: 0.0075)
2026-05-03 00:39:52 | DEBUG    | LEVI: Audio energy (last 0.8s): 0.000572 (threshold: 0.0075)
2026-05-03 00:39:52 | DEBUG    | LEVI: Audio energy (last 0.8s): 0.000572 (threshold: 0.0075)
2026-05-03 00:39:52 | DEBUG    | LEVI: Captured 8000 samples, buffer length 64000, queue size -
2026-05-03 00:39:52 | DEBUG    | LEVI: Audio energy (last 0.8s): 0.001893 (threshold: 0.0075)
2026-05-03 00:39:52 | DEBUG    | LEVI: Audio energy (last 0.8s): 0.001893 (threshold: 0.0075)
2026-05-03 00:39:52 | DEBUG    | LEVI: Audio energy (last 0.8s): 0.001893 (threshold: 0.0075)
2026-05-03 00:39:52 | DEBUG    | LEVI: Audio energy (last 0.8s): 0.001893 (threshold: 0.0075)
2026-05-03 00:39:52 | DEBUG    | LEVI: Audio energy (last 0.8s): 0.001893 (threshold: 0.0075)
2026-05-03 00:39:52 | DEBUG    | LEVI: Audio energy (last 0.8s): 0.001893 (threshold: 0.0075)
2026-05-03 00:39:52 | DEBUG    | LEVI: Audio energy (last 0.8s): 0.001893 (threshold: 0.0075)
2026-05-03 00:39:52 | DEBUG    | LEVI: Audio energy (last 0.8s): 0.001893 (threshold: 0.0075)
2026-05-03 00:39:52 | DEBUG    | LEVI: Captured 8000 samples, buffer length 72000, queue size -
2026-05-03 00:39:52 | DEBUG    | LEVI: Audio energy (last 0.8s): 0.001635 (threshold: 0.0075)
2026-05-03 00:39:52 | DEBUG    | LEVI: Audio energy (last 0.8s): 0.001635 (threshold: 0.0075)
2026-05-03 00:39:52 | DEBUG    | LEVI: Audio energy (last 0.8s): 0.001635 (threshold: 0.0075)
2026-05-03 00:39:52 | DEBUG    | LEVI: Audio energy (last 0.8s): 0.001635 (threshold: 0.0075)
2026-05-03 00:39:53 | DEBUG    | LEVI: Audio energy (last 0.8s): 0.001635 (threshold: 0.0075)
2026-05-03 00:39:53 | DEBUG    | LEVI: Audio energy (last 0.8s): 0.001635 (threshold: 0.0075)
2026-05-03 00:39:53 | DEBUG    | LEVI: Audio energy (last 0.8s): 0.001635 (threshold: 0.0075)
2026-05-03 00:39:53 | DEBUG    | LEVI: Audio energy (last 0.8s): 0.001635 (threshold: 0.0075)
2026-05-03 00:39:53 | DEBUG    | LEVI: Captured 8000 samples, buffer length 80000, queue size -
2026-05-03 00:39:53 | DEBUG    | LEVI: Audio energy (last 0.8s): 0.000041 (threshold: 0.0075)
2026-05-03 00:39:53 | DEBUG    | LEVI: Audio energy (last 0.8s): 0.000041 (threshold: 0.0075)
2026-05-03 00:39:53 | DEBUG    | LEVI: Audio energy (last 0.8s): 0.000041 (threshold: 0.0075)
2026-05-03 00:39:53 | DEBUG    | LEVI: Audio energy (last 0.8s): 0.000041 (threshold: 0.0075)
2026-05-03 00:39:53 | DEBUG    | LEVI: Audio energy (last 0.8s): 0.000041 (threshold: 0.0075)
2026-05-03 00:39:53 | DEBUG    | LEVI: Audio energy (last 0.8s): 0.000041 (threshold: 0.0075)
2026-05-03 00:39:53 | DEBUG    | LEVI: Audio energy (last 0.8s): 0.000041 (threshold: 0.0075)
2026-05-03 00:39:53 | DEBUG    | LEVI: Audio energy (last 0.8s): 0.000041 (threshold: 0.0075)
2026-05-03 00:39:53 | DEBUG    | LEVI: Captured 8000 samples, buffer length 88000, queue size -
2026-05-03 00:39:53 | DEBUG    | LEVI: Audio energy (last 0.8s): 0.000029 (threshold: 0.0075)
2026-05-03 00:39:53 | DEBUG    | LEVI: Audio energy (last 0.8s): 0.000029 (threshold: 0.0075)
2026-05-03 00:39:53 | DEBUG    | LEVI: Audio energy (last 0.8s): 0.000029 (threshold: 0.0075)
2026-05-03 00:39:53 | DEBUG    | LEVI: Audio energy (last 0.8s): 0.000029 (threshold: 0.0075)
2026-05-03 00:39:54 | DEBUG    | LEVI: Audio energy (last 0.8s): 0.000029 (threshold: 0.0075)
2026-05-03 00:39:54 | DEBUG    | LEVI: Audio energy (last 0.8s): 0.000029 (threshold: 0.0075)
2026-05-03 00:39:54 | DEBUG    | LEVI: Audio energy (last 0.8s): 0.000029 (threshold: 0.0075)
2026-05-03 00:39:54 | DEBUG    | LEVI: Audio energy (last 0.8s): 0.000029 (threshold: 0.0075)
2026-05-03 00:39:54 | DEBUG    | LEVI: Captured 8000 samples, buffer length 96000, queue size -
2026-05-03 00:39:54 | DEBUG    | LEVI: Audio energy (last 0.8s): 0.000122 (threshold: 0.0075)
2026-05-03 00:39:54 | DEBUG    | LEVI: Audio energy (last 0.8s): 0.000122 (threshold: 0.0075)
2026-05-03 00:39:54 | DEBUG    | LEVI: Audio energy (last 0.8s): 0.000122 (threshold: 0.0075)
2026-05-03 00:39:54 | DEBUG    | LEVI: Audio energy (last 0.8s): 0.000122 (threshold: 0.0075)
2026-05-03 00:39:54 | DEBUG    | LEVI: Audio energy (last 0.8s): 0.000122 (threshold: 0.0075)
2026-05-03 00:39:54 | DEBUG    | LEVI: Audio energy (last 0.8s): 0.000122 (threshold: 0.0075)
2026-05-03 00:39:54 | DEBUG    | LEVI: Audio energy (last 0.8s): 0.000122 (threshold: 0.0075)
2026-05-03 00:39:54 | DEBUG    | LEVI: Audio energy (last 0.8s): 0.000122 (threshold: 0.0075)
2026-05-03 00:39:54 | DEBUG    | LEVI: Captured 8000 samples, buffer length 104000, queue size -
2026-05-03 00:39:54 | DEBUG    | LEVI: Audio energy (last 0.8s): 0.000091 (threshold: 0.0075)
2026-05-03 00:39:54 | DEBUG    | LEVI: Audio energy (last 0.8s): 0.000091 (threshold: 0.0075)
2026-05-03 00:39:54 | DEBUG    | LEVI: Audio energy (last 0.8s): 0.000091 (threshold: 0.0075)
2026-05-03 00:39:54 | DEBUG    | LEVI: Audio energy (last 0.8s): 0.000091 (threshold: 0.0075)
2026-05-03 00:39:55 | DEBUG    | LEVI: Audio energy (last 0.8s): 0.000091 (threshold: 0.0075)
2026-05-03 00:39:55 | DEBUG    | LEVI: Audio energy (last 0.8s): 0.000091 (threshold: 0.0075)
2026-05-03 00:39:55 | DEBUG    | LEVI: Audio energy (last 0.8s): 0.000091 (threshold: 0.0075)
2026-05-03 00:39:55 | DEBUG    | LEVI: Audio energy (last 0.8s): 0.000091 (threshold: 0.0075)
2026-05-03 00:39:55 | DEBUG    | LEVI: Captured 8000 samples, buffer length 112000, queue size -
2026-05-03 00:39:55 | DEBUG    | LEVI: Audio energy (last 0.8s): 0.000017 (threshold: 0.0075)
2026-05-03 00:39:55 | DEBUG    | LEVI: Audio energy (last 0.8s): 0.000017 (threshold: 0.0075)
2026-05-03 00:39:55 | DEBUG    | LEVI: Audio energy (last 0.8s): 0.000017 (threshold: 0.0075)
2026-05-03 00:39:55 | DEBUG    | LEVI: Audio energy (last 0.8s): 0.000017 (threshold: 0.0075)
2026-05-03 00:39:55 | DEBUG    | LEVI: Audio energy (last 0.8s): 0.000017 (threshold: 0.0075)
2026-05-03 00:39:55 | DEBUG    | LEVI: Audio energy (last 0.8s): 0.000017 (threshold: 0.0075)
2026-05-03 00:39:55 | DEBUG    | LEVI: Audio energy (last 0.8s): 0.000017 (threshold: 0.0075)
2026-05-03 00:39:55 | DEBUG    | LEVI: Audio energy (last 0.8s): 0.000017 (threshold: 0.0075)
2026-05-03 00:39:55 | DEBUG    | LEVI: Captured 8000 samples, buffer length 120000, queue size -
2026-05-03 00:39:55 | DEBUG    | LEVI: Audio energy (last 0.8s): 0.000039 (threshold: 0.0075)
2026-05-03 00:39:55 | DEBUG    | LEVI: Audio energy (last 0.8s): 0.000039 (threshold: 0.0075)
2026-05-03 00:39:55 | DEBUG    | LEVI: Audio energy (last 0.8s): 0.000039 (threshold: 0.0075)
2026-05-03 00:39:55 | DEBUG    | LEVI: Audio energy (last 0.8s): 0.000039 (threshold: 0.0075)
2026-05-03 00:39:56 | DEBUG    | LEVI: Audio energy (last 0.8s): 0.000039 (threshold: 0.0075)
2026-05-03 00:39:56 | DEBUG    | LEVI: Audio energy (last 0.8s): 0.000039 (threshold: 0.0075)
2026-05-03 00:39:56 | DEBUG    | LEVI: Audio energy (last 0.8s): 0.000039 (threshold: 0.0075)
2026-05-03 00:39:56 | DEBUG    | LEVI: Audio energy (last 0.8s): 0.000039 (threshold: 0.0075)
2026-05-03 00:39:56 | DEBUG    | LEVI: Captured 8000 samples, buffer length 128000, queue size -
2026-05-03 00:39:56 | DEBUG    | LEVI: Audio energy (last 0.8s): 0.000099 (threshold: 0.0075)
2026-05-03 00:39:56 | DEBUG    | LEVI: Audio energy (last 0.8s): 0.000099 (threshold: 0.0075)
2026-05-03 00:39:56 | DEBUG    | LEVI: Audio energy (last 0.8s): 0.000099 (threshold: 0.0075)
2026-05-03 00:39:56 | DEBUG    | LEVI: Audio energy (last 0.8s): 0.000099 (threshold: 0.0075)
2026-05-03 00:39:56 | DEBUG    | LEVI: Audio energy (last 0.8s): 0.000099 (threshold: 0.0075)
2026-05-03 00:39:56 | DEBUG    | LEVI: Audio energy (last 0.8s): 0.000099 (threshold: 0.0075)
2026-05-03 00:39:56 | DEBUG    | LEVI: Audio energy (last 0.8s): 0.000099 (threshold: 0.0075)
2026-05-03 00:39:56 | DEBUG    | LEVI: Audio energy (last 0.8s): 0.000099 (threshold: 0.0075)
2026-05-03 00:39:56 | DEBUG    | LEVI: Captured 8000 samples, buffer length 136000, queue size -
2026-05-03 00:39:56 | DEBUG    | LEVI: Audio energy (last 0.8s): 0.000099 (threshold: 0.0075)
2026-05-03 00:39:56 | DEBUG    | LEVI: Audio energy (last 0.8s): 0.000099 (threshold: 0.0075)
2026-05-03 00:39:56 | DEBUG    | LEVI: Audio energy (last 0.8s): 0.000099 (threshold: 0.0075)
2026-05-03 00:39:56 | DEBUG    | LEVI: Audio energy (last 0.8s): 0.000099 (threshold: 0.0075)
2026-05-03 00:39:57 | DEBUG    | LEVI: Audio energy (last 0.8s): 0.000099 (threshold: 0.0075)
2026-05-03 00:39:57 | DEBUG    | LEVI: Audio energy (last 0.8s): 0.000099 (threshold: 0.0075)
2026-05-03 00:39:57 | DEBUG    | LEVI: Audio energy (last 0.8s): 0.000099 (threshold: 0.0075)
2026-05-03 00:39:57 | DEBUG    | LEVI: Audio energy (last 0.8s): 0.000099 (threshold: 0.0075)
2026-05-03 00:39:57 | DEBUG    | LEVI: Captured 8000 samples, buffer length 144000, queue size -
2026-05-03 00:39:57 | DEBUG    | LEVI: Audio energy (last 0.8s): 0.008768 (threshold: 0.0075)
2026-05-03 00:39:57 | DEBUG    | LEVI: Speech started (energy: 0.0088)
2026-05-03 00:39:57 | DEBUG    | LEVI: Audio energy (last 0.8s): 0.008768 (threshold: 0.0075)
2026-05-03 00:39:57 | DEBUG    | LEVI: Audio energy (last 0.8s): 0.008768 (threshold: 0.0075)
2026-05-03 00:39:57 | DEBUG    | LEVI: Audio energy (last 0.8s): 0.008768 (threshold: 0.0075)
2026-05-03 00:39:57 | DEBUG    | LEVI: Audio energy (last 0.8s): 0.008768 (threshold: 0.0075)
2026-05-03 00:39:57 | DEBUG    | LEVI: Audio energy (last 0.8s): 0.008768 (threshold: 0.0075)
2026-05-03 00:39:57 | DEBUG    | LEVI: Audio energy (last 0.8s): 0.008768 (threshold: 0.0075)
2026-05-03 00:39:57 | DEBUG    | LEVI: Audio energy (last 0.8s): 0.008768 (threshold: 0.0075)
2026-05-03 00:39:57 | DEBUG    | LEVI: Captured 8000 samples, buffer length 152000, queue size -
2026-05-03 00:39:57 | DEBUG    | LEVI: Audio energy (last 0.8s): 0.016891 (threshold: 0.0075)
2026-05-03 00:39:57 | DEBUG    | LEVI: Audio energy (last 0.8s): 0.016891 (threshold: 0.0075)
2026-05-03 00:39:57 | DEBUG    | LEVI: Audio energy (last 0.8s): 0.016891 (threshold: 0.0075)
2026-05-03 00:39:57 | DEBUG    | LEVI: Audio energy (last 0.8s): 0.016891 (threshold: 0.0075)
2026-05-03 00:39:58 | DEBUG    | LEVI: Audio energy (last 0.8s): 0.016891 (threshold: 0.0075)
2026-05-03 00:39:58 | DEBUG    | LEVI: Audio energy (last 0.8s): 0.016891 (threshold: 0.0075)
2026-05-03 00:39:58 | DEBUG    | LEVI: Audio energy (last 0.8s): 0.016891 (threshold: 0.0075)
2026-05-03 00:39:58 | DEBUG    | LEVI: Audio energy (last 0.8s): 0.016891 (threshold: 0.0075)
2026-05-03 00:39:58 | DEBUG    | LEVI: Captured 8000 samples, buffer length 160000, queue size -
2026-05-03 00:39:58 | DEBUG    | LEVI: Audio energy (last 0.8s): 0.014525 (threshold: 0.0075)
2026-05-03 00:39:58 | DEBUG    | LEVI: Audio energy (last 0.8s): 0.014525 (threshold: 0.0075)
2026-05-03 00:39:58 | DEBUG    | LEVI: Audio energy (last 0.8s): 0.014525 (threshold: 0.0075)
2026-05-03 00:39:58 | DEBUG    | LEVI: Audio energy (last 0.8s): 0.014525 (threshold: 0.0075)
2026-05-03 00:39:58 | DEBUG    | LEVI: Audio energy (last 0.8s): 0.014525 (threshold: 0.0075)
2026-05-03 00:39:58 | DEBUG    | LEVI: Audio energy (last 0.8s): 0.014525 (threshold: 0.0075)
2026-05-03 00:39:58 | DEBUG    | LEVI: Audio energy (last 0.8s): 0.014525 (threshold: 0.0075)
2026-05-03 00:39:58 | DEBUG    | LEVI: Audio energy (last 0.8s): 0.014525 (threshold: 0.0075)
2026-05-03 00:39:58 | DEBUG    | LEVI: Captured 8000 samples, buffer length 168000, queue size -
2026-05-03 00:39:58 | DEBUG    | LEVI: Audio energy (last 0.8s): 0.003469 (threshold: 0.0075)
2026-05-03 00:39:58 | DEBUG    | LEVI: Silence detected (0.50s), transcribing...
2026-05-03 00:39:58 | INFO     | LEVI: Transcribing audio...
2026-05-03 00:39:58 | ERROR    | LEVI: Error during transcription: Library cublas64_12.dll is not found or cannot be loaded
2026-05-03 00:39:59 | DEBUG    | LEVI: Captured 8000 samples, buffer length 8000, queue size -
2026-05-03 00:39:59 | DEBUG    | LEVI: Audio energy (last 0.8s): 0.000054 (threshold: 0.0075)
2026-05-03 00:39:59 | DEBUG    | LEVI: Audio energy (last 0.8s): 0.000054 (threshold: 0.0075)
2026-05-03 00:39:59 | DEBUG    | LEVI: Audio energy (last 0.8s): 0.000054 (threshold: 0.0075)
2026-05-03 00:39:59 | DEBUG    | LEVI: Audio energy (last 0.8s): 0.000054 (threshold: 0.0075)
2026-05-03 00:39:59 | DEBUG    | LEVI: Audio energy (last 0.8s): 0.000054 (threshold: 0.0075)
2026-05-03 00:39:59 | DEBUG    | LEVI: Audio energy (last 0.8s): 0.000054 (threshold: 0.0075)
2026-05-03 00:39:59 | DEBUG    | LEVI: Audio energy (last 0.8s): 0.000054 (threshold: 0.0075)
2026-05-03 00:39:59 | DEBUG    | LEVI: Audio energy (last 0.8s): 0.000054 (threshold: 0.0075)
2026-05-03 00:39:59 | DEBUG    | LEVI: Captured 8000 samples, buffer length 16000, queue size -
2026-05-03 00:39:59 | DEBUG    | LEVI: Audio energy (last 0.8s): 0.000052 (threshold: 0.0075)
2026-05-03 00:39:59 | DEBUG    | LEVI: Audio energy (last 0.8s): 0.000052 (threshold: 0.0075)
2026-05-03 00:39:59 | DEBUG    | LEVI: Audio energy (last 0.8s): 0.000052 (threshold: 0.0075)
2026-05-03 00:39:59 | DEBUG    | LEVI: Audio energy (last 0.8s): 0.000052 (threshold: 0.0075)
2026-05-03 00:40:00 | DEBUG    | LEVI: Audio energy (last 0.8s): 0.000052 (threshold: 0.0075)
2026-05-03 00:40:00 | DEBUG    | LEVI: Audio energy (last 0.8s): 0.000052 (threshold: 0.0075)
2026-05-03 00:40:00 | DEBUG    | LEVI: Audio energy (last 0.8s): 0.000052 (threshold: 0.0075)
2026-05-03 00:40:00 | DEBUG    | LEVI: Audio energy (last 0.8s): 0.000052 (threshold: 0.0075)
2026-05-03 00:40:00 | DEBUG    | LEVI: Captured 8000 samples, buffer length 24000, queue size -
2026-05-03 00:40:00 | DEBUG    | LEVI: Audio energy (last 0.8s): 0.000056 (threshold: 0.0075)
2026-05-03 00:40:00 | DEBUG    | LEVI: Audio energy (last 0.8s): 0.000056 (threshold: 0.0075)
2026-05-03 00:40:00 | DEBUG    | LEVI: Audio energy (last 0.8s): 0.000056 (threshold: 0.0075)
2026-05-03 00:40:00 | DEBUG    | LEVI: Audio energy (last 0.8s): 0.000056 (threshold: 0.0075)
2026-05-03 00:40:00 | DEBUG    | LEVI: Audio energy (last 0.8s): 0.000056 (threshold: 0.0075)
2026-05-03 00:40:00 | DEBUG    | LEVI: Audio energy (last 0.8s): 0.000056 (threshold: 0.0075)
2026-05-03 00:40:00 | DEBUG    | LEVI: Audio energy (last 0.8s): 0.000056 (threshold: 0.0075)
2026-05-03 00:40:00 | DEBUG    | LEVI: Audio energy (last 0.8s): 0.000056 (threshold: 0.0075)
2026-05-03 00:40:00 | DEBUG    | LEVI: Captured 8000 samples, buffer length 32000, queue size -
2026-05-03 00:40:00 | DEBUG    | LEVI: Audio energy (last 0.8s): 0.000044 (threshold: 0.0075)
2026-05-03 00:40:00 | DEBUG    | LEVI: Audio energy (last 0.8s): 0.000044 (threshold: 0.0075)
2026-05-03 00:40:00 | DEBUG    | LEVI: Audio energy (last 0.8s): 0.000044 (threshold: 0.0075)
2026-05-03 00:40:00 | DEBUG    | LEVI: Audio energy (last 0.8s): 0.000044 (threshold: 0.0075)
2026-05-03 00:40:01 | DEBUG    | LEVI: Audio energy (last 0.8s): 0.000044 (threshold: 0.0075)
2026-05-03 00:40:01 | DEBUG    | LEVI: Audio energy (last 0.8s): 0.000044 (threshold: 0.0075)
2026-05-03 00:40:01 | DEBUG    | LEVI: Audio energy (last 0.8s): 0.000044 (threshold: 0.0075)
2026-05-03 00:40:01 | DEBUG    | LEVI: Audio energy (last 0.8s): 0.000044 (threshold: 0.0075)
2026-05-03 00:40:01 | DEBUG    | LEVI: Captured 8000 samples, buffer length 40000, queue size -
2026-05-03 00:40:01 | DEBUG    | LEVI: Audio energy (last 0.8s): 0.000040 (threshold: 0.0075)
2026-05-03 00:40:01 | DEBUG    | LEVI: Audio energy (last 0.8s): 0.000040 (threshold: 0.0075)
2026-05-03 00:40:01 | DEBUG    | LEVI: Audio energy (last 0.8s): 0.000040 (threshold: 0.0075)
2026-05-03 00:40:01 | DEBUG    | LEVI: Audio energy (last 0.8s): 0.000040 (threshold: 0.0075)
2026-05-03 00:40:01 | DEBUG    | LEVI: Audio energy (last 0.8s): 0.000040 (threshold: 0.0075)
2026-05-03 00:40:01 | DEBUG    | LEVI: Audio energy (last 0.8s): 0.000040 (threshold: 0.0075)
2026-05-03 00:40:01 | DEBUG    | LEVI: Audio energy (last 0.8s): 0.000040 (threshold: 0.0075)
2026-05-03 00:40:01 | DEBUG    | LEVI: Audio energy (last 0.8s): 0.000040 (threshold: 0.0075)
2026-05-03 00:40:01 | DEBUG    | LEVI: Captured 8000 samples, buffer length 48000, queue size -
2026-05-03 00:40:01 | DEBUG    | LEVI: Audio energy (last 0.8s): 0.000039 (threshold: 0.0075)
2026-05-03 00:40:01 | DEBUG    | LEVI: Audio energy (last 0.8s): 0.000039 (threshold: 0.0075)
2026-05-03 00:40:01 | DEBUG    | LEVI: Audio energy (last 0.8s): 0.000039 (threshold: 0.0075)
2026-05-03 00:40:01 | DEBUG    | LEVI: Audio energy (last 0.8s): 0.000039 (threshold: 0.0075)
2026-05-03 00:40:02 | DEBUG    | LEVI: Audio energy (last 0.8s): 0.000039 (threshold: 0.0075)
2026-05-03 00:40:02 | DEBUG    | LEVI: Audio energy (last 0.8s): 0.000039 (threshold: 0.0075)
2026-05-03 00:40:02 | DEBUG    | LEVI: Audio energy (last 0.8s): 0.000039 (threshold: 0.0075)
2026-05-03 00:40:02 | DEBUG    | LEVI: Audio energy (last 0.8s): 0.000039 (threshold: 0.0075)
2026-05-03 00:40:02 | DEBUG    | LEVI: Captured 8000 samples, buffer length 56000, queue size -
2026-05-03 00:40:02 | DEBUG    | LEVI: Audio energy (last 0.8s): 0.002079 (threshold: 0.0075)
2026-05-03 00:40:02 | DEBUG    | LEVI: Audio energy (last 0.8s): 0.002079 (threshold: 0.0075)
2026-05-03 00:40:02 | DEBUG    | LEVI: Audio energy (last 0.8s): 0.002079 (threshold: 0.0075)
2026-05-03 00:40:02 | DEBUG    | LEVI: Audio energy (last 0.8s): 0.002079 (threshold: 0.0075)
2026-05-03 00:40:02 | DEBUG    | LEVI: Audio energy (last 0.8s): 0.002079 (threshold: 0.0075)
2026-05-03 00:40:02 | DEBUG    | LEVI: Audio energy (last 0.8s): 0.002079 (threshold: 0.0075)
2026-05-03 00:40:02 | DEBUG    | LEVI: Audio energy (last 0.8s): 0.002079 (threshold: 0.0075)
2026-05-03 00:40:02 | DEBUG    | LEVI: Audio energy (last 0.8s): 0.002079 (threshold: 0.0075)
2026-05-03 00:40:02 | DEBUG    | LEVI: Captured 8000 samples, buffer length 64000, queue size -
2026-05-03 00:40:02 | DEBUG    | LEVI: Audio energy (last 0.8s): 0.002927 (threshold: 0.0075)
2026-05-03 00:40:02 | DEBUG    | LEVI: Audio energy (last 0.8s): 0.002927 (threshold: 0.0075)
2026-05-03 00:40:02 | DEBUG    | LEVI: Audio energy (last 0.8s): 0.002927 (threshold: 0.0075)
2026-05-03 00:40:02 | DEBUG    | LEVI: Audio energy (last 0.8s): 0.002927 (threshold: 0.0075)
2026-05-03 00:40:03 | DEBUG    | LEVI: Audio energy (last 0.8s): 0.002927 (threshold: 0.0075)
2026-05-03 00:40:03 | DEBUG    | LEVI: Audio energy (last 0.8s): 0.002927 (threshold: 0.0075)
2026-05-03 00:40:03 | DEBUG    | LEVI: Audio energy (last 0.8s): 0.002927 (threshold: 0.0075)
2026-05-03 00:40:03 | DEBUG    | LEVI: Audio energy (last 0.8s): 0.002927 (threshold: 0.0075)
2026-05-03 00:40:03 | DEBUG    | LEVI: Captured 8000 samples, buffer length 72000, queue size -
2026-05-03 00:40:03 | DEBUG    | LEVI: Audio energy (last 0.8s): 0.002171 (threshold: 0.0075)
2026-05-03 00:40:03 | DEBUG    | LEVI: Audio energy (last 0.8s): 0.002171 (threshold: 0.0075)
2026-05-03 00:40:03 | DEBUG    | LEVI: Audio energy (last 0.8s): 0.002171 (threshold: 0.0075)
2026-05-03 00:40:03 | DEBUG    | LEVI: Audio energy (last 0.8s): 0.002171 (threshold: 0.0075)
2026-05-03 00:40:03 | DEBUG    | LEVI: Audio energy (last 0.8s): 0.002171 (threshold: 0.0075)
2026-05-03 00:40:03 | DEBUG    | LEVI: Audio energy (last 0.8s): 0.002171 (threshold: 0.0075)
2026-05-03 00:40:03 | DEBUG    | LEVI: Audio energy (last 0.8s): 0.002171 (threshold: 0.0075)
2026-05-03 00:40:03 | DEBUG    | LEVI: Audio energy (last 0.8s): 0.002171 (threshold: 0.0075)
2026-05-03 00:40:03 | DEBUG    | LEVI: Captured 8000 samples, buffer length 80000, queue size -
2026-05-03 00:40:03 | DEBUG    | LEVI: Audio energy (last 0.8s): 0.000436 (threshold: 0.0075)
2026-05-03 00:40:03 | DEBUG    | LEVI: Audio energy (last 0.8s): 0.000436 (threshold: 0.0075)
2026-05-03 00:40:03 | DEBUG    | LEVI: Audio energy (last 0.8s): 0.000436 (threshold: 0.0075)
2026-05-03 00:40:03 | DEBUG    | LEVI: Audio energy (last 0.8s): 0.000436 (threshold: 0.0075)
2026-05-03 00:40:04 | DEBUG    | LEVI: Audio energy (last 0.8s): 0.000436 (threshold: 0.0075)
2026-05-03 00:40:04 | DEBUG    | LEVI: Audio energy (last 0.8s): 0.000436 (threshold: 0.0075)
2026-05-03 00:40:04 | DEBUG    | LEVI: Audio energy (last 0.8s): 0.000436 (threshold: 0.0075)
2026-05-03 00:40:04 | DEBUG    | LEVI: Audio energy (last 0.8s): 0.000436 (threshold: 0.0075)
2026-05-03 00:40:04 | DEBUG    | LEVI: Captured 8000 samples, buffer length 88000, queue size -
2026-05-03 00:40:04 | DEBUG    | LEVI: Audio energy (last 0.8s): 0.002248 (threshold: 0.0075)
2026-05-03 00:40:04 | DEBUG    | LEVI: Audio energy (last 0.8s): 0.002248 (threshold: 0.0075)
2026-05-03 00:40:04 | DEBUG    | LEVI: Audio energy (last 0.8s): 0.002248 (threshold: 0.0075)
2026-05-03 00:40:04 | DEBUG    | LEVI: Audio energy (last 0.8s): 0.002248 (threshold: 0.0075)
2026-05-03 00:40:04 | DEBUG    | LEVI: Audio energy (last 0.8s): 0.002248 (threshold: 0.0075)
2026-05-03 00:40:04 | DEBUG    | LEVI: Audio energy (last 0.8s): 0.002248 (threshold: 0.0075)
2026-05-03 00:40:04 | DEBUG    | LEVI: Audio energy (last 0.8s): 0.002248 (threshold: 0.0075)
2026-05-03 00:40:04 | DEBUG    | LEVI: Audio energy (last 0.8s): 0.002248 (threshold: 0.0075)
2026-05-03 00:40:04 | DEBUG    | LEVI: Captured 8000 samples, buffer length 96000, queue size -
2026-05-03 00:40:04 | DEBUG    | LEVI: Audio energy (last 0.8s): 0.003015 (threshold: 0.0075)
2026-05-03 00:40:04 | DEBUG    | LEVI: Audio energy (last 0.8s): 0.003015 (threshold: 0.0075)
2026-05-03 00:40:04 | DEBUG    | LEVI: Audio energy (last 0.8s): 0.003015 (threshold: 0.0075)
2026-05-03 00:40:04 | DEBUG    | LEVI: Audio energy (last 0.8s): 0.003015 (threshold: 0.0075)
2026-05-03 00:40:05 | DEBUG    | LEVI: Audio energy (last 0.8s): 0.003015 (threshold: 0.0075)
2026-05-03 00:40:05 | DEBUG    | LEVI: Audio energy (last 0.8s): 0.003015 (threshold: 0.0075)
2026-05-03 00:40:05 | DEBUG    | LEVI: Audio energy (last 0.8s): 0.003015 (threshold: 0.0075)
2026-05-03 00:40:05 | DEBUG    | LEVI: Audio energy (last 0.8s): 0.003015 (threshold: 0.0075)
2026-05-03 00:40:05 | DEBUG    | LEVI: Captured 8000 samples, buffer length 104000, queue size -
2026-05-03 00:40:05 | DEBUG    | LEVI: Audio energy (last 0.8s): 0.002065 (threshold: 0.0075)
2026-05-03 00:40:05 | DEBUG    | LEVI: Audio energy (last 0.8s): 0.002065 (threshold: 0.0075)
2026-05-03 00:40:05 | DEBUG    | LEVI: Audio energy (last 0.8s): 0.002065 (threshold: 0.0075)
2026-05-03 00:40:05 | DEBUG    | LEVI: Audio energy (last 0.8s): 0.002065 (threshold: 0.0075)
2026-05-03 00:40:05 | DEBUG    | LEVI: Audio energy (last 0.8s): 0.002065 (threshold: 0.0075)
2026-05-03 00:40:05 | DEBUG    | LEVI: Audio energy (last 0.8s): 0.002065 (threshold: 0.0075)
2026-05-03 00:40:05 | DEBUG    | LEVI: Audio energy (last 0.8s): 0.002065 (threshold: 0.0075)
2026-05-03 00:40:05 | DEBUG    | LEVI: Audio energy (last 0.8s): 0.002065 (threshold: 0.0075)
2026-05-03 00:40:05 | DEBUG    | LEVI: Captured 8000 samples, buffer length 112000, queue size -
2026-05-03 00:40:05 | DEBUG    | LEVI: Audio energy (last 0.8s): 0.000200 (threshold: 0.0075)
2026-05-03 00:40:05 | DEBUG    | LEVI: Audio energy (last 0.8s): 0.000200 (threshold: 0.0075)
2026-05-03 00:40:05 | DEBUG    | LEVI: Audio energy (last 0.8s): 0.000200 (threshold: 0.0075)
2026-05-03 00:40:05 | DEBUG    | LEVI: Audio energy (last 0.8s): 0.000200 (threshold: 0.0075)
2026-05-03 00:40:06 | DEBUG    | LEVI: Audio energy (last 0.8s): 0.000200 (threshold: 0.0075)
2026-05-03 00:40:06 | DEBUG    | LEVI: Audio energy (last 0.8s): 0.000200 (threshold: 0.0075)
2026-05-03 00:40:06 | DEBUG    | LEVI: Audio energy (last 0.8s): 0.000200 (threshold: 0.0075)
2026-05-03 00:40:06 | DEBUG    | LEVI: Audio energy (last 0.8s): 0.000200 (threshold: 0.0075)
2026-05-03 00:40:06 | DEBUG    | LEVI: Captured 8000 samples, buffer length 120000, queue size -
2026-05-03 00:40:06 | DEBUG    | LEVI: Audio energy (last 0.8s): 0.000097 (threshold: 0.0075)
2026-05-03 00:40:06 | DEBUG    | LEVI: Audio energy (last 0.8s): 0.000097 (threshold: 0.0075)
2026-05-03 00:40:06 | DEBUG    | LEVI: Audio energy (last 0.8s): 0.000097 (threshold: 0.0075)
2026-05-03 00:40:06 | DEBUG    | LEVI: Audio energy (last 0.8s): 0.000097 (threshold: 0.0075)
2026-05-03 00:40:06 | DEBUG    | LEVI: Audio energy (last 0.8s): 0.000097 (threshold: 0.0075)
2026-05-03 00:40:06 | DEBUG    | LEVI: Audio energy (last 0.8s): 0.000097 (threshold: 0.0075)
2026-05-03 00:40:06 | DEBUG    | LEVI: Audio energy (last 0.8s): 0.000097 (threshold: 0.0075)
2026-05-03 00:40:06 | DEBUG    | LEVI: Audio energy (last 0.8s): 0.000097 (threshold: 0.0075)
2026-05-03 00:40:06 | DEBUG    | LEVI: Captured 8000 samples, buffer length 128000, queue size -
2026-05-03 00:40:06 | DEBUG    | LEVI: Audio energy (last 0.8s): 0.000115 (threshold: 0.0075)
2026-05-03 00:40:06 | DEBUG    | LEVI: Audio energy (last 0.8s): 0.000115 (threshold: 0.0075)
2026-05-03 00:40:06 | DEBUG    | LEVI: Audio energy (last 0.8s): 0.000115 (threshold: 0.0075)
2026-05-03 00:40:06 | DEBUG    | LEVI: Audio energy (last 0.8s): 0.000115 (threshold: 0.0075)
2026-05-03 00:40:07 | DEBUG    | LEVI: Audio energy (last 0.8s): 0.000115 (threshold: 0.0075)
2026-05-03 00:40:07 | DEBUG    | LEVI: Audio energy (last 0.8s): 0.000115 (threshold: 0.0075)
2026-05-03 00:40:07 | DEBUG    | LEVI: Audio energy (last 0.8s): 0.000115 (threshold: 0.0075)
2026-05-03 00:40:07 | DEBUG    | LEVI: Audio energy (last 0.8s): 0.000115 (threshold: 0.0075)
2026-05-03 00:40:07 | DEBUG    | LEVI: Captured 8000 samples, buffer length 136000, queue size -
2026-05-03 00:40:07 | DEBUG    | LEVI: Audio energy (last 0.8s): 0.000060 (threshold: 0.0075)
2026-05-03 00:40:07 | DEBUG    | LEVI: Audio energy (last 0.8s): 0.000060 (threshold: 0.0075)
2026-05-03 00:40:07 | DEBUG    | LEVI: Audio energy (last 0.8s): 0.000060 (threshold: 0.0075)
2026-05-03 00:40:07 | DEBUG    | LEVI: Audio energy (last 0.8s): 0.000060 (threshold: 0.0075)
2026-05-03 00:40:07 | DEBUG    | LEVI: Audio energy (last 0.8s): 0.000060 (threshold: 0.0075)
2026-05-03 00:40:07 | DEBUG    | LEVI: Audio energy (last 0.8s): 0.000060 (threshold: 0.0075)
2026-05-03 00:40:07 | DEBUG    | LEVI: Audio energy (last 0.8s): 0.000060 (threshold: 0.0075)
2026-05-03 00:40:07 | DEBUG    | LEVI: Audio energy (last 0.8s): 0.000060 (threshold: 0.0075)
2026-05-03 00:40:07 | DEBUG    | LEVI: Captured 8000 samples, buffer length 144000, queue size -
2026-05-03 00:40:07 | DEBUG    | LEVI: Audio energy (last 0.8s): 0.000052 (threshold: 0.0075)
2026-05-03 00:40:07 | DEBUG    | LEVI: Audio energy (last 0.8s): 0.000052 (threshold: 0.0075)
2026-05-03 00:40:07 | DEBUG    | LEVI: Audio energy (last 0.8s): 0.000052 (threshold: 0.0075)
2026-05-03 00:40:07 | DEBUG    | LEVI: Audio energy (last 0.8s): 0.000052 (threshold: 0.0075)
2026-05-03 00:40:08 | DEBUG    | LEVI: Audio energy (last 0.8s): 0.000052 (threshold: 0.0075)
2026-05-03 00:40:08 | DEBUG    | LEVI: Audio energy (last 0.8s): 0.000052 (threshold: 0.0075)
2026-05-03 00:40:08 | DEBUG    | LEVI: Audio energy (last 0.8s): 0.000052 (threshold: 0.0075)
2026-05-03 00:40:08 | DEBUG    | LEVI: Audio energy (last 0.8s): 0.000052 (threshold: 0.0075)
2026-05-03 00:40:08 | DEBUG    | LEVI: Captured 8000 samples, buffer length 152000, queue size -
2026-05-03 00:40:08 | DEBUG    | LEVI: Audio energy (last 0.8s): 0.000050 (threshold: 0.0075)
2026-05-03 00:40:08 | DEBUG    | LEVI: Audio energy (last 0.8s): 0.000050 (threshold: 0.0075)
2026-05-03 00:40:08 | DEBUG    | LEVI: Audio energy (last 0.8s): 0.000050 (threshold: 0.0075)
2026-05-03 00:40:08 | DEBUG    | LEVI: Audio energy (last 0.8s): 0.000050 (threshold: 0.0075)
2026-05-03 00:40:08 | DEBUG    | LEVI: Audio energy (last 0.8s): 0.000050 (threshold: 0.0075)
2026-05-03 00:40:08 | DEBUG    | LEVI: Audio energy (last 0.8s): 0.000050 (threshold: 0.0075)
2026-05-03 00:40:08 | DEBUG    | LEVI: Audio energy (last 0.8s): 0.000050 (threshold: 0.0075)
2026-05-03 00:40:08 | DEBUG    | LEVI: Audio energy (last 0.8s): 0.000050 (threshold: 0.0075)
2026-05-03 00:40:08 | DEBUG    | LEVI: Captured 8000 samples, buffer length 160000, queue size -
2026-05-03 00:40:08 | DEBUG    | LEVI: Audio energy (last 0.8s): 0.000044 (threshold: 0.0075)
2026-05-03 00:40:08 | DEBUG    | LEVI: Audio energy (last 0.8s): 0.000044 (threshold: 0.0075)
2026-05-03 00:40:08 | DEBUG    | LEVI: Audio energy (last 0.8s): 0.000044 (threshold: 0.0075)
2026-05-03 00:40:08 | DEBUG    | LEVI: Audio energy (last 0.8s): 0.000044 (threshold: 0.0075)
2026-05-03 00:40:09 | DEBUG    | LEVI: Audio energy (last 0.8s): 0.000044 (threshold: 0.0075)
2026-05-03 00:40:09 | DEBUG    | LEVI: Audio energy (last 0.8s): 0.000044 (threshold: 0.0075)
2026-05-03 00:40:09 | DEBUG    | LEVI: Audio energy (last 0.8s): 0.000044 (threshold: 0.0075)
2026-05-03 00:40:09 | DEBUG    | LEVI: Audio energy (last 0.8s): 0.000044 (threshold: 0.0075)
2026-05-03 00:40:09 | DEBUG    | LEVI: Captured 8000 samples, buffer length 168000, queue size -
2026-05-03 00:40:09 | DEBUG    | LEVI: Audio energy (last 0.8s): 0.000042 (threshold: 0.0075)
2026-05-03 00:40:09 | DEBUG    | LEVI: Audio energy (last 0.8s): 0.000042 (threshold: 0.0075)
2026-05-03 00:40:09 | DEBUG    | LEVI: Audio energy (last 0.8s): 0.000042 (threshold: 0.0075)
2026-05-03 00:40:09 | DEBUG    | LEVI: Audio energy (last 0.8s): 0.000042 (threshold: 0.0075)
2026-05-03 00:40:09 | DEBUG    | LEVI: Audio energy (last 0.8s): 0.000042 (threshold: 0.0075)
2026-05-03 00:40:09 | DEBUG    | LEVI: Audio energy (last 0.8s): 0.000042 (threshold: 0.0075)
2026-05-03 00:40:09 | DEBUG    | LEVI: Audio energy (last 0.8s): 0.000042 (threshold: 0.0075)
2026-05-03 00:40:09 | DEBUG    | LEVI: Audio energy (last 0.8s): 0.000042 (threshold: 0.0075)
2026-05-03 00:40:09 | DEBUG    | LEVI: Captured 8000 samples, buffer length 176000, queue size -
2026-05-03 00:40:09 | DEBUG    | LEVI: Audio energy (last 0.8s): 0.000039 (threshold: 0.0075)
2026-05-03 00:40:09 | DEBUG    | LEVI: Audio energy (last 0.8s): 0.000039 (threshold: 0.0075)
2026-05-03 00:40:09 | DEBUG    | LEVI: Audio energy (last 0.8s): 0.000039 (threshold: 0.0075)
2026-05-03 00:40:09 | DEBUG    | LEVI: Audio energy (last 0.8s): 0.000039 (threshold: 0.0075)
2026-05-03 00:40:10 | DEBUG    | LEVI: Audio energy (last 0.8s): 0.000039 (threshold: 0.0075)
2026-05-03 00:40:10 | DEBUG    | LEVI: Audio energy (last 0.8s): 0.000039 (threshold: 0.0075)
2026-05-03 00:40:10 | DEBUG    | LEVI: Audio energy (last 0.8s): 0.000039 (threshold: 0.0075)
2026-05-03 00:40:10 | DEBUG    | LEVI: Audio energy (last 0.8s): 0.000039 (threshold: 0.0075)
2026-05-03 00:40:10 | DEBUG    | LEVI: Captured 8000 samples, buffer length 184000, queue size -
2026-05-03 00:40:10 | DEBUG    | LEVI: Audio energy (last 0.8s): 0.000036 (threshold: 0.0075)
2026-05-03 00:40:10 | DEBUG    | LEVI: Audio energy (last 0.8s): 0.000036 (threshold: 0.0075)
2026-05-03 00:40:10 | DEBUG    | LEVI: Audio energy (last 0.8s): 0.000036 (threshold: 0.0075)
2026-05-03 00:40:10 | DEBUG    | LEVI: Audio energy (last 0.8s): 0.000036 (threshold: 0.0075)
2026-05-03 00:40:10 | DEBUG    | LEVI: Audio energy (last 0.8s): 0.000036 (threshold: 0.0075)
2026-05-03 00:40:10 | DEBUG    | LEVI: Audio energy (last 0.8s): 0.000036 (threshold: 0.0075)
2026-05-03 00:40:10 | DEBUG    | LEVI: Audio energy (last 0.8s): 0.000036 (threshold: 0.0075)
2026-05-03 00:40:10 | DEBUG    | LEVI: Audio energy (last 0.8s): 0.000036 (threshold: 0.0075)
2026-05-03 00:40:10 | DEBUG    | LEVI: Captured 8000 samples, buffer length 192000, queue size -
2026-05-03 00:40:10 | DEBUG    | LEVI: Audio energy (last 0.8s): 0.000032 (threshold: 0.0075)
2026-05-03 00:40:10 | DEBUG    | LEVI: Audio energy (last 0.8s): 0.000032 (threshold: 0.0075)
2026-05-03 00:40:10 | DEBUG    | LEVI: Audio energy (last 0.8s): 0.000032 (threshold: 0.0075)
2026-05-03 00:40:10 | DEBUG    | LEVI: Audio energy (last 0.8s): 0.000032 (threshold: 0.0075)
2026-05-03 00:40:11 | DEBUG    | LEVI: Audio energy (last 0.8s): 0.000032 (threshold: 0.0075)
2026-05-03 00:40:11 | DEBUG    | LEVI: Audio energy (last 0.8s): 0.000032 (threshold: 0.0075)
2026-05-03 00:40:11 | DEBUG    | LEVI: Audio energy (last 0.8s): 0.000032 (threshold: 0.0075)
2026-05-03 00:40:11 | DEBUG    | LEVI: Audio energy (last 0.8s): 0.000032 (threshold: 0.0075)
2026-05-03 00:40:11 | DEBUG    | LEVI: Captured 8000 samples, buffer length 200000, queue size -
2026-05-03 00:40:11 | DEBUG    | LEVI: Audio energy (last 0.8s): 0.000034 (threshold: 0.0075)
2026-05-03 00:40:11 | DEBUG    | LEVI: Audio energy (last 0.8s): 0.000034 (threshold: 0.0075)
2026-05-03 00:40:11 | DEBUG    | LEVI: Audio energy (last 0.8s): 0.000034 (threshold: 0.0075)
2026-05-03 00:40:11 | DEBUG    | LEVI: Audio energy (last 0.8s): 0.000034 (threshold: 0.0075)
2026-05-03 00:40:11 | DEBUG    | LEVI: Audio energy (last 0.8s): 0.000034 (threshold: 0.0075)
2026-05-03 00:40:11 | DEBUG    | LEVI: Audio energy (last 0.8s): 0.000034 (threshold: 0.0075)
2026-05-03 00:40:11 | DEBUG    | LEVI: Audio energy (last 0.8s): 0.000034 (threshold: 0.0075)
2026-05-03 00:40:11 | DEBUG    | LEVI: Audio energy (last 0.8s): 0.000034 (threshold: 0.0075)
2026-05-03 00:40:11 | DEBUG    | LEVI: Captured 8000 samples, buffer length 208000, queue size -
2026-05-03 00:40:11 | DEBUG    | LEVI: Audio energy (last 0.8s): 0.000035 (threshold: 0.0075)
2026-05-03 00:40:11 | DEBUG    | LEVI: Audio energy (last 0.8s): 0.000035 (threshold: 0.0075)
2026-05-03 00:40:11 | DEBUG    | LEVI: Audio energy (last 0.8s): 0.000035 (threshold: 0.0075)
2026-05-03 00:40:11 | DEBUG    | LEVI: Audio energy (last 0.8s): 0.000035 (threshold: 0.0075)
2026-05-03 00:40:12 | DEBUG    | LEVI: Audio energy (last 0.8s): 0.000035 (threshold: 0.0075)
2026-05-03 00:40:12 | DEBUG    | LEVI: Audio energy (last 0.8s): 0.000035 (threshold: 0.0075)
2026-05-03 00:40:12 | DEBUG    | LEVI: Audio energy (last 0.8s): 0.000035 (threshold: 0.0075)
2026-05-03 00:40:12 | DEBUG    | LEVI: Audio energy (last 0.8s): 0.000035 (threshold: 0.0075)
2026-05-03 00:40:12 | DEBUG    | LEVI: Captured 8000 samples, buffer length 216000, queue size -
2026-05-03 00:40:12 | DEBUG    | LEVI: Audio energy (last 0.8s): 0.000065 (threshold: 0.0075)
2026-05-03 00:40:12 | DEBUG    | LEVI: Audio energy (last 0.8s): 0.000065 (threshold: 0.0075)
2026-05-03 00:40:12 | DEBUG    | LEVI: Audio energy (last 0.8s): 0.000065 (threshold: 0.0075)
2026-05-03 00:40:12 | DEBUG    | LEVI: Audio energy (last 0.8s): 0.000065 (threshold: 0.0075)
2026-05-03 00:40:12 | DEBUG    | LEVI: Audio energy (last 0.8s): 0.000065 (threshold: 0.0075)
2026-05-03 00:40:12 | DEBUG    | LEVI: Audio energy (last 0.8s): 0.000065 (threshold: 0.0075)
2026-05-03 00:40:12 | DEBUG    | LEVI: Audio energy (last 0.8s): 0.000065 (threshold: 0.0075)
2026-05-03 00:40:12 | DEBUG    | LEVI: Audio energy (last 0.8s): 0.000065 (threshold: 0.0075)
2026-05-03 00:40:12 | DEBUG    | LEVI: Captured 8000 samples, buffer length 224000, queue size -
2026-05-03 00:40:12 | DEBUG    | LEVI: Audio energy (last 0.8s): 0.000153 (threshold: 0.0075)
2026-05-03 00:40:12 | DEBUG    | LEVI: Audio energy (last 0.8s): 0.000153 (threshold: 0.0075)
2026-05-03 00:40:12 | DEBUG    | LEVI: Audio energy (last 0.8s): 0.000153 (threshold: 0.0075)
2026-05-03 00:40:12 | DEBUG    | LEVI: Audio energy (last 0.8s): 0.000153 (threshold: 0.0075)
2026-05-03 00:40:13 | DEBUG    | LEVI: Audio energy (last 0.8s): 0.000153 (threshold: 0.0075)
2026-05-03 00:40:13 | DEBUG    | LEVI: Audio energy (last 0.8s): 0.000153 (threshold: 0.0075)
2026-05-03 00:40:13 | DEBUG    | LEVI: Audio energy (last 0.8s): 0.000153 (threshold: 0.0075)
2026-05-03 00:40:13 | DEBUG    | LEVI: Audio energy (last 0.8s): 0.000153 (threshold: 0.0075)
2026-05-03 00:40:13 | DEBUG    | LEVI: Captured 8000 samples, buffer length 232000, queue size -
2026-05-03 00:40:13 | DEBUG    | LEVI: Audio energy (last 0.8s): 0.000107 (threshold: 0.0075)
2026-05-03 00:40:13 | DEBUG    | LEVI: Audio energy (last 0.8s): 0.000107 (threshold: 0.0075)
2026-05-03 00:40:13 | DEBUG    | LEVI: Audio energy (last 0.8s): 0.000107 (threshold: 0.0075)
2026-05-03 00:40:13 | DEBUG    | LEVI: Audio energy (last 0.8s): 0.000107 (threshold: 0.0075)
2026-05-03 00:40:13 | DEBUG    | LEVI: Audio energy (last 0.8s): 0.000107 (threshold: 0.0075)
2026-05-03 00:40:13 | DEBUG    | LEVI: Audio energy (last 0.8s): 0.000107 (threshold: 0.0075)
2026-05-03 00:40:13 | DEBUG    | LEVI: Audio energy (last 0.8s): 0.000107 (threshold: 0.0075)
2026-05-03 00:40:13 | DEBUG    | LEVI: Audio energy (last 0.8s): 0.000107 (threshold: 0.0075)
2026-05-03 00:40:13 | DEBUG    | LEVI: Captured 8000 samples, buffer length 240000, queue size -
2026-05-03 00:40:13 | DEBUG    | LEVI: Audio energy (last 0.8s): 0.000052 (threshold: 0.0075)
2026-05-03 00:40:13 | DEBUG    | LEVI: Audio energy (last 0.8s): 0.000052 (threshold: 0.0075)
2026-05-03 00:40:13 | DEBUG    | LEVI: Audio energy (last 0.8s): 0.000052 (threshold: 0.0075)
2026-05-03 00:40:13 | DEBUG    | LEVI: Audio energy (last 0.8s): 0.000052 (threshold: 0.0075)
2026-05-03 00:40:14 | DEBUG    | LEVI: Audio energy (last 0.8s): 0.000052 (threshold: 0.0075)
2026-05-03 00:40:14 | DEBUG    | LEVI: Audio energy (last 0.8s): 0.000052 (threshold: 0.0075)
2026-05-03 00:40:14 | DEBUG    | LEVI: Audio energy (last 0.8s): 0.000052 (threshold: 0.0075)
2026-05-03 00:40:14 | DEBUG    | LEVI: Captured 8000 samples, buffer length 248000, queue size -
2026-05-03 00:40:14 | DEBUG    | LEVI: Audio energy (last 0.8s): 0.000066 (threshold: 0.0075)
2026-05-03 00:40:14 | DEBUG    | LEVI: Audio energy (last 0.8s): 0.000066 (threshold: 0.0075)
2026-05-03 00:40:14 | DEBUG    | LEVI: Audio energy (last 0.8s): 0.000066 (threshold: 0.0075)
2026-05-03 00:40:14 | DEBUG    | LEVI: Audio energy (last 0.8s): 0.000066 (threshold: 0.0075)
2026-05-03 00:40:14 | DEBUG    | LEVI: Audio energy (last 0.8s): 0.000066 (threshold: 0.0075)
2026-05-03 00:40:14 | DEBUG    | LEVI: Audio energy (last 0.8s): 0.000066 (threshold: 0.0075)
2026-05-03 00:40:14 | DEBUG    | LEVI: Audio energy (last 0.8s): 0.000066 (threshold: 0.0075)
2026-05-03 00:40:14 | DEBUG    | LEVI: Audio energy (last 0.8s): 0.000066 (threshold: 0.0075)
2026-05-03 00:40:14 | DEBUG    | LEVI: Audio energy (last 0.8s): 0.000066 (threshold: 0.0075)
2026-05-03 00:40:14 | DEBUG    | LEVI: Captured 8000 samples, buffer length 256000, queue size -
2026-05-03 00:40:14 | DEBUG    | LEVI: Audio energy (last 0.8s): 0.000966 (threshold: 0.0075)
2026-05-03 00:40:14 | DEBUG    | LEVI: Audio energy (last 0.8s): 0.000966 (threshold: 0.0075)
2026-05-03 00:40:14 | DEBUG    | LEVI: Audio energy (last 0.8s): 0.000966 (threshold: 0.0075)
2026-05-03 00:40:14 | DEBUG    | LEVI: Audio energy (last 0.8s): 0.000966 (threshold: 0.0075)
2026-05-03 00:40:15 | DEBUG    | LEVI: Audio energy (last 0.8s): 0.000966 (threshold: 0.0075)
2026-05-03 00:40:15 | DEBUG    | LEVI: Audio energy (last 0.8s): 0.000966 (threshold: 0.0075)
2026-05-03 00:40:15 | DEBUG    | LEVI: Audio energy (last 0.8s): 0.000966 (threshold: 0.0075)
2026-05-03 00:40:15 | DEBUG    | LEVI: Captured 8000 samples, buffer length 264000, queue size -
2026-05-03 00:40:15 | DEBUG    | LEVI: Audio energy (last 0.8s): 0.000966 (threshold: 0.0075)
2026-05-03 00:40:15 | DEBUG    | LEVI: Audio energy (last 0.8s): 0.016371 (threshold: 0.0075)
2026-05-03 00:40:15 | DEBUG    | LEVI: Speech started (energy: 0.0164)
2026-05-03 00:40:15 | DEBUG    | LEVI: Audio energy (last 0.8s): 0.016371 (threshold: 0.0075)
2026-05-03 00:40:15 | DEBUG    | LEVI: Audio energy (last 0.8s): 0.016371 (threshold: 0.0075)
2026-05-03 00:40:15 | DEBUG    | LEVI: Audio energy (last 0.8s): 0.016371 (threshold: 0.0075)
2026-05-03 00:40:15 | DEBUG    | LEVI: Audio energy (last 0.8s): 0.016371 (threshold: 0.0075)
2026-05-03 00:40:15 | DEBUG    | LEVI: Audio energy (last 0.8s): 0.016371 (threshold: 0.0075)
2026-05-03 00:40:15 | DEBUG    | LEVI: Audio energy (last 0.8s): 0.016371 (threshold: 0.0075)
2026-05-03 00:40:15 | DEBUG    | LEVI: Audio energy (last 0.8s): 0.016371 (threshold: 0.0075)
2026-05-03 00:40:15 | DEBUG    | LEVI: Captured 8000 samples, buffer length 272000, queue size -
2026-05-03 00:40:15 | DEBUG    | LEVI: Audio energy (last 0.8s): 0.013138 (threshold: 0.0075)
2026-05-03 00:40:15 | DEBUG    | LEVI: Audio energy (last 0.8s): 0.013138 (threshold: 0.0075)
2026-05-03 00:40:15 | DEBUG    | LEVI: Audio energy (last 0.8s): 0.013138 (threshold: 0.0075)
2026-05-03 00:40:15 | DEBUG    | LEVI: Audio energy (last 0.8s): 0.013138 (threshold: 0.0075)
2026-05-03 00:40:16 | DEBUG    | LEVI: Audio energy (last 0.8s): 0.013138 (threshold: 0.0075)
2026-05-03 00:40:16 | DEBUG    | LEVI: Audio energy (last 0.8s): 0.013138 (threshold: 0.0075)
2026-05-03 00:40:16 | DEBUG    | LEVI: Audio energy (last 0.8s): 0.013138 (threshold: 0.0075)
2026-05-03 00:40:16 | DEBUG    | LEVI: Captured 8000 samples, buffer length 280000, queue size -
2026-05-03 00:40:16 | DEBUG    | LEVI: Audio energy (last 0.8s): 0.006860 (threshold: 0.0075)
2026-05-03 00:40:16 | DEBUG    | LEVI: Silence detected (0.50s), transcribing...
2026-05-03 00:40:16 | INFO     | LEVI: Transcribing audio...
2026-05-03 00:40:16 | DEBUG    | LEVI: Captured 8000 samples, buffer length 288000, queue size -
2026-05-03 00:40:17 | DEBUG    | LEVI: Captured 8000 samples, buffer length 296000, queue size -
2026-05-03 00:40:17 | DEBUG    | LEVI: Captured 8000 samples, buffer length 304000, queue size -
2026-05-03 00:40:18 | DEBUG    | LEVI: Captured 8000 samples, buffer length 312000, queue size -
2026-05-03 00:40:18 | DEBUG    | LEVI: Captured 8000 samples, buffer length 320000, queue size -
2026-05-03 00:40:19 | DEBUG    | LEVI: Captured 8000 samples, buffer length 328000, queue size -
2026-05-03 00:40:19 | DEBUG    | LEVI: Captured 8000 samples, buffer length 336000, queue size -
2026-05-03 00:40:20 | DEBUG    | LEVI: Captured 8000 samples, buffer length 344000, queue size -
2026-05-03 00:40:20 | DEBUG    | LEVI: Captured 8000 samples, buffer length 352000, queue size -
2026-05-03 00:40:21 | DEBUG    | LEVI: Captured 8000 samples, buffer length 360000, queue size -
2026-05-03 00:40:21 | DEBUG    | LEVI: Captured 8000 samples, buffer length 368000, queue size -
2026-05-03 00:40:22 | DEBUG    | LEVI: Captured 8000 samples, buffer length 376000, queue size -
2026-05-03 00:40:22 | DEBUG    | LEVI: Captured 8000 samples, buffer length 384000, queue size -
2026-05-03 00:40:23 | DEBUG    | LEVI: Captured 8000 samples, buffer length 392000, queue size -
2026-05-03 00:40:23 | DEBUG    | LEVI: Captured 8000 samples, buffer length 400000, queue size -
2026-05-03 00:40:24 | DEBUG    | LEVI: Captured 8000 samples, buffer length 408000, queue size -
2026-05-03 00:40:24 | DEBUG    | LEVI: Captured 8000 samples, buffer length 416000, queue size -
2026-05-03 00:40:25 | DEBUG    | LEVI: Captured 8000 samples, buffer length 424000, queue size -
2026-05-03 00:40:25 | DEBUG    | LEVI: Captured 8000 samples, buffer length 432000, queue size -
2026-05-03 00:40:26 | DEBUG    | LEVI: Captured 8000 samples, buffer length 440000, queue size -
2026-05-03 00:40:26 | DEBUG    | LEVI: Captured 8000 samples, buffer length 448000, queue size -
2026-05-03 00:40:27 | DEBUG    | LEVI: Captured 8000 samples, buffer length 456000, queue size -
2026-05-03 00:40:27 | DEBUG    | LEVI: Captured 8000 samples, buffer length 464000, queue size -
2026-05-03 00:40:28 | DEBUG    | LEVI: Captured 8000 samples, buffer length 472000, queue size -
2026-05-03 00:40:28 | DEBUG    | LEVI: Captured 8000 samples, buffer length 480000, queue size -
2026-05-03 00:40:29 | DEBUG    | LEVI: Captured 8000 samples, buffer length 480000, queue size -
2026-05-03 00:40:29 | DEBUG    | LEVI: Captured 8000 samples, buffer length 480000, queue size -
2026-05-03 00:40:30 | DEBUG    | LEVI: Captured 8000 samples, buffer length 480000, queue size -
2026-05-03 00:40:30 | DEBUG    | LEVI: Captured 8000 samples, buffer length 480000, queue size -
2026-05-03 00:40:31 | DEBUG    | LEVI: Captured 8000 samples, buffer length 480000, queue size -
2026-05-03 00:40:31 | DEBUG    | LEVI: Captured 8000 samples, buffer length 480000, queue size -
2026-05-03 00:40:32 | DEBUG    | LEVI: Captured 8000 samples, buffer length 480000, queue size -
2026-05-03 00:40:32 | DEBUG    | LEVI: Captured 8000 samples, buffer length 480000, queue size -
2026-05-03 00:40:33 | DEBUG    | LEVI: Captured 8000 samples, buffer length 480000, queue size -
2026-05-03 00:40:33 | DEBUG    | LEVI: Captured 8000 samples, buffer length 480000, queue size -
2026-05-03 00:40:34 | DEBUG    | LEVI: Captured 8000 samples, buffer length 480000, queue size -
2026-05-03 00:40:34 | DEBUG    | LEVI: Captured 8000 samples, buffer length 480000, queue size -
2026-05-03 00:40:35 | DEBUG    | LEVI: Captured 8000 samples, buffer length 480000, queue size -
2026-05-03 00:40:35 | DEBUG    | LEVI: Captured 8000 samples, buffer length 480000, queue size -
2026-05-03 00:40:36 | DEBUG    | LEVI: Captured 8000 samples, buffer length 480000, queue size -
2026-05-03 00:40:36 | DEBUG    | LEVI: Captured 8000 samples, buffer length 480000, queue size -
2026-05-03 00:40:37 | DEBUG    | LEVI: Captured 8000 samples, buffer length 480000, queue size -
2026-05-03 00:40:37 | DEBUG    | LEVI: Captured 8000 samples, buffer length 480000, queue size -
2026-05-03 00:40:38 | DEBUG    | LEVI: Captured 8000 samples, buffer length 480000, queue size -
2026-05-03 00:40:38 | DEBUG    | LEVI: Captured 8000 samples, buffer length 480000, queue size -
2026-05-03 00:40:39 | DEBUG    | LEVI: Captured 8000 samples, buffer length 480000, queue size -
2026-05-03 00:40:39 | DEBUG    | LEVI: Captured 8000 samples, buffer length 480000, queue size -
2026-05-03 00:40:40 | DEBUG    | LEVI: Captured 8000 samples, buffer length 480000, queue size -
2026-05-03 00:40:40 | DEBUG    | LEVI: Captured 8000 samples, buffer length 480000, queue size -
2026-05-03 00:40:41 | DEBUG    | LEVI: Captured 8000 samples, buffer length 480000, queue size -
2026-05-03 00:40:41 | DEBUG    | LEVI: Captured 8000 samples, buffer length 480000, queue size -
2026-05-03 00:40:42 | DEBUG    | LEVI: Captured 8000 samples, buffer length 480000, queue size -
2026-05-03 00:40:42 | DEBUG    | LEVI: Captured 8000 samples, buffer length 480000, queue size -
2026-05-03 00:40:43 | DEBUG    | LEVI: Captured 8000 samples, buffer length 480000, queue size -
2026-05-03 00:40:43 | DEBUG    | LEVI: Captured 8000 samples, buffer length 480000, queue size -
2026-05-03 00:40:44 | DEBUG    | LEVI: Captured 8000 samples, buffer length 480000, queue size -
2026-05-03 00:40:44 | DEBUG    | LEVI: Captured 8000 samples, buffer length 480000, queue size -
2026-05-03 00:40:45 | DEBUG    | LEVI: Captured 8000 samples, buffer length 480000, queue size -
2026-05-03 00:40:45 | DEBUG    | LEVI: Captured 8000 samples, buffer length 480000, queue size -
2026-05-03 00:40:46 | DEBUG    | LEVI: Captured 8000 samples, buffer length 480000, queue size -
2026-05-03 00:40:46 | DEBUG    | LEVI: Captured 8000 samples, buffer length 480000, queue size -
2026-05-03 00:40:47 | DEBUG    | LEVI: Captured 8000 samples, buffer length 480000, queue size -
2026-05-03 00:40:47 | DEBUG    | LEVI: Captured 8000 samples, buffer length 480000, queue size -
2026-05-03 00:40:48 | DEBUG    | LEVI: Captured 8000 samples, buffer length 480000, queue size -
2026-05-03 00:40:48 | DEBUG    | LEVI: Captured 8000 samples, buffer length 480000, queue size -
2026-05-03 00:40:49 | DEBUG    | LEVI: Captured 8000 samples, buffer length 480000, queue size -
2026-05-03 00:40:49 | DEBUG    | LEVI: Captured 8000 samples, buffer length 480000, queue size -
2026-05-03 00:40:50 | DEBUG    | LEVI: Captured 8000 samples, buffer length 480000, queue size -
2026-05-03 00:40:50 | DEBUG    | LEVI: Captured 8000 samples, buffer length 480000, queue size -
2026-05-03 00:40:51 | DEBUG    | LEVI: Captured 8000 samples, buffer length 480000, queue size -
2026-05-03 00:40:51 | DEBUG    | LEVI: Captured 8000 samples, buffer length 480000, queue size -
2026-05-03 00:40:52 | DEBUG    | LEVI: Captured 8000 samples, buffer length 480000, queue size -
2026-05-03 00:40:52 | DEBUG    | LEVI: Captured 8000 samples, buffer length 480000, queue size -
2026-05-03 00:40:53 | DEBUG    | LEVI: Captured 8000 samples, buffer length 480000, queue size -
2026-05-03 00:40:53 | DEBUG    | LEVI: Captured 8000 samples, buffer length 480000, queue size -
2026-05-03 00:40:54 | DEBUG    | LEVI: Captured 8000 samples, buffer length 480000, queue size -
2026-05-03 00:40:54 | DEBUG    | LEVI: Captured 8000 samples, buffer length 480000, queue size -
2026-05-03 00:40:55 | DEBUG    | LEVI: Captured 8000 samples, buffer length 480000, queue size -
2026-05-03 00:40:55 | DEBUG    | LEVI: Captured 8000 samples, buffer length 480000, queue size -
2026-05-03 00:40:56 | DEBUG    | LEVI: Captured 8000 samples, buffer length 480000, queue size -
2026-05-03 00:40:56 | DEBUG    | LEVI: Captured 8000 samples, buffer length 480000, queue size -
2026-05-03 00:40:57 | DEBUG    | LEVI: Captured 8000 samples, buffer length 480000, queue size -
2026-05-03 00:40:57 | DEBUG    | LEVI: Captured 8000 samples, buffer length 480000, queue size -
2026-05-03 00:40:58 | DEBUG    | LEVI: Captured 8000 samples, buffer length 480000, queue size -
2026-05-03 00:40:58 | DEBUG    | LEVI: Captured 8000 samples, buffer length 480000, queue size -
2026-05-03 00:40:59 | DEBUG    | LEVI: Captured 8000 samples, buffer length 480000, queue size -
2026-05-03 00:40:59 | DEBUG    | LEVI: Captured 8000 samples, buffer length 480000, queue size -
2026-05-03 00:41:00 | DEBUG    | LEVI: Captured 8000 samples, buffer length 480000, queue size -
2026-05-03 00:41:00 | DEBUG    | LEVI: Captured 8000 samples, buffer length 480000, queue size -
2026-05-03 00:41:01 | DEBUG    | LEVI: Captured 8000 samples, buffer length 480000, queue size -
2026-05-03 00:41:01 | DEBUG    | LEVI: Captured 8000 samples, buffer length 480000, queue size -
2026-05-03 00:41:02 | DEBUG    | LEVI: Captured 8000 samples, buffer length 480000, queue size -
2026-05-03 00:41:02 | DEBUG    | LEVI: Captured 8000 samples, buffer length 480000, queue size -
2026-05-03 00:41:03 | DEBUG    | LEVI: Captured 8000 samples, buffer length 480000, queue size -
2026-05-03 00:41:03 | DEBUG    | LEVI: Captured 8000 samples, buffer length 480000, queue size -
2026-05-03 00:41:04 | DEBUG    | LEVI: Captured 8000 samples, buffer length 480000, queue size -
2026-05-03 00:41:04 | DEBUG    | LEVI: Captured 8000 samples, buffer length 480000, queue size -
2026-05-03 00:41:05 | DEBUG    | LEVI: Captured 8000 samples, buffer length 480000, queue size -
2026-05-03 00:41:05 | DEBUG    | LEVI: Captured 8000 samples, buffer length 480000, queue size -
2026-05-03 00:41:06 | DEBUG    | LEVI: Captured 8000 samples, buffer length 480000, queue size -
2026-05-03 00:41:06 | DEBUG    | LEVI: Captured 8000 samples, buffer length 480000, queue size -
2026-05-03 00:41:07 | DEBUG    | LEVI: Captured 8000 samples, buffer length 480000, queue size -
2026-05-03 00:41:07 | DEBUG    | LEVI: Captured 8000 samples, buffer length 480000, queue size -
2026-05-03 00:41:08 | DEBUG    | LEVI: Captured 8000 samples, buffer length 480000, queue size -
2026-05-03 00:41:08 | DEBUG    | LEVI: Captured 8000 samples, buffer length 480000, queue size -
2026-05-03 00:41:09 | DEBUG    | LEVI: Captured 8000 samples, buffer length 480000, queue size -
2026-05-03 00:41:09 | DEBUG    | LEVI: Captured 8000 samples, buffer length 480000, queue size -
2026-05-03 00:41:10 | DEBUG    | LEVI: Captured 8000 samples, buffer length 480000, queue size -
2026-05-03 00:41:10 | DEBUG    | LEVI: Captured 8000 samples, buffer length 480000, queue size -
2026-05-03 00:41:11 | DEBUG    | LEVI: Captured 8000 samples, buffer length 480000, queue size -
2026-05-03 00:41:11 | DEBUG    | LEVI: Captured 8000 samples, buffer length 480000, queue size -
2026-05-03 00:41:12 | DEBUG    | LEVI: Captured 8000 samples, buffer length 480000, queue size -
2026-05-03 00:41:12 | DEBUG    | LEVI: Captured 8000 samples, buffer length 480000, queue size -
2026-05-03 00:41:13 | DEBUG    | LEVI: Captured 8000 samples, buffer length 480000, queue size -
2026-05-03 00:41:13 | DEBUG    | LEVI: Captured 8000 samples, buffer length 480000, queue size -
2026-05-03 00:41:14 | DEBUG    | LEVI: Captured 8000 samples, buffer length 480000, queue size -
2026-05-03 00:41:14 | DEBUG    | LEVI: Captured 8000 samples, buffer length 480000, queue size -
2026-05-03 00:41:15 | DEBUG    | LEVI: Captured 8000 samples, buffer length 480000, queue size -
2026-05-03 00:41:15 | DEBUG    | LEVI: Captured 8000 samples, buffer length 480000, queue size -
2026-05-03 00:41:16 | DEBUG    | LEVI: Captured 8000 samples, buffer length 480000, queue size -
2026-05-03 00:41:16 | DEBUG    | LEVI: Captured 8000 samples, buffer length 480000, queue size -
2026-05-03 00:41:17 | DEBUG    | LEVI: Captured 8000 samples, buffer length 480000, queue size -
2026-05-03 00:41:17 | DEBUG    | LEVI: Captured 8000 samples, buffer length 480000, queue size -
2026-05-03 00:41:18 | DEBUG    | LEVI: Captured 8000 samples, buffer length 480000, queue size -
2026-05-03 00:41:18 | DEBUG    | LEVI: Captured 8000 samples, buffer length 480000, queue size -
2026-05-03 00:41:19 | DEBUG    | LEVI: Captured 8000 samples, buffer length 480000, queue size -
2026-05-03 00:41:19 | DEBUG    | LEVI: Captured 8000 samples, buffer length 480000, queue size -
2026-05-03 00:41:20 | DEBUG    | LEVI: Captured 8000 samples, buffer length 480000, queue size -
2026-05-03 00:41:20 | DEBUG    | LEVI: Captured 8000 samples, buffer length 480000, queue size -
2026-05-03 00:41:21 | DEBUG    | LEVI: Captured 8000 samples, buffer length 480000, queue size -
2026-05-03 00:41:21 | DEBUG    | LEVI: Captured 8000 samples, buffer length 480000, queue size -
2026-05-03 00:41:22 | DEBUG    | LEVI: Captured 8000 samples, buffer length 480000, queue size -
2026-05-03 00:41:22 | DEBUG    | LEVI: Captured 8000 samples, buffer length 480000, queue size -
2026-05-03 00:41:23 | DEBUG    | LEVI: Captured 8000 samples, buffer length 480000, queue size -
2026-05-03 00:41:23 | DEBUG    | LEVI: Captured 8000 samples, buffer length 480000, queue size -
2026-05-03 00:41:24 | DEBUG    | LEVI: Captured 8000 samples, buffer length 480000, queue size -
2026-05-03 00:41:24 | DEBUG    | LEVI: Captured 8000 samples, buffer length 480000, queue size -
2026-05-03 00:41:25 | DEBUG    | LEVI: Captured 8000 samples, buffer length 480000, queue size -
2026-05-03 00:41:25 | DEBUG    | LEVI: Captured 8000 samples, buffer length 480000, queue size -
2026-05-03 00:41:26 | DEBUG    | LEVI: Captured 8000 samples, buffer length 480000, queue size -
2026-05-03 00:41:26 | DEBUG    | LEVI: Captured 8000 samples, buffer length 480000, queue size -
2026-05-03 00:41:27 | DEBUG    | LEVI: Captured 8000 samples, buffer length 480000, queue size -
2026-05-03 00:41:27 | DEBUG    | LEVI: Captured 8000 samples, buffer length 480000, queue size -
2026-05-03 00:41:28 | DEBUG    | LEVI: Captured 8000 samples, buffer length 480000, queue size -
2026-05-03 00:41:28 | DEBUG    | LEVI: Captured 8000 samples, buffer length 480000, queue size -
2026-05-03 00:41:29 | DEBUG    | LEVI: Captured 8000 samples, buffer length 480000, queue size -
2026-05-03 00:41:29 | DEBUG    | LEVI: Captured 8000 samples, buffer length 480000, queue size -
2026-05-03 00:41:30 | DEBUG    | LEVI: Captured 8000 samples, buffer length 480000, queue size -
2026-05-03 00:41:30 | DEBUG    | LEVI: Captured 8000 samples, buffer length 480000, queue size -
2026-05-03 00:41:31 | DEBUG    | LEVI: Captured 8000 samples, buffer length 480000, queue size -
2026-05-03 00:41:31 | DEBUG    | LEVI: Captured 8000 samples, buffer length 480000, queue size -
2026-05-03 00:41:32 | DEBUG    | LEVI: Captured 8000 samples, buffer length 480000, queue size -
2026-05-03 00:41:32 | DEBUG    | LEVI: Captured 8000 samples, buffer length 480000, queue size -
2026-05-03 00:41:33 | DEBUG    | LEVI: Captured 8000 samples, buffer length 480000, queue size -
2026-05-03 00:41:33 | DEBUG    | LEVI: Captured 8000 samples, buffer length 480000, queue size -
2026-05-03 00:41:34 | DEBUG    | LEVI: Captured 8000 samples, buffer length 480000, queue size -
2026-05-03 00:41:34 | DEBUG    | LEVI: Captured 8000 samples, buffer length 480000, queue size -
2026-05-03 00:41:35 | DEBUG    | LEVI: Captured 8000 samples, buffer length 480000, queue size -
2026-05-03 00:41:35 | DEBUG    | LEVI: Captured 8000 samples, buffer length 480000, queue size -
2026-05-03 00:41:36 | DEBUG    | LEVI: Captured 8000 samples, buffer length 480000, queue size -
2026-05-03 00:41:36 | DEBUG    | LEVI: Captured 8000 samples, buffer length 480000, queue size -
2026-05-03 00:41:37 | DEBUG    | LEVI: Captured 8000 samples, buffer length 480000, queue size -
2026-05-03 00:41:37 | DEBUG    | LEVI: Captured 8000 samples, buffer length 480000, queue size -
2026-05-03 00:41:38 | DEBUG    | LEVI: Captured 8000 samples, buffer length 480000, queue size -
2026-05-03 00:41:38 | DEBUG    | LEVI: Captured 8000 samples, buffer length 480000, queue size -
2026-05-03 00:41:39 | DEBUG    | LEVI: Captured 8000 samples, buffer length 480000, queue size -
2026-05-03 00:41:39 | DEBUG    | LEVI: Captured 8000 samples, buffer length 480000, queue size -
2026-05-03 00:41:40 | DEBUG    | LEVI: Captured 8000 samples, buffer length 480000, queue size -
2026-05-03 00:41:40 | DEBUG    | LEVI: Captured 8000 samples, buffer length 480000, queue size -
2026-05-03 00:41:41 | DEBUG    | LEVI: Captured 8000 samples, buffer length 480000, queue size -
2026-05-03 00:41:41 | DEBUG    | LEVI: Captured 8000 samples, buffer length 480000, queue size -
2026-05-03 00:41:42 | DEBUG    | LEVI: Captured 8000 samples, buffer length 480000, queue size -
2026-05-03 00:41:42 | DEBUG    | LEVI: Captured 8000 samples, buffer length 480000, queue size -
2026-05-03 00:41:43 | DEBUG    | LEVI: Captured 8000 samples, buffer length 480000, queue size -
2026-05-03 00:41:43 | DEBUG    | LEVI: Captured 8000 samples, buffer length 480000, queue size -
2026-05-03 00:41:44 | DEBUG    | LEVI: Captured 8000 samples, buffer length 480000, queue size -
2026-05-03 00:41:44 | DEBUG    | LEVI: Captured 8000 samples, buffer length 480000, queue size -
2026-05-03 00:41:45 | DEBUG    | LEVI: Captured 8000 samples, buffer length 480000, queue size -
2026-05-03 00:41:45 | DEBUG    | LEVI: Captured 8000 samples, buffer length 480000, queue size -
2026-05-03 00:41:46 | DEBUG    | LEVI: Captured 8000 samples, buffer length 480000, queue size -
2026-05-03 00:41:46 | DEBUG    | LEVI: Captured 8000 samples, buffer length 480000, queue size -
2026-05-03 00:41:47 | DEBUG    | LEVI: Captured 8000 samples, buffer length 480000, queue size -
2026-05-03 00:41:47 | DEBUG    | LEVI: Captured 8000 samples, buffer length 480000, queue size -
2026-05-03 00:41:48 | DEBUG    | LEVI: Captured 8000 samples, buffer length 480000, queue size -
2026-05-03 00:41:48 | DEBUG    | LEVI: Captured 8000 samples, buffer length 480000, queue size -
2026-05-03 00:41:49 | DEBUG    | LEVI: Captured 8000 samples, buffer length 480000, queue size -
2026-05-03 00:41:49 | DEBUG    | LEVI: Captured 8000 samples, buffer length 480000, queue size -
2026-05-03 00:41:50 | DEBUG    | LEVI: Captured 8000 samples, buffer length 480000, queue size -
2026-05-03 00:41:50 | DEBUG    | LEVI: Captured 8000 samples, buffer length 480000, queue size -
2026-05-03 00:41:51 | DEBUG    | LEVI: Captured 8000 samples, buffer length 480000, queue size -
2026-05-03 00:41:51 | DEBUG    | LEVI: Captured 8000 samples, buffer length 480000, queue size -
2026-05-03 00:41:52 | DEBUG    | LEVI: Captured 8000 samples, buffer length 480000, queue size -
2026-05-03 00:41:52 | DEBUG    | LEVI: Captured 8000 samples, buffer length 480000, queue size -
2026-05-03 00:41:53 | DEBUG    | LEVI: Captured 8000 samples, buffer length 480000, queue size -
2026-05-03 00:41:53 | DEBUG    | LEVI: Captured 8000 samples, buffer length 480000, queue size -
2026-05-03 00:41:54 | DEBUG    | LEVI: Captured 8000 samples, buffer length 480000, queue size -
2026-05-03 00:41:54 | DEBUG    | LEVI: Captured 8000 samples, buffer length 480000, queue size -
2026-05-03 00:41:55 | DEBUG    | LEVI: Captured 8000 samples, buffer length 480000, queue size -
2026-05-03 00:41:55 | DEBUG    | LEVI: Captured 8000 samples, buffer length 480000, queue size -
2026-05-03 00:41:56 | DEBUG    | LEVI: Captured 8000 samples, buffer length 480000, queue size -
2026-05-03 00:41:56 | DEBUG    | LEVI: Captured 8000 samples, buffer length 480000, queue size -
2026-05-03 00:41:57 | DEBUG    | LEVI: Captured 8000 samples, buffer length 480000, queue size -
2026-05-03 00:41:57 | DEBUG    | LEVI: Captured 8000 samples, buffer length 480000, queue size -
2026-05-03 00:41:58 | DEBUG    | LEVI: Captured 8000 samples, buffer length 480000, queue size -
2026-05-03 00:41:58 | DEBUG    | LEVI: Captured 8000 samples, buffer length 480000, queue size -
2026-05-03 00:41:59 | DEBUG    | LEVI: Captured 8000 samples, buffer length 480000, queue size -
2026-05-03 00:41:59 | DEBUG    | LEVI: Captured 8000 samples, buffer length 480000, queue size -
2026-05-03 00:42:00 | DEBUG    | LEVI: Captured 8000 samples, buffer length 480000, queue size -
2026-05-03 00:42:00 | DEBUG    | LEVI: Captured 8000 samples, buffer length 480000, queue size -
2026-05-03 00:42:01 | DEBUG    | LEVI: Captured 8000 samples, buffer length 480000, queue size -
2026-05-03 00:42:01 | DEBUG    | LEVI: Captured 8000 samples, buffer length 480000, queue size -
2026-05-03 00:42:02 | DEBUG    | LEVI: Captured 8000 samples, buffer length 480000, queue size -
2026-05-03 00:42:02 | DEBUG    | LEVI: Captured 8000 samples, buffer length 480000, queue size -
2026-05-03 00:42:03 | DEBUG    | LEVI: Captured 8000 samples, buffer length 480000, queue size -
2026-05-03 00:42:03 | DEBUG    | LEVI: Captured 8000 samples, buffer length 480000, queue size -
2026-05-03 00:42:04 | DEBUG    | LEVI: Captured 8000 samples, buffer length 480000, queue size -
2026-05-03 00:42:04 | DEBUG    | LEVI: Captured 8000 samples, buffer length 480000, queue size -
2026-05-03 00:42:05 | DEBUG    | LEVI: Captured 8000 samples, buffer length 480000, queue size -
2026-05-03 00:42:05 | DEBUG    | LEVI: Captured 8000 samples, buffer length 480000, queue size -
2026-05-03 00:42:06 | DEBUG    | LEVI: Captured 8000 samples, buffer length 480000, queue size -
2026-05-03 00:42:06 | DEBUG    | LEVI: Captured 8000 samples, buffer length 480000, queue size -
2026-05-03 00:42:07 | DEBUG    | LEVI: Captured 8000 samples, buffer length 480000, queue size -
2026-05-03 00:42:07 | DEBUG    | LEVI: Captured 8000 samples, buffer length 480000, queue size -
2026-05-03 00:42:08 | DEBUG    | LEVI: Captured 8000 samples, buffer length 480000, queue size -
2026-05-03 00:42:08 | DEBUG    | LEVI: Captured 8000 samples, buffer length 480000, queue size -
2026-05-03 00:42:09 | DEBUG    | LEVI: Captured 8000 samples, buffer length 480000, queue size -
2026-05-03 00:42:09 | DEBUG    | LEVI: Captured 8000 samples, buffer length 480000, queue size -
2026-05-03 00:42:10 | DEBUG    | LEVI: Captured 8000 samples, buffer length 480000, queue size -
2026-05-03 00:42:10 | DEBUG    | LEVI: Captured 8000 samples, buffer length 480000, queue size -
2026-05-03 00:42:11 | DEBUG    | LEVI: Captured 8000 samples, buffer length 480000, queue size -
2026-05-03 00:42:11 | DEBUG    | LEVI: Captured 8000 samples, buffer length 480000, queue size -
2026-05-03 00:42:12 | DEBUG    | LEVI: Captured 8000 samples, buffer length 480000, queue size -
2026-05-03 00:42:12 | DEBUG    | LEVI: Captured 8000 samples, buffer length 480000, queue size -
2026-05-03 00:42:13 | DEBUG    | LEVI: Captured 8000 samples, buffer length 480000, queue size -
2026-05-03 00:42:13 | DEBUG    | LEVI: Captured 8000 samples, buffer length 480000, queue size -
2026-05-03 00:42:14 | DEBUG    | LEVI: Captured 8000 samples, buffer length 480000, queue size -
2026-05-03 00:42:14 | DEBUG    | LEVI: Captured 8000 samples, buffer length 480000, queue size -
2026-05-03 00:42:15 | DEBUG    | LEVI: Captured 8000 samples, buffer length 480000, queue size -
2026-05-03 00:42:15 | DEBUG    | LEVI: Captured 8000 samples, buffer length 480000, queue size -
2026-05-03 00:42:16 | DEBUG    | LEVI: Captured 8000 samples, buffer length 480000, queue size -
2026-05-03 00:42:16 | DEBUG    | LEVI: Captured 8000 samples, buffer length 480000, queue size -
2026-05-03 00:42:17 | DEBUG    | LEVI: Captured 8000 samples, buffer length 480000, queue size -
2026-05-03 00:42:17 | DEBUG    | LEVI: Captured 8000 samples, buffer length 480000, queue size -
2026-05-03 00:42:18 | DEBUG    | LEVI: Captured 8000 samples, buffer length 480000, queue size -
2026-05-03 00:42:18 | DEBUG    | LEVI: Captured 8000 samples, buffer length 480000, queue size -
2026-05-03 00:42:19 | DEBUG    | LEVI: Captured 8000 samples, buffer length 480000, queue size -
2026-05-03 00:42:19 | DEBUG    | LEVI: Captured 8000 samples, buffer length 480000, queue size -
2026-05-03 00:42:20 | DEBUG    | LEVI: Captured 8000 samples, buffer length 480000, queue size -
2026-05-03 00:42:20 | DEBUG    | LEVI: Captured 8000 samples, buffer length 480000, queue size -
2026-05-03 00:42:21 | DEBUG    | LEVI: Captured 8000 samples, buffer length 480000, queue size -
2026-05-03 00:42:21 | DEBUG    | LEVI: Captured 8000 samples, buffer length 480000, queue size -
2026-05-03 00:42:22 | DEBUG    | LEVI: Captured 8000 samples, buffer length 480000, queue size -
2026-05-03 00:42:22 | DEBUG    | LEVI: Captured 8000 samples, buffer length 480000, queue size -
2026-05-03 00:42:23 | DEBUG    | LEVI: Captured 8000 samples, buffer length 480000, queue size -
2026-05-03 00:42:23 | DEBUG    | LEVI: Captured 8000 samples, buffer length 480000, queue size -
2026-05-03 00:42:24 | DEBUG    | LEVI: Captured 8000 samples, buffer length 480000, queue size -
2026-05-03 00:42:24 | DEBUG    | LEVI: Captured 8000 samples, buffer length 480000, queue size -
2026-05-03 00:42:25 | DEBUG    | LEVI: Captured 8000 samples, buffer length 480000, queue size -
2026-05-03 00:42:25 | DEBUG    | LEVI: Captured 8000 samples, buffer length 480000, queue size -
2026-05-03 00:42:26 | DEBUG    | LEVI: Captured 8000 samples, buffer length 480000, queue size -
2026-05-03 00:42:26 | DEBUG    | LEVI: Captured 8000 samples, buffer length 480000, queue size -
2026-05-03 00:42:27 | DEBUG    | LEVI: Captured 8000 samples, buffer length 480000, queue size -
2026-05-03 00:42:27 | DEBUG    | LEVI: Captured 8000 samples, buffer length 480000, queue size -
2026-05-03 00:42:28 | DEBUG    | LEVI: Captured 8000 samples, buffer length 480000, queue size -
2026-05-03 00:42:28 | DEBUG    | LEVI: Captured 8000 samples, buffer length 480000, queue size -
2026-05-03 00:42:29 | DEBUG    | LEVI: Captured 8000 samples, buffer length 480000, queue size -
2026-05-03 00:42:29 | DEBUG    | LEVI: Captured 8000 samples, buffer length 480000, queue size -
2026-05-03 00:42:30 | DEBUG    | LEVI: Captured 8000 samples, buffer length 480000, queue size -
2026-05-03 00:42:30 | DEBUG    | LEVI: Captured 8000 samples, buffer length 480000, queue size -
2026-05-03 00:42:31 | DEBUG    | LEVI: Captured 8000 samples, buffer length 480000, queue size -
2026-05-03 00:42:31 | DEBUG    | LEVI: Captured 8000 samples, buffer length 480000, queue size -
2026-05-03 00:42:32 | DEBUG    | LEVI: Captured 8000 samples, buffer length 480000, queue size -
2026-05-03 00:42:32 | DEBUG    | LEVI: Captured 8000 samples, buffer length 480000, queue size -
2026-05-03 00:42:33 | DEBUG    | LEVI: Captured 8000 samples, buffer length 480000, queue size -
2026-05-03 00:42:33 | DEBUG    | LEVI: Captured 8000 samples, buffer length 480000, queue size -
2026-05-03 00:42:34 | DEBUG    | LEVI: Captured 8000 samples, buffer length 480000, queue size -
2026-05-03 00:42:34 | DEBUG    | LEVI: Captured 8000 samples, buffer length 480000, queue size -
2026-05-03 00:42:35 | DEBUG    | LEVI: Captured 8000 samples, buffer length 480000, queue size -
2026-05-03 00:42:35 | DEBUG    | LEVI: Captured 8000 samples, buffer length 480000, queue size -
2026-05-03 00:42:36 | DEBUG    | LEVI: Captured 8000 samples, buffer length 480000, queue size -
2026-05-03 00:42:36 | DEBUG    | LEVI: Captured 8000 samples, buffer length 480000, queue size -
2026-05-03 00:42:37 | DEBUG    | LEVI: Captured 8000 samples, buffer length 480000, queue size -
2026-05-03 00:42:37 | DEBUG    | LEVI: Captured 8000 samples, buffer length 480000, queue size -
2026-05-03 00:42:38 | DEBUG    | LEVI: Captured 8000 samples, buffer length 480000, queue size -
2026-05-03 00:42:38 | DEBUG    | LEVI: Captured 8000 samples, buffer length 480000, queue size -
2026-05-03 00:42:39 | DEBUG    | LEVI: Captured 8000 samples, buffer length 480000, queue size -
2026-05-03 00:42:39 | DEBUG    | LEVI: Captured 8000 samples, buffer length 480000, queue size -
2026-05-03 00:42:40 | DEBUG    | LEVI: Captured 8000 samples, buffer length 480000, queue size -
2026-05-03 00:42:40 | DEBUG    | LEVI: Captured 8000 samples, buffer length 480000, queue size -
2026-05-03 00:42:41 | DEBUG    | LEVI: Captured 8000 samples, buffer length 480000, queue size -
2026-05-03 00:42:41 | DEBUG    | LEVI: Captured 8000 samples, buffer length 480000, queue size -
2026-05-03 00:42:42 | DEBUG    | LEVI: Captured 8000 samples, buffer length 480000, queue size -
2026-05-03 00:42:42 | DEBUG    | LEVI: Captured 8000 samples, buffer length 480000, queue size -
2026-05-03 00:42:43 | DEBUG    | LEVI: Captured 8000 samples, buffer length 480000, queue size -
2026-05-03 00:42:43 | DEBUG    | LEVI: Captured 8000 samples, buffer length 480000, queue size -
2026-05-03 00:42:44 | DEBUG    | LEVI: Captured 8000 samples, buffer length 480000, queue size -
2026-05-03 00:42:44 | DEBUG    | LEVI: Captured 8000 samples, buffer length 480000, queue size -
2026-05-03 00:42:45 | DEBUG    | LEVI: Captured 8000 samples, buffer length 480000, queue size -
2026-05-03 00:42:45 | DEBUG    | LEVI: Captured 8000 samples, buffer length 480000, queue size -
2026-05-03 00:42:46 | DEBUG    | LEVI: Captured 8000 samples, buffer length 480000, queue size -
2026-05-03 00:42:46 | DEBUG    | LEVI: Captured 8000 samples, buffer length 480000, queue size -
2026-05-03 00:42:47 | DEBUG    | LEVI: Captured 8000 samples, buffer length 480000, queue size -
2026-05-03 00:42:47 | DEBUG    | LEVI: Captured 8000 samples, buffer length 480000, queue size -
2026-05-03 00:42:48 | DEBUG    | LEVI: Captured 8000 samples, buffer length 480000, queue size -
2026-05-03 00:42:48 | DEBUG    | LEVI: Captured 8000 samples, buffer length 480000, queue size -
2026-05-03 00:42:49 | DEBUG    | LEVI: Captured 8000 samples, buffer length 480000, queue size -
2026-05-03 00:42:49 | DEBUG    | LEVI: Captured 8000 samples, buffer length 480000, queue size -
2026-05-03 00:42:50 | DEBUG    | LEVI: Captured 8000 samples, buffer length 480000, queue size -
2026-05-03 00:42:50 | DEBUG    | LEVI: Captured 8000 samples, buffer length 480000, queue size -
2026-05-03 00:42:51 | DEBUG    | LEVI: Captured 8000 samples, buffer length 480000, queue size -
2026-05-03 00:42:51 | DEBUG    | LEVI: Captured 8000 samples, buffer length 480000, queue size -
2026-05-03 00:42:52 | DEBUG    | LEVI: Captured 8000 samples, buffer length 480000, queue size -
2026-05-03 00:42:52 | DEBUG    | LEVI: Captured 8000 samples, buffer length 480000, queue size -
2026-05-03 00:42:53 | DEBUG    | LEVI: Captured 8000 samples, buffer length 480000, queue size -
2026-05-03 00:42:53 | DEBUG    | LEVI: Captured 8000 samples, buffer length 480000, queue size -
2026-05-03 00:42:54 | DEBUG    | LEVI: Captured 8000 samples, buffer length 480000, queue size -
2026-05-03 00:42:54 | DEBUG    | LEVI: Captured 8000 samples, buffer length 480000, queue size -
2026-05-03 00:42:55 | DEBUG    | LEVI: Captured 8000 samples, buffer length 480000, queue size -
2026-05-03 00:42:55 | DEBUG    | LEVI: Captured 8000 samples, buffer length 480000, queue size -
2026-05-03 00:42:56 | DEBUG    | LEVI: Captured 8000 samples, buffer length 480000, queue size -
2026-05-03 00:42:56 | DEBUG    | LEVI: Captured 8000 samples, buffer length 480000, queue size -
2026-05-03 00:42:57 | DEBUG    | LEVI: Captured 8000 samples, buffer length 480000, queue size -
2026-05-03 00:42:57 | DEBUG    | LEVI: Captured 8000 samples, buffer length 480000, queue size -
2026-05-03 00:42:58 | DEBUG    | LEVI: Captured 8000 samples, buffer length 480000, queue size -
2026-05-03 00:42:58 | DEBUG    | LEVI: Captured 8000 samples, buffer length 480000, queue size -
2026-05-03 00:42:59 | DEBUG    | LEVI: Captured 8000 samples, buffer length 480000, queue size -
2026-05-03 00:42:59 | DEBUG    | LEVI: Captured 8000 samples, buffer length 480000, queue size -
2026-05-03 00:43:00 | DEBUG    | LEVI: Captured 8000 samples, buffer length 480000, queue size -
2026-05-03 00:43:00 | DEBUG    | LEVI: Captured 8000 samples, buffer length 480000, queue size -
2026-05-03 00:43:01 | DEBUG    | LEVI: Captured 8000 samples, buffer length 480000, queue size -
2026-05-03 00:43:01 | DEBUG    | LEVI: Captured 8000 samples, buffer length 480000, queue size -
2026-05-03 00:43:02 | DEBUG    | LEVI: Captured 8000 samples, buffer length 480000, queue size -
2026-05-03 00:43:02 | DEBUG    | LEVI: Captured 8000 samples, buffer length 480000, queue size -
2026-05-03 00:43:03 | DEBUG    | LEVI: Captured 8000 samples, buffer length 480000, queue size -
2026-05-03 00:43:03 | DEBUG    | LEVI: Captured 8000 samples, buffer length 480000, queue size -
2026-05-03 00:43:04 | DEBUG    | LEVI: Captured 8000 samples, buffer length 480000, queue size -
2026-05-03 00:43:04 | DEBUG    | LEVI: Captured 8000 samples, buffer length 480000, queue size -
2026-05-03 00:43:05 | DEBUG    | LEVI: Captured 8000 samples, buffer length 480000, queue size -
2026-05-03 00:43:05 | DEBUG    | LEVI: Captured 8000 samples, buffer length 480000, queue size -
2026-05-03 00:43:06 | DEBUG    | LEVI: Captured 8000 samples, buffer length 480000, queue size -
2026-05-03 00:43:06 | DEBUG    | LEVI: Captured 8000 samples, buffer length 480000, queue size -
2026-05-03 00:43:07 | DEBUG    | LEVI: Captured 8000 samples, buffer length 480000, queue size -
2026-05-03 00:43:07 | DEBUG    | LEVI: Captured 8000 samples, buffer length 480000, queue size -
2026-05-03 00:43:08 | DEBUG    | LEVI: Captured 8000 samples, buffer length 480000, queue size -
2026-05-03 00:43:08 | DEBUG    | LEVI: Captured 8000 samples, buffer length 480000, queue size -
2026-05-03 00:43:09 | DEBUG    | LEVI: Captured 8000 samples, buffer length 480000, queue size -
2026-05-03 00:43:09 | DEBUG    | LEVI: Captured 8000 samples, buffer length 480000, queue size -
2026-05-03 00:43:10 | DEBUG    | LEVI: Captured 8000 samples, buffer length 480000, queue size -
2026-05-03 00:43:10 | DEBUG    | LEVI: Captured 8000 samples, buffer length 480000, queue size -
2026-05-03 00:43:11 | DEBUG    | LEVI: Captured 8000 samples, buffer length 480000, queue size -
2026-05-03 00:43:11 | DEBUG    | LEVI: Captured 8000 samples, buffer length 480000, queue size -
2026-05-03 00:43:12 | DEBUG    | LEVI: Captured 8000 samples, buffer length 480000, queue size -
2026-05-03 00:43:12 | DEBUG    | LEVI: Captured 8000 samples, buffer length 480000, queue size -
2026-05-03 00:43:13 | DEBUG    | LEVI: Captured 8000 samples, buffer length 480000, queue size -
2026-05-03 00:43:13 | DEBUG    | LEVI: Captured 8000 samples, buffer length 480000, queue size -
2026-05-03 00:43:14 | DEBUG    | LEVI: Captured 8000 samples, buffer length 480000, queue size -
2026-05-03 00:43:14 | DEBUG    | LEVI: Captured 8000 samples, buffer length 480000, queue size -
2026-05-03 00:43:15 | DEBUG    | LEVI: Captured 8000 samples, buffer length 480000, queue size -
2026-05-03 00:43:15 | DEBUG    | LEVI: Captured 8000 samples, buffer length 480000, queue size -
2026-05-03 00:43:16 | DEBUG    | LEVI: Captured 8000 samples, buffer length 480000, queue size -
2026-05-03 00:43:16 | DEBUG    | LEVI: Captured 8000 samples, buffer length 480000, queue size -
2026-05-03 00:43:17 | DEBUG    | LEVI: Captured 8000 samples, buffer length 480000, queue size -
2026-05-03 00:43:17 | DEBUG    | LEVI: Captured 8000 samples, buffer length 480000, queue size -
2026-05-03 00:43:18 | DEBUG    | LEVI: Captured 8000 samples, buffer length 480000, queue size -
2026-05-03 00:43:18 | DEBUG    | LEVI: Captured 8000 samples, buffer length 480000, queue size -
2026-05-03 00:43:19 | DEBUG    | LEVI: Captured 8000 samples, buffer length 480000, queue size -
2026-05-03 00:43:19 | DEBUG    | LEVI: Captured 8000 samples, buffer length 480000, queue size -
2026-05-03 00:43:20 | DEBUG    | LEVI: Captured 8000 samples, buffer length 480000, queue size -
2026-05-03 00:43:20 | DEBUG    | LEVI: Captured 8000 samples, buffer length 480000, queue size -
2026-05-03 00:43:21 | DEBUG    | LEVI: Captured 8000 samples, buffer length 480000, queue size -
2026-05-03 00:43:21 | INFO     | LEVI: 
⏸️  Received stop signal
2026-05-03 00:43:21 | INFO     | LEVI: ⏹️  Stopping LEVI...
2026-05-03 00:43:21 | INFO     | LEVI: Stopping speech recognition...
2026-05-03 00:43:21 | INFO     | LEVI: ✓ LEVI stopped
2026-05-03 00:43:21 | DEBUG    | LEVI: Captured 8000 samples, buffer length 480000, queue size -
