2026-05-03 00:20:22 | INFO     | LEVI: ============================================================
2026-05-03 00:20:22 | INFO     | LEVI: 🤖 LEVI ASSISTANT - Initializing Core Loop
2026-05-03 00:20:22 | INFO     | LEVI: ============================================================
2026-05-03 00:20:22 | INFO     | LEVI: Initializing Speech Recognizer (faster-whisper)
2026-05-03 00:20:23 | INFO     | LEVI: Speech Recognizer initialized successfully
2026-05-03 00:20:23 | INFO     | LEVI: Initializing Voice Output (edge-tts)
2026-05-03 00:20:23 | INFO     | LEVI: Voice Output ready - Voice: en-US-GuyNeural
2026-05-03 00:20:23 | INFO     | LEVI: ✓ Core Loop initialized successfully
2026-05-03 00:20:23 | INFO     | LEVI: Starting continuous speech recognition...
2026-05-03 00:20:23 | INFO     | LEVI: 🎙️  LEVI is now listening...
2026-05-03 00:20:23 | INFO     | LEVI: 🔊 Speaking: Hello! I'm LEVI, your virtual assistant. I'm ready to listen....
2026-05-03 00:20:23 | INFO     | LEVI: Microphone stream opened
2026-05-03 00:20:24 | DEBUG    | LEVI: Captured 8000 samples, buffer length 8000
2026-05-03 00:20:24 | DEBUG    | LEVI: Audio energy: 0.002169 (threshold: 0.01)
2026-05-03 00:20:24 | DEBUG    | LEVI: Audio energy: 0.002169 (threshold: 0.01)
2026-05-03 00:20:24 | DEBUG    | LEVI: Audio energy: 0.002169 (threshold: 0.01)
2026-05-03 00:20:24 | DEBUG    | LEVI: Audio energy: 0.002169 (threshold: 0.01)
2026-05-03 00:20:24 | DEBUG    | LEVI: Audio energy: 0.002169 (threshold: 0.01)
2026-05-03 00:20:24 | DEBUG    | LEVI: Captured 8000 samples, buffer length 16000
2026-05-03 00:20:24 | DEBUG    | LEVI: Audio energy: 0.001534 (threshold: 0.01)
2026-05-03 00:20:24 | DEBUG    | LEVI: Audio energy: 0.001534 (threshold: 0.01)
2026-05-03 00:20:25 | DEBUG    | LEVI: Audio energy: 0.001534 (threshold: 0.01)
2026-05-03 00:20:25 | DEBUG    | LEVI: Audio energy: 0.001534 (threshold: 0.01)
2026-05-03 00:20:25 | DEBUG    | LEVI: Captured 8000 samples, buffer length 24000
2026-05-03 00:20:25 | DEBUG    | LEVI: Audio energy: 0.001253 (threshold: 0.01)
2026-05-03 00:20:25 | DEBUG    | LEVI: Audio energy: 0.001253 (threshold: 0.01)
2026-05-03 00:20:25 | DEBUG    | LEVI: Audio energy: 0.001253 (threshold: 0.01)
2026-05-03 00:20:25 | DEBUG    | LEVI: Audio energy: 0.001253 (threshold: 0.01)
2026-05-03 00:20:25 | DEBUG    | LEVI: Audio energy: 0.001253 (threshold: 0.01)
2026-05-03 00:20:25 | DEBUG    | LEVI: Captured 8000 samples, buffer length 32000
2026-05-03 00:20:25 | DEBUG    | LEVI: Audio energy: 0.001086 (threshold: 0.01)
2026-05-03 00:20:25 | DEBUG    | LEVI: Audio energy: 0.001086 (threshold: 0.01)
2026-05-03 00:20:25 | DEBUG    | LEVI: Audio energy: 0.001086 (threshold: 0.01)
2026-05-03 00:20:26 | DEBUG    | LEVI: Audio energy: 0.001086 (threshold: 0.01)
2026-05-03 00:20:26 | DEBUG    | LEVI: Audio energy: 0.001086 (threshold: 0.01)
2026-05-03 00:20:26 | DEBUG    | LEVI: Captured 8000 samples, buffer length 40000
2026-05-03 00:20:26 | DEBUG    | LEVI: Audio energy: 0.000972 (threshold: 0.01)
2026-05-03 00:20:26 | DEBUG    | LEVI: Audio energy: 0.000972 (threshold: 0.01)
2026-05-03 00:20:26 | DEBUG    | LEVI: Audio energy: 0.000972 (threshold: 0.01)
2026-05-03 00:20:26 | DEBUG    | LEVI: Audio energy: 0.000972 (threshold: 0.01)
2026-05-03 00:20:26 | DEBUG    | LEVI: Captured 8000 samples, buffer length 48000
2026-05-03 00:20:26 | DEBUG    | LEVI: Audio energy: 0.000887 (threshold: 0.01)
2026-05-03 00:20:26 | DEBUG    | LEVI: Audio energy: 0.000887 (threshold: 0.01)
2026-05-03 00:20:26 | DEBUG    | LEVI: Audio energy: 0.000887 (threshold: 0.01)
2026-05-03 00:20:27 | DEBUG    | LEVI: Audio energy: 0.000887 (threshold: 0.01)
2026-05-03 00:20:27 | DEBUG    | LEVI: Audio energy: 0.000887 (threshold: 0.01)
2026-05-03 00:20:27 | DEBUG    | LEVI: Captured 8000 samples, buffer length 56000
2026-05-03 00:20:27 | DEBUG    | LEVI: Audio energy: 0.000821 (threshold: 0.01)
2026-05-03 00:20:27 | DEBUG    | LEVI: Audio energy: 0.000821 (threshold: 0.01)
2026-05-03 00:20:27 | DEBUG    | LEVI: Audio energy: 0.000821 (threshold: 0.01)
2026-05-03 00:20:27 | DEBUG    | LEVI: Audio energy: 0.000821 (threshold: 0.01)
2026-05-03 00:20:27 | DEBUG    | LEVI: Audio energy: 0.000821 (threshold: 0.01)
2026-05-03 00:20:27 | DEBUG    | LEVI: Captured 8000 samples, buffer length 64000
2026-05-03 00:20:27 | DEBUG    | LEVI: Audio energy: 0.000768 (threshold: 0.01)
2026-05-03 00:20:27 | DEBUG    | LEVI: Audio energy: 0.000768 (threshold: 0.01)
2026-05-03 00:20:28 | DEBUG    | LEVI: Audio energy: 0.000768 (threshold: 0.01)
2026-05-03 00:20:28 | DEBUG    | LEVI: Audio energy: 0.000768 (threshold: 0.01)
2026-05-03 00:20:28 | DEBUG    | LEVI: Captured 8000 samples, buffer length 72000
2026-05-03 00:20:28 | DEBUG    | LEVI: Audio energy: 0.000734 (threshold: 0.01)
2026-05-03 00:20:28 | DEBUG    | LEVI: Audio energy: 0.000734 (threshold: 0.01)
2026-05-03 00:20:28 | DEBUG    | LEVI: Audio energy: 0.000734 (threshold: 0.01)
2026-05-03 00:20:28 | DEBUG    | LEVI: Audio energy: 0.000734 (threshold: 0.01)
2026-05-03 00:20:28 | DEBUG    | LEVI: Audio energy: 0.000734 (threshold: 0.01)
2026-05-03 00:20:28 | DEBUG    | LEVI: Captured 8000 samples, buffer length 80000
2026-05-03 00:20:28 | DEBUG    | LEVI: Audio energy: 0.000699 (threshold: 0.01)
2026-05-03 00:20:28 | DEBUG    | LEVI: Audio energy: 0.000699 (threshold: 0.01)
2026-05-03 00:20:29 | DEBUG    | LEVI: Audio energy: 0.000699 (threshold: 0.01)
2026-05-03 00:20:29 | DEBUG    | LEVI: Audio energy: 0.000699 (threshold: 0.01)
2026-05-03 00:20:29 | DEBUG    | LEVI: Captured 8000 samples, buffer length 88000
2026-05-03 00:20:29 | DEBUG    | LEVI: Audio energy: 0.000667 (threshold: 0.01)
2026-05-03 00:20:29 | DEBUG    | LEVI: Audio energy: 0.000667 (threshold: 0.01)
2026-05-03 00:20:29 | DEBUG    | LEVI: Audio energy: 0.000667 (threshold: 0.01)
2026-05-03 00:20:29 | DEBUG    | LEVI: Audio energy: 0.000667 (threshold: 0.01)
2026-05-03 00:20:29 | DEBUG    | LEVI: Audio energy: 0.000667 (threshold: 0.01)
2026-05-03 00:20:29 | DEBUG    | LEVI: Captured 8000 samples, buffer length 96000
2026-05-03 00:20:29 | DEBUG    | LEVI: Audio energy: 0.000639 (threshold: 0.01)
2026-05-03 00:20:29 | DEBUG    | LEVI: Audio energy: 0.000639 (threshold: 0.01)
2026-05-03 00:20:29 | DEBUG    | LEVI: Audio energy: 0.000639 (threshold: 0.01)
2026-05-03 00:20:30 | DEBUG    | LEVI: Audio energy: 0.000639 (threshold: 0.01)
2026-05-03 00:20:30 | DEBUG    | LEVI: Captured 8000 samples, buffer length 104000
2026-05-03 00:20:30 | DEBUG    | LEVI: Audio energy: 0.000614 (threshold: 0.01)
2026-05-03 00:20:30 | DEBUG    | LEVI: Audio energy: 0.000614 (threshold: 0.01)
2026-05-03 00:20:30 | DEBUG    | LEVI: Audio energy: 0.000614 (threshold: 0.01)
2026-05-03 00:20:30 | DEBUG    | LEVI: Audio energy: 0.000614 (threshold: 0.01)
2026-05-03 00:20:30 | DEBUG    | LEVI: Audio energy: 0.000614 (threshold: 0.01)
2026-05-03 00:20:30 | DEBUG    | LEVI: Captured 8000 samples, buffer length 112000
2026-05-03 00:20:30 | DEBUG    | LEVI: Audio energy: 0.000591 (threshold: 0.01)
2026-05-03 00:20:30 | DEBUG    | LEVI: Audio energy: 0.000591 (threshold: 0.01)
2026-05-03 00:20:31 | DEBUG    | LEVI: Audio energy: 0.000591 (threshold: 0.01)
2026-05-03 00:20:31 | DEBUG    | LEVI: Audio energy: 0.000591 (threshold: 0.01)
2026-05-03 00:20:31 | DEBUG    | LEVI: Captured 8000 samples, buffer length 120000
2026-05-03 00:20:31 | DEBUG    | LEVI: Audio energy: 0.000571 (threshold: 0.01)
2026-05-03 00:20:31 | DEBUG    | LEVI: Audio energy: 0.000571 (threshold: 0.01)
2026-05-03 00:20:31 | DEBUG    | LEVI: Audio energy: 0.000571 (threshold: 0.01)
2026-05-03 00:20:31 | DEBUG    | LEVI: Audio energy: 0.000571 (threshold: 0.01)
2026-05-03 00:20:31 | DEBUG    | LEVI: Audio energy: 0.000571 (threshold: 0.01)
2026-05-03 00:20:31 | DEBUG    | LEVI: Captured 8000 samples, buffer length 128000
2026-05-03 00:20:31 | DEBUG    | LEVI: Audio energy: 0.000553 (threshold: 0.01)
2026-05-03 00:20:31 | DEBUG    | LEVI: Audio energy: 0.000553 (threshold: 0.01)
2026-05-03 00:20:32 | DEBUG    | LEVI: Audio energy: 0.000553 (threshold: 0.01)
2026-05-03 00:20:32 | DEBUG    | LEVI: Audio energy: 0.000553 (threshold: 0.01)
2026-05-03 00:20:32 | DEBUG    | LEVI: Captured 8000 samples, buffer length 136000
2026-05-03 00:20:32 | DEBUG    | LEVI: Audio energy: 0.000537 (threshold: 0.01)
2026-05-03 00:20:32 | DEBUG    | LEVI: Audio energy: 0.000537 (threshold: 0.01)
2026-05-03 00:20:32 | DEBUG    | LEVI: Audio energy: 0.000537 (threshold: 0.01)
2026-05-03 00:20:32 | DEBUG    | LEVI: Audio energy: 0.000537 (threshold: 0.01)
2026-05-03 00:20:32 | DEBUG    | LEVI: Captured 8000 samples, buffer length 144000
2026-05-03 00:20:32 | DEBUG    | LEVI: Audio energy: 0.000522 (threshold: 0.01)
2026-05-03 00:20:32 | DEBUG    | LEVI: Audio energy: 0.000522 (threshold: 0.01)
2026-05-03 00:20:32 | DEBUG    | LEVI: Audio energy: 0.000522 (threshold: 0.01)
2026-05-03 00:20:33 | DEBUG    | LEVI: Audio energy: 0.000522 (threshold: 0.01)
2026-05-03 00:20:33 | DEBUG    | LEVI: Audio energy: 0.000522 (threshold: 0.01)
2026-05-03 00:20:33 | DEBUG    | LEVI: Captured 8000 samples, buffer length 152000
2026-05-03 00:20:33 | DEBUG    | LEVI: Audio energy: 0.000508 (threshold: 0.01)
2026-05-03 00:20:33 | DEBUG    | LEVI: Audio energy: 0.000508 (threshold: 0.01)
2026-05-03 00:20:33 | DEBUG    | LEVI: Audio energy: 0.000508 (threshold: 0.01)
2026-05-03 00:20:33 | DEBUG    | LEVI: Audio energy: 0.000508 (threshold: 0.01)
2026-05-03 00:20:33 | DEBUG    | LEVI: Captured 8000 samples, buffer length 160000
2026-05-03 00:20:33 | DEBUG    | LEVI: Audio energy: 0.000495 (threshold: 0.01)
2026-05-03 00:20:33 | DEBUG    | LEVI: Audio energy: 0.000495 (threshold: 0.01)
2026-05-03 00:20:34 | DEBUG    | LEVI: Audio energy: 0.000495 (threshold: 0.01)
2026-05-03 00:20:34 | DEBUG    | LEVI: Audio energy: 0.000495 (threshold: 0.01)
2026-05-03 00:20:34 | DEBUG    | LEVI: Captured 8000 samples, buffer length 168000
2026-05-03 00:20:34 | DEBUG    | LEVI: Audio energy: 0.000483 (threshold: 0.01)
2026-05-03 00:20:34 | DEBUG    | LEVI: Audio energy: 0.000483 (threshold: 0.01)
2026-05-03 00:20:34 | DEBUG    | LEVI: Audio energy: 0.000483 (threshold: 0.01)
2026-05-03 00:20:34 | DEBUG    | LEVI: Audio energy: 0.000483 (threshold: 0.01)
2026-05-03 00:20:34 | DEBUG    | LEVI: Captured 8000 samples, buffer length 176000
2026-05-03 00:20:34 | DEBUG    | LEVI: Audio energy: 0.000472 (threshold: 0.01)
2026-05-03 00:20:34 | DEBUG    | LEVI: Audio energy: 0.000472 (threshold: 0.01)
2026-05-03 00:20:34 | DEBUG    | LEVI: Audio energy: 0.000472 (threshold: 0.01)
2026-05-03 00:20:35 | DEBUG    | LEVI: Audio energy: 0.000472 (threshold: 0.01)
2026-05-03 00:20:35 | DEBUG    | LEVI: Audio energy: 0.000472 (threshold: 0.01)
2026-05-03 00:20:35 | DEBUG    | LEVI: Captured 8000 samples, buffer length 184000
2026-05-03 00:20:35 | DEBUG    | LEVI: Audio energy: 0.000462 (threshold: 0.01)
2026-05-03 00:20:35 | DEBUG    | LEVI: Audio energy: 0.000462 (threshold: 0.01)
2026-05-03 00:20:35 | DEBUG    | LEVI: Audio energy: 0.000462 (threshold: 0.01)
2026-05-03 00:20:35 | DEBUG    | LEVI: Audio energy: 0.000462 (threshold: 0.01)
2026-05-03 00:20:35 | DEBUG    | LEVI: Captured 8000 samples, buffer length 192000
2026-05-03 00:20:35 | DEBUG    | LEVI: Audio energy: 0.000452 (threshold: 0.01)
2026-05-03 00:20:35 | DEBUG    | LEVI: Audio energy: 0.000452 (threshold: 0.01)
2026-05-03 00:20:36 | DEBUG    | LEVI: Audio energy: 0.000452 (threshold: 0.01)
2026-05-03 00:20:36 | DEBUG    | LEVI: Audio energy: 0.000452 (threshold: 0.01)
2026-05-03 00:20:36 | DEBUG    | LEVI: Captured 8000 samples, buffer length 200000
2026-05-03 00:20:36 | DEBUG    | LEVI: Audio energy: 0.000443 (threshold: 0.01)
2026-05-03 00:20:36 | DEBUG    | LEVI: Audio energy: 0.000443 (threshold: 0.01)
2026-05-03 00:20:36 | DEBUG    | LEVI: Audio energy: 0.000443 (threshold: 0.01)
2026-05-03 00:20:36 | DEBUG    | LEVI: Audio energy: 0.000443 (threshold: 0.01)
2026-05-03 00:20:36 | DEBUG    | LEVI: Captured 8000 samples, buffer length 208000
2026-05-03 00:20:36 | DEBUG    | LEVI: Audio energy: 0.000435 (threshold: 0.01)
2026-05-03 00:20:36 | DEBUG    | LEVI: Audio energy: 0.000435 (threshold: 0.01)
2026-05-03 00:20:36 | DEBUG    | LEVI: Audio energy: 0.000435 (threshold: 0.01)
2026-05-03 00:20:37 | DEBUG    | LEVI: Audio energy: 0.000435 (threshold: 0.01)
2026-05-03 00:20:37 | DEBUG    | LEVI: Audio energy: 0.000435 (threshold: 0.01)
2026-05-03 00:20:37 | DEBUG    | LEVI: Captured 8000 samples, buffer length 216000
2026-05-03 00:20:37 | DEBUG    | LEVI: Audio energy: 0.000427 (threshold: 0.01)
2026-05-03 00:20:37 | DEBUG    | LEVI: Audio energy: 0.000427 (threshold: 0.01)
2026-05-03 00:20:37 | DEBUG    | LEVI: Audio energy: 0.000427 (threshold: 0.01)
2026-05-03 00:20:37 | DEBUG    | LEVI: Audio energy: 0.000427 (threshold: 0.01)
2026-05-03 00:20:37 | DEBUG    | LEVI: Captured 8000 samples, buffer length 224000
2026-05-03 00:20:37 | DEBUG    | LEVI: Audio energy: 0.000419 (threshold: 0.01)
2026-05-03 00:20:37 | DEBUG    | LEVI: Audio energy: 0.000419 (threshold: 0.01)
2026-05-03 00:20:38 | DEBUG    | LEVI: Audio energy: 0.000419 (threshold: 0.01)
2026-05-03 00:20:38 | DEBUG    | LEVI: Audio energy: 0.000419 (threshold: 0.01)
2026-05-03 00:20:38 | DEBUG    | LEVI: Captured 8000 samples, buffer length 232000
2026-05-03 00:20:38 | DEBUG    | LEVI: Audio energy: 0.002406 (threshold: 0.01)
2026-05-03 00:20:38 | DEBUG    | LEVI: Audio energy: 0.002406 (threshold: 0.01)
2026-05-03 00:20:38 | DEBUG    | LEVI: Audio energy: 0.002406 (threshold: 0.01)
2026-05-03 00:20:38 | DEBUG    | LEVI: Audio energy: 0.002406 (threshold: 0.01)
2026-05-03 00:20:38 | DEBUG    | LEVI: Captured 8000 samples, buffer length 240000
2026-05-03 00:20:38 | DEBUG    | LEVI: Audio energy: 0.002406 (threshold: 0.01)
2026-05-03 00:20:38 | DEBUG    | LEVI: Audio energy: 0.006285 (threshold: 0.01)
2026-05-03 00:20:38 | DEBUG    | LEVI: Audio energy: 0.006285 (threshold: 0.01)
2026-05-03 00:20:39 | DEBUG    | LEVI: Audio energy: 0.006285 (threshold: 0.01)
2026-05-03 00:20:39 | DEBUG    | LEVI: Audio energy: 0.006285 (threshold: 0.01)
2026-05-03 00:20:39 | DEBUG    | LEVI: Captured 8000 samples, buffer length 248000
2026-05-03 00:20:39 | DEBUG    | LEVI: Audio energy: 0.007093 (threshold: 0.01)
2026-05-03 00:20:39 | DEBUG    | LEVI: Audio energy: 0.007093 (threshold: 0.01)
2026-05-03 00:20:39 | DEBUG    | LEVI: Audio energy: 0.007093 (threshold: 0.01)
2026-05-03 00:20:39 | DEBUG    | LEVI: Audio energy: 0.007093 (threshold: 0.01)
2026-05-03 00:20:39 | DEBUG    | LEVI: Captured 8000 samples, buffer length 256000
2026-05-03 00:20:39 | DEBUG    | LEVI: Audio energy: 0.007276 (threshold: 0.01)
2026-05-03 00:20:39 | DEBUG    | LEVI: Audio energy: 0.007276 (threshold: 0.01)
2026-05-03 00:20:40 | DEBUG    | LEVI: Audio energy: 0.007276 (threshold: 0.01)
2026-05-03 00:20:40 | DEBUG    | LEVI: Audio energy: 0.007276 (threshold: 0.01)
2026-05-03 00:20:40 | DEBUG    | LEVI: Captured 8000 samples, buffer length 264000
2026-05-03 00:20:40 | DEBUG    | LEVI: Audio energy: 0.007165 (threshold: 0.01)
2026-05-03 00:20:40 | DEBUG    | LEVI: Audio energy: 0.007165 (threshold: 0.01)
2026-05-03 00:20:40 | DEBUG    | LEVI: Audio energy: 0.007165 (threshold: 0.01)
2026-05-03 00:20:40 | DEBUG    | LEVI: Audio energy: 0.007165 (threshold: 0.01)
2026-05-03 00:20:40 | DEBUG    | LEVI: Captured 8000 samples, buffer length 272000
2026-05-03 00:20:40 | DEBUG    | LEVI: Audio energy: 0.007059 (threshold: 0.01)
2026-05-03 00:20:40 | DEBUG    | LEVI: Audio energy: 0.007059 (threshold: 0.01)
2026-05-03 00:20:41 | DEBUG    | LEVI: Audio energy: 0.007059 (threshold: 0.01)
2026-05-03 00:20:41 | DEBUG    | LEVI: Audio energy: 0.007059 (threshold: 0.01)
2026-05-03 00:20:41 | DEBUG    | LEVI: Captured 8000 samples, buffer length 280000
2026-05-03 00:20:41 | DEBUG    | LEVI: Audio energy: 0.006957 (threshold: 0.01)
2026-05-03 00:20:41 | DEBUG    | LEVI: Audio energy: 0.006957 (threshold: 0.01)
2026-05-03 00:20:41 | DEBUG    | LEVI: Audio energy: 0.006957 (threshold: 0.01)
2026-05-03 00:20:41 | DEBUG    | LEVI: Audio energy: 0.006957 (threshold: 0.01)
2026-05-03 00:20:41 | DEBUG    | LEVI: Captured 8000 samples, buffer length 288000
2026-05-03 00:20:41 | DEBUG    | LEVI: Audio energy: 0.006860 (threshold: 0.01)
2026-05-03 00:20:41 | DEBUG    | LEVI: Audio energy: 0.006860 (threshold: 0.01)
2026-05-03 00:20:42 | DEBUG    | LEVI: Audio energy: 0.006860 (threshold: 0.01)
2026-05-03 00:20:42 | DEBUG    | LEVI: Audio energy: 0.006860 (threshold: 0.01)
2026-05-03 00:20:42 | DEBUG    | LEVI: Captured 8000 samples, buffer length 296000
2026-05-03 00:20:42 | DEBUG    | LEVI: Audio energy: 0.006766 (threshold: 0.01)
2026-05-03 00:20:42 | DEBUG    | LEVI: Audio energy: 0.006766 (threshold: 0.01)
2026-05-03 00:20:42 | DEBUG    | LEVI: Audio energy: 0.006766 (threshold: 0.01)
2026-05-03 00:20:42 | DEBUG    | LEVI: Audio energy: 0.006766 (threshold: 0.01)
2026-05-03 00:20:42 | DEBUG    | LEVI: Captured 8000 samples, buffer length 304000
2026-05-03 00:20:42 | DEBUG    | LEVI: Audio energy: 0.006677 (threshold: 0.01)
2026-05-03 00:20:42 | DEBUG    | LEVI: Audio energy: 0.006677 (threshold: 0.01)
2026-05-03 00:20:43 | DEBUG    | LEVI: Audio energy: 0.006677 (threshold: 0.01)
2026-05-03 00:20:43 | DEBUG    | LEVI: Audio energy: 0.006677 (threshold: 0.01)
2026-05-03 00:20:43 | DEBUG    | LEVI: Captured 8000 samples, buffer length 312000
2026-05-03 00:20:43 | DEBUG    | LEVI: Audio energy: 0.006591 (threshold: 0.01)
2026-05-03 00:20:43 | DEBUG    | LEVI: Audio energy: 0.006591 (threshold: 0.01)
2026-05-03 00:20:43 | DEBUG    | LEVI: Audio energy: 0.006591 (threshold: 0.01)
2026-05-03 00:20:43 | DEBUG    | LEVI: Audio energy: 0.006591 (threshold: 0.01)
2026-05-03 00:20:43 | DEBUG    | LEVI: Captured 8000 samples, buffer length 320000
2026-05-03 00:20:43 | DEBUG    | LEVI: Audio energy: 0.006591 (threshold: 0.01)
2026-05-03 00:20:43 | DEBUG    | LEVI: Audio energy: 0.006508 (threshold: 0.01)
2026-05-03 00:20:43 | DEBUG    | LEVI: Audio energy: 0.006508 (threshold: 0.01)
2026-05-03 00:20:44 | DEBUG    | LEVI: Audio energy: 0.006508 (threshold: 0.01)
2026-05-03 00:20:44 | DEBUG    | LEVI: Captured 8000 samples, buffer length 328000
2026-05-03 00:20:44 | DEBUG    | LEVI: Audio energy: 0.006508 (threshold: 0.01)
2026-05-03 00:20:44 | DEBUG    | LEVI: Audio energy: 0.006428 (threshold: 0.01)
2026-05-03 00:20:44 | DEBUG    | LEVI: Audio energy: 0.006428 (threshold: 0.01)
2026-05-03 00:20:44 | DEBUG    | LEVI: Audio energy: 0.006428 (threshold: 0.01)
2026-05-03 00:20:44 | DEBUG    | LEVI: Audio energy: 0.006428 (threshold: 0.01)
2026-05-03 00:20:44 | DEBUG    | LEVI: Captured 8000 samples, buffer length 336000
2026-05-03 00:20:44 | DEBUG    | LEVI: Audio energy: 0.006351 (threshold: 0.01)
2026-05-03 00:20:44 | DEBUG    | LEVI: Audio energy: 0.006351 (threshold: 0.01)
2026-05-03 00:20:45 | DEBUG    | LEVI: Audio energy: 0.006351 (threshold: 0.01)
2026-05-03 00:20:45 | DEBUG    | LEVI: Audio energy: 0.006351 (threshold: 0.01)
2026-05-03 00:20:45 | DEBUG    | LEVI: Captured 8000 samples, buffer length 344000
2026-05-03 00:20:45 | DEBUG    | LEVI: Audio energy: 0.006277 (threshold: 0.01)
2026-05-03 00:20:45 | DEBUG    | LEVI: Audio energy: 0.006277 (threshold: 0.01)
2026-05-03 00:20:45 | DEBUG    | LEVI: Audio energy: 0.006277 (threshold: 0.01)
2026-05-03 00:20:45 | DEBUG    | LEVI: Captured 8000 samples, buffer length 352000
2026-05-03 00:20:45 | DEBUG    | LEVI: Audio energy: 0.006277 (threshold: 0.01)
2026-05-03 00:20:45 | DEBUG    | LEVI: Audio energy: 0.006205 (threshold: 0.01)
2026-05-03 00:20:45 | DEBUG    | LEVI: Audio energy: 0.006205 (threshold: 0.01)
2026-05-03 00:20:46 | DEBUG    | LEVI: Audio energy: 0.006205 (threshold: 0.01)
2026-05-03 00:20:46 | DEBUG    | LEVI: Captured 8000 samples, buffer length 360000
2026-05-03 00:20:46 | DEBUG    | LEVI: Audio energy: 0.006136 (threshold: 0.01)
2026-05-03 00:20:46 | DEBUG    | LEVI: Audio energy: 0.006136 (threshold: 0.01)
2026-05-03 00:20:46 | DEBUG    | LEVI: Audio energy: 0.006136 (threshold: 0.01)
2026-05-03 00:20:46 | DEBUG    | LEVI: Audio energy: 0.006136 (threshold: 0.01)
2026-05-03 00:20:46 | DEBUG    | LEVI: Captured 8000 samples, buffer length 368000
2026-05-03 00:20:46 | DEBUG    | LEVI: Audio energy: 0.006069 (threshold: 0.01)
2026-05-03 00:20:46 | DEBUG    | LEVI: Audio energy: 0.006069 (threshold: 0.01)
2026-05-03 00:20:47 | DEBUG    | LEVI: Audio energy: 0.006069 (threshold: 0.01)
2026-05-03 00:20:47 | DEBUG    | LEVI: Audio energy: 0.006069 (threshold: 0.01)
2026-05-03 00:20:47 | DEBUG    | LEVI: Captured 8000 samples, buffer length 376000
2026-05-03 00:20:47 | DEBUG    | LEVI: Audio energy: 0.006004 (threshold: 0.01)
2026-05-03 00:20:47 | DEBUG    | LEVI: Audio energy: 0.006004 (threshold: 0.01)
2026-05-03 00:20:47 | DEBUG    | LEVI: Audio energy: 0.006004 (threshold: 0.01)
2026-05-03 00:20:47 | DEBUG    | LEVI: Audio energy: 0.006004 (threshold: 0.01)
2026-05-03 00:20:47 | DEBUG    | LEVI: Captured 8000 samples, buffer length 384000
2026-05-03 00:20:47 | DEBUG    | LEVI: Audio energy: 0.005941 (threshold: 0.01)
2026-05-03 00:20:47 | DEBUG    | LEVI: Audio energy: 0.005941 (threshold: 0.01)
2026-05-03 00:20:48 | DEBUG    | LEVI: Audio energy: 0.005941 (threshold: 0.01)
2026-05-03 00:20:48 | DEBUG    | LEVI: Captured 8000 samples, buffer length 392000
2026-05-03 00:20:48 | DEBUG    | LEVI: Audio energy: 0.005941 (threshold: 0.01)
2026-05-03 00:20:48 | DEBUG    | LEVI: Audio energy: 0.005880 (threshold: 0.01)
2026-05-03 00:20:48 | DEBUG    | LEVI: Audio energy: 0.005880 (threshold: 0.01)
2026-05-03 00:20:48 | DEBUG    | LEVI: Audio energy: 0.005880 (threshold: 0.01)
2026-05-03 00:20:48 | DEBUG    | LEVI: Captured 8000 samples, buffer length 400000
2026-05-03 00:20:48 | DEBUG    | LEVI: Audio energy: 0.005821 (threshold: 0.01)
2026-05-03 00:20:48 | DEBUG    | LEVI: Audio energy: 0.005821 (threshold: 0.01)
2026-05-03 00:20:49 | DEBUG    | LEVI: Audio energy: 0.005821 (threshold: 0.01)
2026-05-03 00:20:49 | DEBUG    | LEVI: Audio energy: 0.005821 (threshold: 0.01)
2026-05-03 00:20:49 | DEBUG    | LEVI: Captured 8000 samples, buffer length 408000
2026-05-03 00:20:49 | DEBUG    | LEVI: Audio energy: 0.005763 (threshold: 0.01)
2026-05-03 00:20:49 | DEBUG    | LEVI: Audio energy: 0.005763 (threshold: 0.01)
2026-05-03 00:20:49 | DEBUG    | LEVI: Audio energy: 0.005763 (threshold: 0.01)
2026-05-03 00:20:49 | DEBUG    | LEVI: Audio energy: 0.005763 (threshold: 0.01)
2026-05-03 00:20:49 | DEBUG    | LEVI: Captured 8000 samples, buffer length 416000
2026-05-03 00:20:49 | DEBUG    | LEVI: Audio energy: 0.005708 (threshold: 0.01)
2026-05-03 00:20:49 | DEBUG    | LEVI: Audio energy: 0.005708 (threshold: 0.01)
2026-05-03 00:20:50 | DEBUG    | LEVI: Audio energy: 0.005708 (threshold: 0.01)
2026-05-03 00:20:50 | DEBUG    | LEVI: Audio energy: 0.005708 (threshold: 0.01)
2026-05-03 00:20:50 | DEBUG    | LEVI: Captured 8000 samples, buffer length 424000
2026-05-03 00:20:50 | DEBUG    | LEVI: Audio energy: 0.005654 (threshold: 0.01)
2026-05-03 00:20:50 | DEBUG    | LEVI: Audio energy: 0.005654 (threshold: 0.01)
2026-05-03 00:20:50 | DEBUG    | LEVI: Audio energy: 0.005654 (threshold: 0.01)
2026-05-03 00:20:50 | DEBUG    | LEVI: Captured 8000 samples, buffer length 432000
2026-05-03 00:20:50 | DEBUG    | LEVI: Audio energy: 0.005654 (threshold: 0.01)
2026-05-03 00:20:50 | DEBUG    | LEVI: Audio energy: 0.005601 (threshold: 0.01)
2026-05-03 00:20:50 | DEBUG    | LEVI: Audio energy: 0.005601 (threshold: 0.01)
2026-05-03 00:20:51 | DEBUG    | LEVI: Audio energy: 0.005601 (threshold: 0.01)
2026-05-03 00:20:51 | DEBUG    | LEVI: Captured 8000 samples, buffer length 440000
2026-05-03 00:20:51 | DEBUG    | LEVI: Audio energy: 0.005601 (threshold: 0.01)
2026-05-03 00:20:51 | DEBUG    | LEVI: Audio energy: 0.005550 (threshold: 0.01)
2026-05-03 00:20:51 | DEBUG    | LEVI: Audio energy: 0.005550 (threshold: 0.01)
2026-05-03 00:20:51 | DEBUG    | LEVI: Audio energy: 0.005550 (threshold: 0.01)
2026-05-03 00:20:51 | DEBUG    | LEVI: Captured 8000 samples, buffer length 448000
2026-05-03 00:20:51 | DEBUG    | LEVI: Audio energy: 0.005500 (threshold: 0.01)
2026-05-03 00:20:51 | DEBUG    | LEVI: Audio energy: 0.005500 (threshold: 0.01)
2026-05-03 00:20:52 | DEBUG    | LEVI: Audio energy: 0.005500 (threshold: 0.01)
2026-05-03 00:20:52 | DEBUG    | LEVI: Audio energy: 0.005500 (threshold: 0.01)
2026-05-03 00:20:52 | DEBUG    | LEVI: Captured 8000 samples, buffer length 456000
2026-05-03 00:20:52 | DEBUG    | LEVI: Audio energy: 0.005452 (threshold: 0.01)
2026-05-03 00:20:52 | DEBUG    | LEVI: Audio energy: 0.005452 (threshold: 0.01)
2026-05-03 00:20:52 | DEBUG    | LEVI: Audio energy: 0.005452 (threshold: 0.01)
2026-05-03 00:20:52 | DEBUG    | LEVI: Captured 8000 samples, buffer length 464000
2026-05-03 00:20:52 | DEBUG    | LEVI: Audio energy: 0.005404 (threshold: 0.01)
2026-05-03 00:20:52 | DEBUG    | LEVI: Audio energy: 0.005404 (threshold: 0.01)
2026-05-03 00:20:53 | DEBUG    | LEVI: Audio energy: 0.005404 (threshold: 0.01)
2026-05-03 00:20:53 | DEBUG    | LEVI: Audio energy: 0.005404 (threshold: 0.01)
2026-05-03 00:20:53 | DEBUG    | LEVI: Captured 8000 samples, buffer length 472000
2026-05-03 00:20:53 | DEBUG    | LEVI: Audio energy: 0.005358 (threshold: 0.01)
2026-05-03 00:20:53 | DEBUG    | LEVI: Audio energy: 0.005358 (threshold: 0.01)
2026-05-03 00:20:53 | DEBUG    | LEVI: Audio energy: 0.005358 (threshold: 0.01)
2026-05-03 00:20:53 | DEBUG    | LEVI: Audio energy: 0.005358 (threshold: 0.01)
2026-05-03 00:20:53 | DEBUG    | LEVI: Captured 8000 samples, buffer length 480000
2026-05-03 00:20:53 | DEBUG    | LEVI: Audio energy: 0.005314 (threshold: 0.01)
2026-05-03 00:20:53 | DEBUG    | LEVI: Audio energy: 0.005314 (threshold: 0.01)
2026-05-03 00:20:54 | DEBUG    | LEVI: Audio energy: 0.005314 (threshold: 0.01)
2026-05-03 00:20:54 | DEBUG    | LEVI: Audio energy: 0.005314 (threshold: 0.01)
2026-05-03 00:20:54 | DEBUG    | LEVI: Captured 8000 samples, buffer length 480000
2026-05-03 00:20:54 | DEBUG    | LEVI: Audio energy: 0.005306 (threshold: 0.01)
2026-05-03 00:20:54 | DEBUG    | LEVI: Audio energy: 0.005306 (threshold: 0.01)
2026-05-03 00:20:54 | DEBUG    | LEVI: Audio energy: 0.005306 (threshold: 0.01)
2026-05-03 00:20:54 | DEBUG    | LEVI: Captured 8000 samples, buffer length 480000
2026-05-03 00:20:54 | DEBUG    | LEVI: Audio energy: 0.005306 (threshold: 0.01)
2026-05-03 00:20:54 | DEBUG    | LEVI: Audio energy: 0.005306 (threshold: 0.01)
2026-05-03 00:20:54 | DEBUG    | LEVI: Audio energy: 0.005306 (threshold: 0.01)
2026-05-03 00:20:55 | DEBUG    | LEVI: Audio energy: 0.005306 (threshold: 0.01)
2026-05-03 00:20:55 | DEBUG    | LEVI: Captured 8000 samples, buffer length 480000
2026-05-03 00:20:55 | DEBUG    | LEVI: Audio energy: 0.005306 (threshold: 0.01)
2026-05-03 00:20:55 | DEBUG    | LEVI: Audio energy: 0.005306 (threshold: 0.01)
2026-05-03 00:20:55 | DEBUG    | LEVI: Audio energy: 0.005306 (threshold: 0.01)
2026-05-03 00:20:55 | DEBUG    | LEVI: Audio energy: 0.005306 (threshold: 0.01)
2026-05-03 00:20:55 | DEBUG    | LEVI: Captured 8000 samples, buffer length 480000
2026-05-03 00:20:55 | DEBUG    | LEVI: Audio energy: 0.005306 (threshold: 0.01)
2026-05-03 00:20:55 | DEBUG    | LEVI: Audio energy: 0.005306 (threshold: 0.01)
2026-05-03 00:20:56 | DEBUG    | LEVI: Audio energy: 0.005306 (threshold: 0.01)
2026-05-03 00:20:56 | DEBUG    | LEVI: Captured 8000 samples, buffer length 480000
2026-05-03 00:20:56 | DEBUG    | LEVI: Audio energy: 0.005306 (threshold: 0.01)
2026-05-03 00:20:56 | DEBUG    | LEVI: Audio energy: 0.005306 (threshold: 0.01)
2026-05-03 00:20:56 | DEBUG    | LEVI: Audio energy: 0.005306 (threshold: 0.01)
2026-05-03 00:20:56 | DEBUG    | LEVI: Audio energy: 0.005306 (threshold: 0.01)
2026-05-03 00:20:56 | DEBUG    | LEVI: Captured 8000 samples, buffer length 480000
2026-05-03 00:20:56 | DEBUG    | LEVI: Audio energy: 0.005306 (threshold: 0.01)
2026-05-03 00:20:56 | DEBUG    | LEVI: Audio energy: 0.005306 (threshold: 0.01)
2026-05-03 00:20:57 | DEBUG    | LEVI: Audio energy: 0.005306 (threshold: 0.01)
2026-05-03 00:20:57 | DEBUG    | LEVI: Audio energy: 0.005306 (threshold: 0.01)
2026-05-03 00:20:57 | DEBUG    | LEVI: Captured 8000 samples, buffer length 480000
2026-05-03 00:20:57 | DEBUG    | LEVI: Audio energy: 0.005306 (threshold: 0.01)
2026-05-03 00:20:57 | DEBUG    | LEVI: Audio energy: 0.005306 (threshold: 0.01)
2026-05-03 00:20:57 | DEBUG    | LEVI: Audio energy: 0.005306 (threshold: 0.01)
2026-05-03 00:20:57 | DEBUG    | LEVI: Audio energy: 0.005306 (threshold: 0.01)
2026-05-03 00:20:57 | DEBUG    | LEVI: Captured 8000 samples, buffer length 480000
2026-05-03 00:20:57 | DEBUG    | LEVI: Audio energy: 0.005306 (threshold: 0.01)
2026-05-03 00:20:57 | DEBUG    | LEVI: Audio energy: 0.005306 (threshold: 0.01)
2026-05-03 00:20:58 | DEBUG    | LEVI: Audio energy: 0.005306 (threshold: 0.01)
2026-05-03 00:20:58 | DEBUG    | LEVI: Captured 8000 samples, buffer length 480000
2026-05-03 00:20:58 | DEBUG    | LEVI: Audio energy: 0.005306 (threshold: 0.01)
2026-05-03 00:20:58 | DEBUG    | LEVI: Audio energy: 0.005306 (threshold: 0.01)
2026-05-03 00:20:58 | DEBUG    | LEVI: Audio energy: 0.005306 (threshold: 0.01)
2026-05-03 00:20:58 | DEBUG    | LEVI: Audio energy: 0.005306 (threshold: 0.01)
2026-05-03 00:20:58 | DEBUG    | LEVI: Captured 8000 samples, buffer length 480000
2026-05-03 00:20:58 | DEBUG    | LEVI: Audio energy: 0.005306 (threshold: 0.01)
2026-05-03 00:20:58 | DEBUG    | LEVI: Audio energy: 0.005306 (threshold: 0.01)
2026-05-03 00:20:58 | DEBUG    | LEVI: Audio energy: 0.005306 (threshold: 0.01)
2026-05-03 00:20:59 | DEBUG    | LEVI: Audio energy: 0.005306 (threshold: 0.01)
2026-05-03 00:20:59 | DEBUG    | LEVI: Captured 8000 samples, buffer length 480000
2026-05-03 00:20:59 | DEBUG    | LEVI: Audio energy: 0.005306 (threshold: 0.01)
2026-05-03 00:20:59 | DEBUG    | LEVI: Audio energy: 0.005306 (threshold: 0.01)
2026-05-03 00:20:59 | DEBUG    | LEVI: Audio energy: 0.005306 (threshold: 0.01)
2026-05-03 00:20:59 | DEBUG    | LEVI: Audio energy: 0.005306 (threshold: 0.01)
2026-05-03 00:20:59 | DEBUG    | LEVI: Captured 8000 samples, buffer length 480000
2026-05-03 00:20:59 | DEBUG    | LEVI: Audio energy: 0.005306 (threshold: 0.01)
2026-05-03 00:20:59 | DEBUG    | LEVI: Audio energy: 0.005306 (threshold: 0.01)
2026-05-03 00:21:00 | DEBUG    | LEVI: Audio energy: 0.005306 (threshold: 0.01)
2026-05-03 00:21:00 | DEBUG    | LEVI: Captured 8000 samples, buffer length 480000
2026-05-03 00:21:00 | DEBUG    | LEVI: Audio energy: 0.005306 (threshold: 0.01)
2026-05-03 00:21:00 | DEBUG    | LEVI: Audio energy: 0.005306 (threshold: 0.01)
2026-05-03 00:21:00 | DEBUG    | LEVI: Audio energy: 0.005306 (threshold: 0.01)
2026-05-03 00:21:00 | DEBUG    | LEVI: Audio energy: 0.005306 (threshold: 0.01)
2026-05-03 00:21:00 | DEBUG    | LEVI: Captured 8000 samples, buffer length 480000
2026-05-03 00:21:00 | DEBUG    | LEVI: Audio energy: 0.005306 (threshold: 0.01)
2026-05-03 00:21:00 | DEBUG    | LEVI: Audio energy: 0.005306 (threshold: 0.01)
2026-05-03 00:21:01 | DEBUG    | LEVI: Audio energy: 0.005306 (threshold: 0.01)
2026-05-03 00:21:01 | DEBUG    | LEVI: Audio energy: 0.005306 (threshold: 0.01)
2026-05-03 00:21:01 | DEBUG    | LEVI: Captured 8000 samples, buffer length 480000
2026-05-03 00:21:01 | DEBUG    | LEVI: Audio energy: 0.005306 (threshold: 0.01)
2026-05-03 00:21:01 | DEBUG    | LEVI: Audio energy: 0.005306 (threshold: 0.01)
2026-05-03 00:21:01 | DEBUG    | LEVI: Audio energy: 0.005306 (threshold: 0.01)
2026-05-03 00:21:01 | DEBUG    | LEVI: Captured 8000 samples, buffer length 480000
2026-05-03 00:21:01 | DEBUG    | LEVI: Audio energy: 0.005306 (threshold: 0.01)
2026-05-03 00:21:01 | DEBUG    | LEVI: Audio energy: 0.005306 (threshold: 0.01)
2026-05-03 00:21:02 | DEBUG    | LEVI: Audio energy: 0.005306 (threshold: 0.01)
2026-05-03 00:21:02 | DEBUG    | LEVI: Audio energy: 0.005306 (threshold: 0.01)
2026-05-03 00:21:02 | DEBUG    | LEVI: Captured 8000 samples, buffer length 480000
2026-05-03 00:21:02 | DEBUG    | LEVI: Audio energy: 0.005306 (threshold: 0.01)
2026-05-03 00:21:02 | DEBUG    | LEVI: Audio energy: 0.005306 (threshold: 0.01)
2026-05-03 00:21:02 | DEBUG    | LEVI: Audio energy: 0.005306 (threshold: 0.01)
2026-05-03 00:21:02 | DEBUG    | LEVI: Captured 8000 samples, buffer length 480000
2026-05-03 00:21:02 | DEBUG    | LEVI: Audio energy: 0.005306 (threshold: 0.01)
2026-05-03 00:21:02 | DEBUG    | LEVI: Audio energy: 0.005306 (threshold: 0.01)
2026-05-03 00:21:02 | DEBUG    | LEVI: Audio energy: 0.005306 (threshold: 0.01)
2026-05-03 00:21:03 | DEBUG    | LEVI: Audio energy: 0.005306 (threshold: 0.01)
2026-05-03 00:21:03 | DEBUG    | LEVI: Captured 8000 samples, buffer length 480000
2026-05-03 00:21:03 | DEBUG    | LEVI: Audio energy: 0.005306 (threshold: 0.01)
2026-05-03 00:21:03 | DEBUG    | LEVI: Audio energy: 0.005306 (threshold: 0.01)
2026-05-03 00:21:03 | DEBUG    | LEVI: Audio energy: 0.005306 (threshold: 0.01)
2026-05-03 00:21:03 | DEBUG    | LEVI: Audio energy: 0.005306 (threshold: 0.01)
2026-05-03 00:21:03 | DEBUG    | LEVI: Captured 8000 samples, buffer length 480000
2026-05-03 00:21:03 | DEBUG    | LEVI: Audio energy: 0.005306 (threshold: 0.01)
2026-05-03 00:21:03 | DEBUG    | LEVI: Audio energy: 0.005306 (threshold: 0.01)
2026-05-03 00:21:04 | DEBUG    | LEVI: Audio energy: 0.005306 (threshold: 0.01)
2026-05-03 00:21:04 | DEBUG    | LEVI: Captured 8000 samples, buffer length 480000
2026-05-03 00:21:04 | DEBUG    | LEVI: Audio energy: 0.005306 (threshold: 0.01)
2026-05-03 00:21:04 | DEBUG    | LEVI: Audio energy: 0.005306 (threshold: 0.01)
2026-05-03 00:21:04 | DEBUG    | LEVI: Audio energy: 0.005306 (threshold: 0.01)
2026-05-03 00:21:04 | DEBUG    | LEVI: Audio energy: 0.005306 (threshold: 0.01)
2026-05-03 00:21:04 | DEBUG    | LEVI: Captured 8000 samples, buffer length 480000
2026-05-03 00:21:04 | DEBUG    | LEVI: Audio energy: 0.005306 (threshold: 0.01)
2026-05-03 00:21:04 | DEBUG    | LEVI: Audio energy: 0.005306 (threshold: 0.01)
2026-05-03 00:21:05 | DEBUG    | LEVI: Audio energy: 0.005306 (threshold: 0.01)
2026-05-03 00:21:05 | DEBUG    | LEVI: Audio energy: 0.005306 (threshold: 0.01)
2026-05-03 00:21:05 | DEBUG    | LEVI: Captured 8000 samples, buffer length 480000
2026-05-03 00:21:05 | DEBUG    | LEVI: Audio energy: 0.005306 (threshold: 0.01)
2026-05-03 00:21:05 | DEBUG    | LEVI: Audio energy: 0.005306 (threshold: 0.01)
2026-05-03 00:21:05 | DEBUG    | LEVI: Audio energy: 0.005306 (threshold: 0.01)
2026-05-03 00:21:05 | DEBUG    | LEVI: Captured 8000 samples, buffer length 480000
2026-05-03 00:21:05 | DEBUG    | LEVI: Audio energy: 0.005306 (threshold: 0.01)
2026-05-03 00:21:05 | DEBUG    | LEVI: Audio energy: 0.005306 (threshold: 0.01)
2026-05-03 00:21:06 | DEBUG    | LEVI: Audio energy: 0.005306 (threshold: 0.01)
2026-05-03 00:21:06 | DEBUG    | LEVI: Audio energy: 0.005306 (threshold: 0.01)
2026-05-03 00:21:06 | DEBUG    | LEVI: Captured 8000 samples, buffer length 480000
2026-05-03 00:21:06 | DEBUG    | LEVI: Audio energy: 0.005306 (threshold: 0.01)
2026-05-03 00:21:06 | DEBUG    | LEVI: Audio energy: 0.005306 (threshold: 0.01)
2026-05-03 00:21:06 | DEBUG    | LEVI: Audio energy: 0.005306 (threshold: 0.01)
2026-05-03 00:21:06 | DEBUG    | LEVI: Audio energy: 0.005306 (threshold: 0.01)
2026-05-03 00:21:06 | DEBUG    | LEVI: Captured 8000 samples, buffer length 480000
2026-05-03 00:21:06 | DEBUG    | LEVI: Audio energy: 0.005306 (threshold: 0.01)
2026-05-03 00:21:06 | DEBUG    | LEVI: Audio energy: 0.005306 (threshold: 0.01)
2026-05-03 00:21:07 | DEBUG    | LEVI: Audio energy: 0.005306 (threshold: 0.01)
2026-05-03 00:21:07 | DEBUG    | LEVI: Captured 8000 samples, buffer length 480000
2026-05-03 00:21:07 | DEBUG    | LEVI: Audio energy: 0.005306 (threshold: 0.01)
2026-05-03 00:21:07 | DEBUG    | LEVI: Audio energy: 0.005306 (threshold: 0.01)
2026-05-03 00:21:07 | DEBUG    | LEVI: Audio energy: 0.005306 (threshold: 0.01)
2026-05-03 00:21:07 | DEBUG    | LEVI: Audio energy: 0.005306 (threshold: 0.01)
2026-05-03 00:21:07 | DEBUG    | LEVI: Captured 8000 samples, buffer length 480000
2026-05-03 00:21:07 | DEBUG    | LEVI: Audio energy: 0.005306 (threshold: 0.01)
2026-05-03 00:21:07 | DEBUG    | LEVI: Audio energy: 0.005306 (threshold: 0.01)
2026-05-03 00:21:08 | DEBUG    | LEVI: Audio energy: 0.005306 (threshold: 0.01)
2026-05-03 00:21:08 | DEBUG    | LEVI: Captured 8000 samples, buffer length 480000
2026-05-03 00:21:08 | DEBUG    | LEVI: Audio energy: 0.005306 (threshold: 0.01)
2026-05-03 00:21:08 | DEBUG    | LEVI: Audio energy: 0.005044 (threshold: 0.01)
2026-05-03 00:21:08 | DEBUG    | LEVI: Audio energy: 0.005044 (threshold: 0.01)
2026-05-03 00:21:08 | DEBUG    | LEVI: Audio energy: 0.005044 (threshold: 0.01)
2026-05-03 00:21:08 | DEBUG    | LEVI: Captured 8000 samples, buffer length 480000
2026-05-03 00:21:08 | DEBUG    | LEVI: Audio energy: 0.002913 (threshold: 0.01)
2026-05-03 00:21:08 | DEBUG    | LEVI: Audio energy: 0.002913 (threshold: 0.01)
2026-05-03 00:21:09 | DEBUG    | LEVI: Audio energy: 0.002913 (threshold: 0.01)
2026-05-03 00:21:09 | DEBUG    | LEVI: Audio energy: 0.002913 (threshold: 0.01)
2026-05-03 00:21:09 | DEBUG    | LEVI: Captured 8000 samples, buffer length 480000
2026-05-03 00:21:09 | DEBUG    | LEVI: Audio energy: 0.001498 (threshold: 0.01)
2026-05-03 00:21:09 | DEBUG    | LEVI: Audio energy: 0.001498 (threshold: 0.01)
2026-05-03 00:21:09 | DEBUG    | LEVI: Audio energy: 0.001498 (threshold: 0.01)
2026-05-03 00:21:09 | DEBUG    | LEVI: Captured 8000 samples, buffer length 480000
2026-05-03 00:21:09 | DEBUG    | LEVI: Audio energy: 0.002330 (threshold: 0.01)
2026-05-03 00:21:09 | DEBUG    | LEVI: Audio energy: 0.002330 (threshold: 0.01)
2026-05-03 00:21:10 | DEBUG    | LEVI: Audio energy: 0.002330 (threshold: 0.01)
2026-05-03 00:21:10 | DEBUG    | LEVI: Audio energy: 0.002330 (threshold: 0.01)
2026-05-03 00:21:10 | DEBUG    | LEVI: Captured 8000 samples, buffer length 480000
2026-05-03 00:21:10 | DEBUG    | LEVI: Audio energy: 0.004248 (threshold: 0.01)
2026-05-03 00:21:10 | DEBUG    | LEVI: Audio energy: 0.004248 (threshold: 0.01)
2026-05-03 00:21:10 | DEBUG    | LEVI: Audio energy: 0.004248 (threshold: 0.01)
2026-05-03 00:21:10 | DEBUG    | LEVI: Audio energy: 0.004248 (threshold: 0.01)
2026-05-03 00:21:10 | DEBUG    | LEVI: Captured 8000 samples, buffer length 480000
2026-05-03 00:21:10 | DEBUG    | LEVI: Audio energy: 0.004248 (threshold: 0.01)
2026-05-03 00:21:10 | DEBUG    | LEVI: Audio energy: 0.004248 (threshold: 0.01)
2026-05-03 00:21:11 | DEBUG    | LEVI: Audio energy: 0.004248 (threshold: 0.01)
2026-05-03 00:21:11 | DEBUG    | LEVI: Captured 8000 samples, buffer length 480000
2026-05-03 00:21:11 | DEBUG    | LEVI: Audio energy: 0.004248 (threshold: 0.01)
2026-05-03 00:21:11 | DEBUG    | LEVI: Audio energy: 0.004249 (threshold: 0.01)
2026-05-03 00:21:11 | DEBUG    | LEVI: Audio energy: 0.004249 (threshold: 0.01)
2026-05-03 00:21:11 | DEBUG    | LEVI: Audio energy: 0.004249 (threshold: 0.01)
2026-05-03 00:21:11 | DEBUG    | LEVI: Captured 8000 samples, buffer length 480000
2026-05-03 00:21:11 | DEBUG    | LEVI: Audio energy: 0.005019 (threshold: 0.01)
2026-05-03 00:21:11 | DEBUG    | LEVI: Audio energy: 0.005019 (threshold: 0.01)
2026-05-03 00:21:12 | DEBUG    | LEVI: Audio energy: 0.005019 (threshold: 0.01)
2026-05-03 00:21:12 | DEBUG    | LEVI: Audio energy: 0.005019 (threshold: 0.01)
2026-05-03 00:21:12 | DEBUG    | LEVI: Captured 8000 samples, buffer length 480000
2026-05-03 00:21:12 | DEBUG    | LEVI: Audio energy: 0.005067 (threshold: 0.01)
2026-05-03 00:21:12 | DEBUG    | LEVI: Audio energy: 0.005067 (threshold: 0.01)
2026-05-03 00:21:12 | DEBUG    | LEVI: Audio energy: 0.005067 (threshold: 0.01)
2026-05-03 00:21:12 | DEBUG    | LEVI: Captured 8000 samples, buffer length 480000
2026-05-03 00:21:12 | DEBUG    | LEVI: Audio energy: 0.005067 (threshold: 0.01)
2026-05-03 00:21:12 | DEBUG    | LEVI: Audio energy: 0.005067 (threshold: 0.01)
2026-05-03 00:21:12 | DEBUG    | LEVI: Audio energy: 0.005067 (threshold: 0.01)
2026-05-03 00:21:13 | DEBUG    | LEVI: Audio energy: 0.005067 (threshold: 0.01)
2026-05-03 00:21:13 | DEBUG    | LEVI: Captured 8000 samples, buffer length 480000
2026-05-03 00:21:13 | DEBUG    | LEVI: Audio energy: 0.005067 (threshold: 0.01)
2026-05-03 00:21:13 | DEBUG    | LEVI: Audio energy: 0.005067 (threshold: 0.01)
2026-05-03 00:21:13 | DEBUG    | LEVI: Audio energy: 0.005067 (threshold: 0.01)
2026-05-03 00:21:13 | DEBUG    | LEVI: Audio energy: 0.005067 (threshold: 0.01)
2026-05-03 00:21:13 | DEBUG    | LEVI: Captured 8000 samples, buffer length 480000
2026-05-03 00:21:13 | DEBUG    | LEVI: Audio energy: 0.005067 (threshold: 0.01)
2026-05-03 00:21:13 | DEBUG    | LEVI: Audio energy: 0.005067 (threshold: 0.01)
2026-05-03 00:21:14 | DEBUG    | LEVI: Audio energy: 0.005067 (threshold: 0.01)
2026-05-03 00:21:14 | DEBUG    | LEVI: Captured 8000 samples, buffer length 480000
2026-05-03 00:21:14 | DEBUG    | LEVI: Audio energy: 0.005067 (threshold: 0.01)
2026-05-03 00:21:14 | DEBUG    | LEVI: Audio energy: 0.005067 (threshold: 0.01)
2026-05-03 00:21:14 | DEBUG    | LEVI: Audio energy: 0.005067 (threshold: 0.01)
2026-05-03 00:21:14 | DEBUG    | LEVI: Audio energy: 0.005067 (threshold: 0.01)
2026-05-03 00:21:14 | DEBUG    | LEVI: Captured 8000 samples, buffer length 480000
2026-05-03 00:21:14 | DEBUG    | LEVI: Audio energy: 0.005067 (threshold: 0.01)
2026-05-03 00:21:14 | DEBUG    | LEVI: Audio energy: 0.005067 (threshold: 0.01)
2026-05-03 00:21:15 | DEBUG    | LEVI: Audio energy: 0.005067 (threshold: 0.01)
2026-05-03 00:21:15 | DEBUG    | LEVI: Audio energy: 0.005067 (threshold: 0.01)
2026-05-03 00:21:15 | DEBUG    | LEVI: Captured 8000 samples, buffer length 480000
2026-05-03 00:21:15 | DEBUG    | LEVI: Audio energy: 0.005067 (threshold: 0.01)
2026-05-03 00:21:15 | DEBUG    | LEVI: Audio energy: 0.005067 (threshold: 0.01)
2026-05-03 00:21:15 | DEBUG    | LEVI: Audio energy: 0.005067 (threshold: 0.01)
2026-05-03 00:21:15 | DEBUG    | LEVI: Captured 8000 samples, buffer length 480000
2026-05-03 00:21:15 | DEBUG    | LEVI: Audio energy: 0.005067 (threshold: 0.01)
2026-05-03 00:21:15 | DEBUG    | LEVI: Audio energy: 0.005067 (threshold: 0.01)
2026-05-03 00:21:16 | DEBUG    | LEVI: Audio energy: 0.005067 (threshold: 0.01)
2026-05-03 00:21:16 | DEBUG    | LEVI: Audio energy: 0.005067 (threshold: 0.01)
2026-05-03 00:21:16 | DEBUG    | LEVI: Captured 8000 samples, buffer length 480000
2026-05-03 00:21:16 | DEBUG    | LEVI: Audio energy: 0.005067 (threshold: 0.01)
2026-05-03 00:21:16 | DEBUG    | LEVI: Audio energy: 0.005067 (threshold: 0.01)
2026-05-03 00:21:16 | DEBUG    | LEVI: Audio energy: 0.005067 (threshold: 0.01)
2026-05-03 00:21:16 | DEBUG    | LEVI: Audio energy: 0.005067 (threshold: 0.01)
2026-05-03 00:21:16 | DEBUG    | LEVI: Captured 8000 samples, buffer length 480000
2026-05-03 00:21:16 | DEBUG    | LEVI: Audio energy: 0.005067 (threshold: 0.01)
2026-05-03 00:21:16 | DEBUG    | LEVI: Audio energy: 0.005067 (threshold: 0.01)
2026-05-03 00:21:17 | DEBUG    | LEVI: Audio energy: 0.005067 (threshold: 0.01)
2026-05-03 00:21:17 | DEBUG    | LEVI: Audio energy: 0.005067 (threshold: 0.01)
2026-05-03 00:21:17 | DEBUG    | LEVI: Captured 8000 samples, buffer length 480000
2026-05-03 00:21:17 | DEBUG    | LEVI: Audio energy: 0.005067 (threshold: 0.01)
2026-05-03 00:21:17 | DEBUG    | LEVI: Audio energy: 0.005067 (threshold: 0.01)
2026-05-03 00:21:17 | DEBUG    | LEVI: Audio energy: 0.005067 (threshold: 0.01)
2026-05-03 00:21:17 | DEBUG    | LEVI: Audio energy: 0.005067 (threshold: 0.01)
2026-05-03 00:21:17 | DEBUG    | LEVI: Captured 8000 samples, buffer length 480000
2026-05-03 00:21:17 | DEBUG    | LEVI: Audio energy: 0.005067 (threshold: 0.01)
2026-05-03 00:21:17 | DEBUG    | LEVI: Audio energy: 0.005067 (threshold: 0.01)
2026-05-03 00:21:18 | DEBUG    | LEVI: Audio energy: 0.005067 (threshold: 0.01)
2026-05-03 00:21:18 | DEBUG    | LEVI: Captured 8000 samples, buffer length 480000
2026-05-03 00:21:18 | DEBUG    | LEVI: Audio energy: 0.005067 (threshold: 0.01)
2026-05-03 00:21:18 | DEBUG    | LEVI: Audio energy: 0.005067 (threshold: 0.01)
2026-05-03 00:21:18 | DEBUG    | LEVI: Audio energy: 0.005067 (threshold: 0.01)
2026-05-03 00:21:18 | DEBUG    | LEVI: Audio energy: 0.005067 (threshold: 0.01)
2026-05-03 00:21:18 | DEBUG    | LEVI: Captured 8000 samples, buffer length 480000
2026-05-03 00:21:18 | DEBUG    | LEVI: Audio energy: 0.005067 (threshold: 0.01)
2026-05-03 00:21:18 | DEBUG    | LEVI: Audio energy: 0.005067 (threshold: 0.01)
2026-05-03 00:21:19 | DEBUG    | LEVI: Audio energy: 0.005067 (threshold: 0.01)
2026-05-03 00:21:19 | DEBUG    | LEVI: Audio energy: 0.005067 (threshold: 0.01)
2026-05-03 00:21:19 | DEBUG    | LEVI: Captured 8000 samples, buffer length 480000
2026-05-03 00:21:19 | DEBUG    | LEVI: Audio energy: 0.005067 (threshold: 0.01)
2026-05-03 00:21:19 | DEBUG    | LEVI: Audio energy: 0.005067 (threshold: 0.01)
2026-05-03 00:21:19 | DEBUG    | LEVI: Audio energy: 0.005067 (threshold: 0.01)
2026-05-03 00:21:19 | DEBUG    | LEVI: Captured 8000 samples, buffer length 480000
2026-05-03 00:21:19 | DEBUG    | LEVI: Audio energy: 0.005067 (threshold: 0.01)
2026-05-03 00:21:19 | DEBUG    | LEVI: Audio energy: 0.005067 (threshold: 0.01)
2026-05-03 00:21:20 | DEBUG    | LEVI: Audio energy: 0.005067 (threshold: 0.01)
2026-05-03 00:21:20 | DEBUG    | LEVI: Audio energy: 0.005067 (threshold: 0.01)
2026-05-03 00:21:20 | DEBUG    | LEVI: Captured 8000 samples, buffer length 480000
2026-05-03 00:21:20 | DEBUG    | LEVI: Audio energy: 0.005067 (threshold: 0.01)
2026-05-03 00:21:20 | DEBUG    | LEVI: Audio energy: 0.005067 (threshold: 0.01)
2026-05-03 00:21:20 | DEBUG    | LEVI: Audio energy: 0.005067 (threshold: 0.01)
2026-05-03 00:21:20 | DEBUG    | LEVI: Captured 8000 samples, buffer length 480000
2026-05-03 00:21:20 | DEBUG    | LEVI: Audio energy: 0.005067 (threshold: 0.01)
2026-05-03 00:21:20 | DEBUG    | LEVI: Audio energy: 0.005067 (threshold: 0.01)
2026-05-03 00:21:21 | DEBUG    | LEVI: Audio energy: 0.005067 (threshold: 0.01)
2026-05-03 00:21:21 | DEBUG    | LEVI: Audio energy: 0.005067 (threshold: 0.01)
2026-05-03 00:21:21 | DEBUG    | LEVI: Captured 8000 samples, buffer length 480000
2026-05-03 00:21:21 | DEBUG    | LEVI: Audio energy: 0.005067 (threshold: 0.01)
2026-05-03 00:21:21 | DEBUG    | LEVI: Audio energy: 0.005067 (threshold: 0.01)
2026-05-03 00:21:21 | DEBUG    | LEVI: Audio energy: 0.005067 (threshold: 0.01)
2026-05-03 00:21:21 | INFO     | LEVI: 
⏸️  Received stop signal
2026-05-03 00:21:21 | INFO     | LEVI: ⏹️  Stopping LEVI...
2026-05-03 00:21:21 | INFO     | LEVI: Stopping speech recognition...
2026-05-03 00:21:21 | INFO     | LEVI: ✓ LEVI stopped
2026-05-03 00:21:21 | DEBUG    | LEVI: Captured 8000 samples, buffer length 480000
