2026-05-03 00:15:57 | INFO     | LEVI: ============================================================
2026-05-03 00:15:57 | INFO     | LEVI: 🤖 LEVI ASSISTANT - Initializing Core Loop
2026-05-03 00:15:57 | INFO     | LEVI: ============================================================
2026-05-03 00:15:57 | INFO     | LEVI: Initializing Speech Recognizer (faster-whisper)
2026-05-03 00:15:58 | INFO     | LEVI: Speech Recognizer initialized successfully
2026-05-03 00:15:58 | INFO     | LEVI: Initializing Voice Output (edge-tts)
2026-05-03 00:15:58 | INFO     | LEVI: Voice Output ready - Voice: en-US-GuyNeural
2026-05-03 00:15:58 | INFO     | LEVI: ✓ Core Loop initialized successfully
2026-05-03 00:15:58 | INFO     | LEVI: Starting continuous speech recognition...
2026-05-03 00:15:58 | INFO     | LEVI: 🎙️  LEVI is now listening...
2026-05-03 00:15:58 | INFO     | LEVI: 🔊 Speaking: Hello! I'm LEVI, your virtual assistant. I'm ready to listen....
2026-05-03 00:15:58 | INFO     | LEVI: Microphone stream opened
2026-05-03 00:15:59 | DEBUG    | LEVI: Captured 8000 samples, buffer length 8000
2026-05-03 00:15:59 | DEBUG    | LEVI: Audio energy: 0.002699 (threshold: 0.01)
2026-05-03 00:15:59 | DEBUG    | LEVI: Audio energy: 0.002699 (threshold: 0.01)
2026-05-03 00:15:59 | DEBUG    | LEVI: Audio energy: 0.002699 (threshold: 0.01)
2026-05-03 00:15:59 | DEBUG    | LEVI: Audio energy: 0.002699 (threshold: 0.01)
2026-05-03 00:15:59 | DEBUG    | LEVI: Audio energy: 0.002699 (threshold: 0.01)
2026-05-03 00:15:59 | DEBUG    | LEVI: Audio energy: 0.002699 (threshold: 0.01)
2026-05-03 00:15:59 | DEBUG    | LEVI: Captured 8000 samples, buffer length 16000
2026-05-03 00:16:00 | DEBUG    | LEVI: Audio energy: 0.001959 (threshold: 0.01)
2026-05-03 00:16:00 | DEBUG    | LEVI: Audio energy: 0.001959 (threshold: 0.01)
2026-05-03 00:16:00 | DEBUG    | LEVI: Audio energy: 0.001959 (threshold: 0.01)
2026-05-03 00:16:00 | DEBUG    | LEVI: Audio energy: 0.001959 (threshold: 0.01)
2026-05-03 00:16:00 | DEBUG    | LEVI: Captured 8000 samples, buffer length 24000
2026-05-03 00:16:00 | DEBUG    | LEVI: Audio energy: 0.001600 (threshold: 0.01)
2026-05-03 00:16:00 | DEBUG    | LEVI: Audio energy: 0.001600 (threshold: 0.01)
2026-05-03 00:16:00 | DEBUG    | LEVI: Audio energy: 0.001600 (threshold: 0.01)
2026-05-03 00:16:00 | DEBUG    | LEVI: Audio energy: 0.001600 (threshold: 0.01)
2026-05-03 00:16:00 | DEBUG    | LEVI: Audio energy: 0.001600 (threshold: 0.01)
2026-05-03 00:16:00 | DEBUG    | LEVI: Captured 8000 samples, buffer length 32000
2026-05-03 00:16:00 | DEBUG    | LEVI: Audio energy: 0.001386 (threshold: 0.01)
2026-05-03 00:16:01 | DEBUG    | LEVI: Audio energy: 0.001386 (threshold: 0.01)
2026-05-03 00:16:01 | DEBUG    | LEVI: Audio energy: 0.001386 (threshold: 0.01)
2026-05-03 00:16:01 | DEBUG    | LEVI: Audio energy: 0.001386 (threshold: 0.01)
2026-05-03 00:16:01 | DEBUG    | LEVI: Captured 8000 samples, buffer length 40000
2026-05-03 00:16:01 | DEBUG    | LEVI: Audio energy: 0.001239 (threshold: 0.01)
2026-05-03 00:16:01 | DEBUG    | LEVI: Audio energy: 0.001239 (threshold: 0.01)
2026-05-03 00:16:01 | DEBUG    | LEVI: Audio energy: 0.001239 (threshold: 0.01)
2026-05-03 00:16:01 | DEBUG    | LEVI: Audio energy: 0.001239 (threshold: 0.01)
2026-05-03 00:16:01 | DEBUG    | LEVI: Audio energy: 0.001239 (threshold: 0.01)
2026-05-03 00:16:01 | DEBUG    | LEVI: Captured 8000 samples, buffer length 48000
2026-05-03 00:16:01 | DEBUG    | LEVI: Audio energy: 0.001132 (threshold: 0.01)
2026-05-03 00:16:02 | DEBUG    | LEVI: Audio energy: 0.001132 (threshold: 0.01)
2026-05-03 00:16:02 | DEBUG    | LEVI: Audio energy: 0.001132 (threshold: 0.01)
2026-05-03 00:16:02 | DEBUG    | LEVI: Audio energy: 0.001132 (threshold: 0.01)
2026-05-03 00:16:02 | DEBUG    | LEVI: Audio energy: 0.001132 (threshold: 0.01)
2026-05-03 00:16:02 | DEBUG    | LEVI: Captured 8000 samples, buffer length 56000
2026-05-03 00:16:02 | DEBUG    | LEVI: Audio energy: 0.001048 (threshold: 0.01)
2026-05-03 00:16:02 | DEBUG    | LEVI: Audio energy: 0.001048 (threshold: 0.01)
2026-05-03 00:16:02 | DEBUG    | LEVI: Audio energy: 0.001048 (threshold: 0.01)
2026-05-03 00:16:02 | DEBUG    | LEVI: Audio energy: 0.001048 (threshold: 0.01)
2026-05-03 00:16:02 | DEBUG    | LEVI: Captured 8000 samples, buffer length 64000
2026-05-03 00:16:02 | DEBUG    | LEVI: Audio energy: 0.000980 (threshold: 0.01)
2026-05-03 00:16:03 | DEBUG    | LEVI: Audio energy: 0.000980 (threshold: 0.01)
2026-05-03 00:16:03 | DEBUG    | LEVI: Audio energy: 0.000980 (threshold: 0.01)
2026-05-03 00:16:03 | DEBUG    | LEVI: Audio energy: 0.000980 (threshold: 0.01)
2026-05-03 00:16:03 | DEBUG    | LEVI: Audio energy: 0.000980 (threshold: 0.01)
2026-05-03 00:16:03 | DEBUG    | LEVI: Captured 8000 samples, buffer length 72000
2026-05-03 00:16:03 | DEBUG    | LEVI: Audio energy: 0.000924 (threshold: 0.01)
2026-05-03 00:16:03 | DEBUG    | LEVI: Audio energy: 0.000924 (threshold: 0.01)
2026-05-03 00:16:03 | DEBUG    | LEVI: Audio energy: 0.000924 (threshold: 0.01)
2026-05-03 00:16:03 | DEBUG    | LEVI: Audio energy: 0.000924 (threshold: 0.01)
2026-05-03 00:16:03 | DEBUG    | LEVI: Audio energy: 0.000924 (threshold: 0.01)
2026-05-03 00:16:03 | DEBUG    | LEVI: Captured 8000 samples, buffer length 80000
2026-05-03 00:16:04 | DEBUG    | LEVI: Audio energy: 0.000877 (threshold: 0.01)
2026-05-03 00:16:04 | DEBUG    | LEVI: Audio energy: 0.000877 (threshold: 0.01)
2026-05-03 00:16:04 | DEBUG    | LEVI: Audio energy: 0.000877 (threshold: 0.01)
2026-05-03 00:16:04 | DEBUG    | LEVI: Audio energy: 0.000877 (threshold: 0.01)
2026-05-03 00:16:04 | DEBUG    | LEVI: Captured 8000 samples, buffer length 88000
2026-05-03 00:16:04 | DEBUG    | LEVI: Audio energy: 0.000836 (threshold: 0.01)
2026-05-03 00:16:04 | DEBUG    | LEVI: Audio energy: 0.000836 (threshold: 0.01)
2026-05-03 00:16:04 | DEBUG    | LEVI: Audio energy: 0.000836 (threshold: 0.01)
2026-05-03 00:16:04 | DEBUG    | LEVI: Audio energy: 0.000836 (threshold: 0.01)
2026-05-03 00:16:04 | DEBUG    | LEVI: Audio energy: 0.000836 (threshold: 0.01)
2026-05-03 00:16:04 | DEBUG    | LEVI: Captured 8000 samples, buffer length 96000
2026-05-03 00:16:05 | DEBUG    | LEVI: Audio energy: 0.000801 (threshold: 0.01)
2026-05-03 00:16:05 | DEBUG    | LEVI: Audio energy: 0.000801 (threshold: 0.01)
2026-05-03 00:16:05 | DEBUG    | LEVI: Audio energy: 0.000801 (threshold: 0.01)
2026-05-03 00:16:05 | DEBUG    | LEVI: Audio energy: 0.000801 (threshold: 0.01)
2026-05-03 00:16:05 | DEBUG    | LEVI: Captured 8000 samples, buffer length 104000
2026-05-03 00:16:05 | DEBUG    | LEVI: Audio energy: 0.000769 (threshold: 0.01)
2026-05-03 00:16:05 | DEBUG    | LEVI: Audio energy: 0.000769 (threshold: 0.01)
2026-05-03 00:16:05 | DEBUG    | LEVI: Audio energy: 0.000769 (threshold: 0.01)
2026-05-03 00:16:05 | DEBUG    | LEVI: Audio energy: 0.000769 (threshold: 0.01)
2026-05-03 00:16:05 | DEBUG    | LEVI: Audio energy: 0.000769 (threshold: 0.01)
2026-05-03 00:16:05 | DEBUG    | LEVI: Captured 8000 samples, buffer length 112000
2026-05-03 00:16:05 | DEBUG    | LEVI: Audio energy: 0.000741 (threshold: 0.01)
2026-05-03 00:16:06 | DEBUG    | LEVI: Audio energy: 0.000741 (threshold: 0.01)
2026-05-03 00:16:06 | DEBUG    | LEVI: Audio energy: 0.000741 (threshold: 0.01)
2026-05-03 00:16:06 | DEBUG    | LEVI: Audio energy: 0.000741 (threshold: 0.01)
2026-05-03 00:16:06 | DEBUG    | LEVI: Audio energy: 0.000741 (threshold: 0.01)
2026-05-03 00:16:06 | DEBUG    | LEVI: Captured 8000 samples, buffer length 120000
2026-05-03 00:16:06 | DEBUG    | LEVI: Audio energy: 0.000716 (threshold: 0.01)
2026-05-03 00:16:06 | DEBUG    | LEVI: Audio energy: 0.000716 (threshold: 0.01)
2026-05-03 00:16:06 | DEBUG    | LEVI: Audio energy: 0.000716 (threshold: 0.01)
2026-05-03 00:16:06 | DEBUG    | LEVI: Audio energy: 0.000716 (threshold: 0.01)
2026-05-03 00:16:06 | DEBUG    | LEVI: Captured 8000 samples, buffer length 128000
2026-05-03 00:16:06 | DEBUG    | LEVI: Audio energy: 0.000694 (threshold: 0.01)
2026-05-03 00:16:07 | DEBUG    | LEVI: Audio energy: 0.000694 (threshold: 0.01)
2026-05-03 00:16:07 | DEBUG    | LEVI: Audio energy: 0.000694 (threshold: 0.01)
2026-05-03 00:16:07 | DEBUG    | LEVI: Audio energy: 0.000694 (threshold: 0.01)
2026-05-03 00:16:07 | DEBUG    | LEVI: Audio energy: 0.000694 (threshold: 0.01)
2026-05-03 00:16:07 | DEBUG    | LEVI: Captured 8000 samples, buffer length 136000
2026-05-03 00:16:07 | DEBUG    | LEVI: Audio energy: 0.000673 (threshold: 0.01)
2026-05-03 00:16:07 | DEBUG    | LEVI: Audio energy: 0.000673 (threshold: 0.01)
2026-05-03 00:16:07 | DEBUG    | LEVI: Audio energy: 0.000673 (threshold: 0.01)
2026-05-03 00:16:07 | DEBUG    | LEVI: Audio energy: 0.000673 (threshold: 0.01)
2026-05-03 00:16:07 | DEBUG    | LEVI: Captured 8000 samples, buffer length 144000
2026-05-03 00:16:07 | DEBUG    | LEVI: Audio energy: 0.001833 (threshold: 0.01)
2026-05-03 00:16:08 | DEBUG    | LEVI: Audio energy: 0.001833 (threshold: 0.01)
2026-05-03 00:16:08 | DEBUG    | LEVI: Audio energy: 0.001833 (threshold: 0.01)
2026-05-03 00:16:08 | DEBUG    | LEVI: Audio energy: 0.001833 (threshold: 0.01)
2026-05-03 00:16:08 | DEBUG    | LEVI: Audio energy: 0.001833 (threshold: 0.01)
2026-05-03 00:16:08 | DEBUG    | LEVI: Captured 8000 samples, buffer length 152000
2026-05-03 00:16:08 | DEBUG    | LEVI: Audio energy: 0.003511 (threshold: 0.01)
2026-05-03 00:16:08 | DEBUG    | LEVI: Audio energy: 0.003511 (threshold: 0.01)
2026-05-03 00:16:08 | DEBUG    | LEVI: Audio energy: 0.003511 (threshold: 0.01)
2026-05-03 00:16:08 | DEBUG    | LEVI: Audio energy: 0.003511 (threshold: 0.01)
2026-05-03 00:16:08 | DEBUG    | LEVI: Captured 8000 samples, buffer length 160000
2026-05-03 00:16:08 | DEBUG    | LEVI: Audio energy: 0.004179 (threshold: 0.01)
2026-05-03 00:16:09 | DEBUG    | LEVI: Audio energy: 0.004179 (threshold: 0.01)
2026-05-03 00:16:09 | DEBUG    | LEVI: Audio energy: 0.004179 (threshold: 0.01)
2026-05-03 00:16:09 | DEBUG    | LEVI: Audio energy: 0.004179 (threshold: 0.01)
2026-05-03 00:16:09 | DEBUG    | LEVI: Captured 8000 samples, buffer length 168000
2026-05-03 00:16:09 | DEBUG    | LEVI: Audio energy: 0.004092 (threshold: 0.01)
2026-05-03 00:16:09 | DEBUG    | LEVI: Audio energy: 0.004092 (threshold: 0.01)
2026-05-03 00:16:09 | DEBUG    | LEVI: Audio energy: 0.004092 (threshold: 0.01)
2026-05-03 00:16:09 | DEBUG    | LEVI: Audio energy: 0.004092 (threshold: 0.01)
2026-05-03 00:16:09 | DEBUG    | LEVI: Audio energy: 0.004092 (threshold: 0.01)
2026-05-03 00:16:09 | DEBUG    | LEVI: Captured 8000 samples, buffer length 176000
2026-05-03 00:16:10 | DEBUG    | LEVI: Audio energy: 0.003997 (threshold: 0.01)
2026-05-03 00:16:10 | DEBUG    | LEVI: Audio energy: 0.003997 (threshold: 0.01)
2026-05-03 00:16:10 | DEBUG    | LEVI: Audio energy: 0.003997 (threshold: 0.01)
2026-05-03 00:16:10 | DEBUG    | LEVI: Audio energy: 0.003997 (threshold: 0.01)
2026-05-03 00:16:10 | DEBUG    | LEVI: Captured 8000 samples, buffer length 184000
2026-05-03 00:16:10 | DEBUG    | LEVI: Audio energy: 0.003910 (threshold: 0.01)
2026-05-03 00:16:10 | DEBUG    | LEVI: Audio energy: 0.003910 (threshold: 0.01)
2026-05-03 00:16:10 | DEBUG    | LEVI: Audio energy: 0.003910 (threshold: 0.01)
2026-05-03 00:16:10 | DEBUG    | LEVI: Audio energy: 0.003910 (threshold: 0.01)
2026-05-03 00:16:10 | DEBUG    | LEVI: Audio energy: 0.003910 (threshold: 0.01)
2026-05-03 00:16:10 | DEBUG    | LEVI: Captured 8000 samples, buffer length 192000
2026-05-03 00:16:11 | DEBUG    | LEVI: Audio energy: 0.003827 (threshold: 0.01)
2026-05-03 00:16:11 | DEBUG    | LEVI: Audio energy: 0.003827 (threshold: 0.01)
2026-05-03 00:16:11 | DEBUG    | LEVI: Audio energy: 0.003827 (threshold: 0.01)
2026-05-03 00:16:11 | DEBUG    | LEVI: Audio energy: 0.003827 (threshold: 0.01)
2026-05-03 00:16:11 | DEBUG    | LEVI: Captured 8000 samples, buffer length 200000
2026-05-03 00:16:11 | DEBUG    | LEVI: Audio energy: 0.003750 (threshold: 0.01)
2026-05-03 00:16:11 | DEBUG    | LEVI: Audio energy: 0.003750 (threshold: 0.01)
2026-05-03 00:16:11 | DEBUG    | LEVI: Audio energy: 0.003750 (threshold: 0.01)
2026-05-03 00:16:11 | DEBUG    | LEVI: Audio energy: 0.003750 (threshold: 0.01)
2026-05-03 00:16:11 | DEBUG    | LEVI: Captured 8000 samples, buffer length 208000
2026-05-03 00:16:11 | DEBUG    | LEVI: Audio energy: 0.003677 (threshold: 0.01)
2026-05-03 00:16:12 | DEBUG    | LEVI: Audio energy: 0.003677 (threshold: 0.01)
2026-05-03 00:16:12 | DEBUG    | LEVI: Audio energy: 0.003677 (threshold: 0.01)
2026-05-03 00:16:12 | DEBUG    | LEVI: Audio energy: 0.003677 (threshold: 0.01)
2026-05-03 00:16:12 | DEBUG    | LEVI: Captured 8000 samples, buffer length 216000
2026-05-03 00:16:12 | DEBUG    | LEVI: Audio energy: 0.003677 (threshold: 0.01)
2026-05-03 00:16:12 | DEBUG    | LEVI: Audio energy: 0.003608 (threshold: 0.01)
2026-05-03 00:16:12 | DEBUG    | LEVI: Audio energy: 0.003608 (threshold: 0.01)
2026-05-03 00:16:12 | DEBUG    | LEVI: Audio energy: 0.003608 (threshold: 0.01)
2026-05-03 00:16:12 | DEBUG    | LEVI: Audio energy: 0.003608 (threshold: 0.01)
2026-05-03 00:16:12 | DEBUG    | LEVI: Captured 8000 samples, buffer length 224000
2026-05-03 00:16:13 | DEBUG    | LEVI: Audio energy: 0.003543 (threshold: 0.01)
2026-05-03 00:16:13 | DEBUG    | LEVI: Audio energy: 0.003543 (threshold: 0.01)
2026-05-03 00:16:13 | DEBUG    | LEVI: Audio energy: 0.003543 (threshold: 0.01)
2026-05-03 00:16:13 | DEBUG    | LEVI: Audio energy: 0.003543 (threshold: 0.01)
2026-05-03 00:16:13 | DEBUG    | LEVI: Captured 8000 samples, buffer length 232000
2026-05-03 00:16:13 | DEBUG    | LEVI: Audio energy: 0.003482 (threshold: 0.01)
2026-05-03 00:16:13 | DEBUG    | LEVI: Audio energy: 0.003482 (threshold: 0.01)
2026-05-03 00:16:13 | DEBUG    | LEVI: Audio energy: 0.003482 (threshold: 0.01)
2026-05-03 00:16:13 | DEBUG    | LEVI: Audio energy: 0.003482 (threshold: 0.01)
2026-05-03 00:16:13 | DEBUG    | LEVI: Captured 8000 samples, buffer length 240000
2026-05-03 00:16:14 | DEBUG    | LEVI: Audio energy: 0.005229 (threshold: 0.01)
2026-05-03 00:16:14 | DEBUG    | LEVI: Audio energy: 0.005229 (threshold: 0.01)
2026-05-03 00:16:14 | DEBUG    | LEVI: Audio energy: 0.005229 (threshold: 0.01)
2026-05-03 00:16:14 | DEBUG    | LEVI: Audio energy: 0.005229 (threshold: 0.01)
2026-05-03 00:16:14 | DEBUG    | LEVI: Captured 8000 samples, buffer length 248000
2026-05-03 00:16:14 | DEBUG    | LEVI: Audio energy: 0.007274 (threshold: 0.01)
2026-05-03 00:16:14 | DEBUG    | LEVI: Audio energy: 0.007274 (threshold: 0.01)
2026-05-03 00:16:14 | DEBUG    | LEVI: Audio energy: 0.007274 (threshold: 0.01)
2026-05-03 00:16:14 | DEBUG    | LEVI: Audio energy: 0.007274 (threshold: 0.01)
2026-05-03 00:16:14 | DEBUG    | LEVI: Captured 8000 samples, buffer length 256000
2026-05-03 00:16:14 | DEBUG    | LEVI: Audio energy: 0.008099 (threshold: 0.01)
2026-05-03 00:16:15 | DEBUG    | LEVI: Audio energy: 0.008099 (threshold: 0.01)
2026-05-03 00:16:15 | DEBUG    | LEVI: Audio energy: 0.008099 (threshold: 0.01)
2026-05-03 00:16:15 | DEBUG    | LEVI: Audio energy: 0.008099 (threshold: 0.01)
2026-05-03 00:16:15 | DEBUG    | LEVI: Captured 8000 samples, buffer length 264000
2026-05-03 00:16:15 | DEBUG    | LEVI: Audio energy: 0.008118 (threshold: 0.01)
2026-05-03 00:16:15 | DEBUG    | LEVI: Audio energy: 0.008118 (threshold: 0.01)
2026-05-03 00:16:15 | DEBUG    | LEVI: Audio energy: 0.008118 (threshold: 0.01)
2026-05-03 00:16:15 | DEBUG    | LEVI: Audio energy: 0.008118 (threshold: 0.01)
2026-05-03 00:16:15 | DEBUG    | LEVI: Captured 8000 samples, buffer length 272000
2026-05-03 00:16:15 | DEBUG    | LEVI: Audio energy: 0.007997 (threshold: 0.01)
2026-05-03 00:16:16 | DEBUG    | LEVI: Audio energy: 0.007997 (threshold: 0.01)
2026-05-03 00:16:16 | DEBUG    | LEVI: Audio energy: 0.007997 (threshold: 0.01)
2026-05-03 00:16:16 | DEBUG    | LEVI: Audio energy: 0.007997 (threshold: 0.01)
2026-05-03 00:16:16 | DEBUG    | LEVI: Captured 8000 samples, buffer length 280000
2026-05-03 00:16:16 | DEBUG    | LEVI: Audio energy: 0.007882 (threshold: 0.01)
2026-05-03 00:16:16 | DEBUG    | LEVI: Audio energy: 0.007882 (threshold: 0.01)
2026-05-03 00:16:16 | DEBUG    | LEVI: Audio energy: 0.007882 (threshold: 0.01)
2026-05-03 00:16:16 | DEBUG    | LEVI: Audio energy: 0.007882 (threshold: 0.01)
2026-05-03 00:16:16 | DEBUG    | LEVI: Captured 8000 samples, buffer length 288000
2026-05-03 00:16:16 | DEBUG    | LEVI: Audio energy: 0.007772 (threshold: 0.01)
2026-05-03 00:16:17 | DEBUG    | LEVI: Audio energy: 0.007772 (threshold: 0.01)
2026-05-03 00:16:17 | DEBUG    | LEVI: Audio energy: 0.007772 (threshold: 0.01)
2026-05-03 00:16:17 | DEBUG    | LEVI: Audio energy: 0.007772 (threshold: 0.01)
2026-05-03 00:16:17 | DEBUG    | LEVI: Captured 8000 samples, buffer length 296000
2026-05-03 00:16:17 | DEBUG    | LEVI: Audio energy: 0.007666 (threshold: 0.01)
2026-05-03 00:16:17 | DEBUG    | LEVI: Audio energy: 0.007666 (threshold: 0.01)
2026-05-03 00:16:17 | DEBUG    | LEVI: Audio energy: 0.007666 (threshold: 0.01)
2026-05-03 00:16:17 | DEBUG    | LEVI: Audio energy: 0.007666 (threshold: 0.01)
2026-05-03 00:16:17 | DEBUG    | LEVI: Audio energy: 0.007666 (threshold: 0.01)
2026-05-03 00:16:17 | DEBUG    | LEVI: Captured 8000 samples, buffer length 304000
2026-05-03 00:16:18 | DEBUG    | LEVI: Audio energy: 0.007565 (threshold: 0.01)
2026-05-03 00:16:18 | DEBUG    | LEVI: Audio energy: 0.007565 (threshold: 0.01)
2026-05-03 00:16:18 | DEBUG    | LEVI: Audio energy: 0.007565 (threshold: 0.01)
2026-05-03 00:16:18 | DEBUG    | LEVI: Audio energy: 0.007565 (threshold: 0.01)
2026-05-03 00:16:18 | DEBUG    | LEVI: Captured 8000 samples, buffer length 312000
2026-05-03 00:16:18 | DEBUG    | LEVI: Audio energy: 0.007467 (threshold: 0.01)
2026-05-03 00:16:18 | DEBUG    | LEVI: Audio energy: 0.007467 (threshold: 0.01)
2026-05-03 00:16:18 | DEBUG    | LEVI: Audio energy: 0.007467 (threshold: 0.01)
2026-05-03 00:16:18 | DEBUG    | LEVI: Audio energy: 0.007467 (threshold: 0.01)
2026-05-03 00:16:18 | DEBUG    | LEVI: Captured 8000 samples, buffer length 320000
2026-05-03 00:16:19 | DEBUG    | LEVI: Audio energy: 0.007373 (threshold: 0.01)
2026-05-03 00:16:19 | DEBUG    | LEVI: Audio energy: 0.007373 (threshold: 0.01)
2026-05-03 00:16:19 | DEBUG    | LEVI: Audio energy: 0.007373 (threshold: 0.01)
2026-05-03 00:16:19 | DEBUG    | LEVI: Audio energy: 0.007373 (threshold: 0.01)
2026-05-03 00:16:19 | DEBUG    | LEVI: Captured 8000 samples, buffer length 328000
2026-05-03 00:16:19 | DEBUG    | LEVI: Audio energy: 0.007283 (threshold: 0.01)
2026-05-03 00:16:19 | DEBUG    | LEVI: Audio energy: 0.007283 (threshold: 0.01)
2026-05-03 00:16:19 | DEBUG    | LEVI: Audio energy: 0.007283 (threshold: 0.01)
2026-05-03 00:16:19 | DEBUG    | LEVI: Audio energy: 0.007283 (threshold: 0.01)
2026-05-03 00:16:19 | DEBUG    | LEVI: Captured 8000 samples, buffer length 336000
2026-05-03 00:16:20 | DEBUG    | LEVI: Audio energy: 0.007196 (threshold: 0.01)
2026-05-03 00:16:20 | DEBUG    | LEVI: Audio energy: 0.007196 (threshold: 0.01)
2026-05-03 00:16:20 | DEBUG    | LEVI: Audio energy: 0.007196 (threshold: 0.01)
2026-05-03 00:16:20 | DEBUG    | LEVI: Audio energy: 0.007196 (threshold: 0.01)
2026-05-03 00:16:20 | DEBUG    | LEVI: Captured 8000 samples, buffer length 344000
2026-05-03 00:16:20 | DEBUG    | LEVI: Audio energy: 0.007111 (threshold: 0.01)
2026-05-03 00:16:20 | DEBUG    | LEVI: Audio energy: 0.007111 (threshold: 0.01)
2026-05-03 00:16:20 | DEBUG    | LEVI: Audio energy: 0.007111 (threshold: 0.01)
2026-05-03 00:16:20 | DEBUG    | LEVI: Captured 8000 samples, buffer length 352000
2026-05-03 00:16:20 | DEBUG    | LEVI: Audio energy: 0.007030 (threshold: 0.01)
2026-05-03 00:16:21 | DEBUG    | LEVI: Audio energy: 0.007030 (threshold: 0.01)
2026-05-03 00:16:21 | DEBUG    | LEVI: Audio energy: 0.007030 (threshold: 0.01)
2026-05-03 00:16:21 | DEBUG    | LEVI: Audio energy: 0.007030 (threshold: 0.01)
2026-05-03 00:16:21 | DEBUG    | LEVI: Captured 8000 samples, buffer length 360000
2026-05-03 00:16:21 | DEBUG    | LEVI: Audio energy: 0.007141 (threshold: 0.01)
2026-05-03 00:16:21 | DEBUG    | LEVI: Audio energy: 0.007141 (threshold: 0.01)
2026-05-03 00:16:21 | DEBUG    | LEVI: Audio energy: 0.007141 (threshold: 0.01)
2026-05-03 00:16:21 | DEBUG    | LEVI: Audio energy: 0.007141 (threshold: 0.01)
2026-05-03 00:16:21 | DEBUG    | LEVI: Captured 8000 samples, buffer length 368000
2026-05-03 00:16:21 | DEBUG    | LEVI: Audio energy: 0.007604 (threshold: 0.01)
2026-05-03 00:16:22 | DEBUG    | LEVI: Audio energy: 0.007604 (threshold: 0.01)
2026-05-03 00:16:22 | DEBUG    | LEVI: Audio energy: 0.007604 (threshold: 0.01)
2026-05-03 00:16:22 | DEBUG    | LEVI: Audio energy: 0.007604 (threshold: 0.01)
2026-05-03 00:16:22 | DEBUG    | LEVI: Captured 8000 samples, buffer length 376000
2026-05-03 00:16:22 | DEBUG    | LEVI: Audio energy: 0.007523 (threshold: 0.01)
2026-05-03 00:16:22 | DEBUG    | LEVI: Audio energy: 0.007523 (threshold: 0.01)
2026-05-03 00:16:22 | DEBUG    | LEVI: Audio energy: 0.007523 (threshold: 0.01)
2026-05-03 00:16:22 | DEBUG    | LEVI: Audio energy: 0.007523 (threshold: 0.01)
2026-05-03 00:16:22 | DEBUG    | LEVI: Captured 8000 samples, buffer length 384000
2026-05-03 00:16:23 | DEBUG    | LEVI: Audio energy: 0.007444 (threshold: 0.01)
2026-05-03 00:16:23 | DEBUG    | LEVI: Audio energy: 0.007444 (threshold: 0.01)
2026-05-03 00:16:23 | DEBUG    | LEVI: Audio energy: 0.007444 (threshold: 0.01)
2026-05-03 00:16:23 | DEBUG    | LEVI: Audio energy: 0.007444 (threshold: 0.01)
2026-05-03 00:16:23 | DEBUG    | LEVI: Captured 8000 samples, buffer length 392000
2026-05-03 00:16:23 | DEBUG    | LEVI: Audio energy: 0.007368 (threshold: 0.01)
2026-05-03 00:16:23 | DEBUG    | LEVI: Audio energy: 0.007368 (threshold: 0.01)
2026-05-03 00:16:23 | DEBUG    | LEVI: Audio energy: 0.007368 (threshold: 0.01)
2026-05-03 00:16:23 | DEBUG    | LEVI: Captured 8000 samples, buffer length 400000
2026-05-03 00:16:23 | DEBUG    | LEVI: Audio energy: 0.007368 (threshold: 0.01)
2026-05-03 00:16:24 | DEBUG    | LEVI: Audio energy: 0.007294 (threshold: 0.01)
2026-05-03 00:16:24 | DEBUG    | LEVI: Audio energy: 0.007294 (threshold: 0.01)
2026-05-03 00:16:24 | DEBUG    | LEVI: Audio energy: 0.007294 (threshold: 0.01)
2026-05-03 00:16:24 | DEBUG    | LEVI: Captured 8000 samples, buffer length 408000
2026-05-03 00:16:24 | DEBUG    | LEVI: Audio energy: 0.007222 (threshold: 0.01)
2026-05-03 00:16:24 | DEBUG    | LEVI: Audio energy: 0.007222 (threshold: 0.01)
2026-05-03 00:16:24 | DEBUG    | LEVI: Audio energy: 0.007222 (threshold: 0.01)
2026-05-03 00:16:24 | DEBUG    | LEVI: Audio energy: 0.007222 (threshold: 0.01)
2026-05-03 00:16:24 | DEBUG    | LEVI: Captured 8000 samples, buffer length 416000
2026-05-03 00:16:25 | INFO     | LEVI: 
⏸️  Received stop signal
2026-05-03 00:16:25 | INFO     | LEVI: ⏹️  Stopping LEVI...
2026-05-03 00:16:25 | DEBUG    | LEVI: Audio energy: 0.007152 (threshold: 0.01)
2026-05-03 00:16:25 | INFO     | LEVI: Stopping speech recognition...
2026-05-03 00:16:25 | INFO     | LEVI: ✓ LEVI stopped
2026-05-03 00:16:25 | DEBUG    | LEVI: Captured 8000 samples, buffer length 424000
