2026-05-03 00:16:38 | INFO     | LEVI: ============================================================
2026-05-03 00:16:38 | INFO     | LEVI: 🤖 LEVI ASSISTANT - Initializing Core Loop
2026-05-03 00:16:38 | INFO     | LEVI: ============================================================
2026-05-03 00:16:38 | INFO     | LEVI: Initializing Speech Recognizer (faster-whisper)
2026-05-03 00:16:40 | INFO     | LEVI: Speech Recognizer initialized successfully
2026-05-03 00:16:40 | INFO     | LEVI: Initializing Voice Output (edge-tts)
2026-05-03 00:16:40 | INFO     | LEVI: Voice Output ready - Voice: en-US-GuyNeural
2026-05-03 00:16:40 | INFO     | LEVI: ✓ Core Loop initialized successfully
2026-05-03 00:16:40 | INFO     | LEVI: Starting continuous speech recognition...
2026-05-03 00:16:40 | INFO     | LEVI: 🎙️  LEVI is now listening...
2026-05-03 00:16:40 | INFO     | LEVI: 🔊 Speaking: Hello! I'm LEVI, your virtual assistant. I'm ready to listen....
2026-05-03 00:16:40 | INFO     | LEVI: Microphone stream opened
2026-05-03 00:16:40 | DEBUG    | LEVI: Captured 8000 samples, buffer length 8000
2026-05-03 00:16:40 | DEBUG    | LEVI: Audio energy: 0.002308 (threshold: 0.01)
2026-05-03 00:16:41 | DEBUG    | LEVI: Audio energy: 0.002308 (threshold: 0.01)
2026-05-03 00:16:41 | DEBUG    | LEVI: Audio energy: 0.002308 (threshold: 0.01)
2026-05-03 00:16:41 | DEBUG    | LEVI: Audio energy: 0.002308 (threshold: 0.01)
2026-05-03 00:16:41 | DEBUG    | LEVI: Audio energy: 0.002308 (threshold: 0.01)
2026-05-03 00:16:41 | DEBUG    | LEVI: Captured 8000 samples, buffer length 16000
2026-05-03 00:16:41 | DEBUG    | LEVI: Audio energy: 0.001633 (threshold: 0.01)
2026-05-03 00:16:41 | DEBUG    | LEVI: Audio energy: 0.001633 (threshold: 0.01)
2026-05-03 00:16:41 | DEBUG    | LEVI: Audio energy: 0.001633 (threshold: 0.01)
2026-05-03 00:16:41 | DEBUG    | LEVI: Audio energy: 0.001633 (threshold: 0.01)
2026-05-03 00:16:41 | DEBUG    | LEVI: Captured 8000 samples, buffer length 24000
2026-05-03 00:16:41 | DEBUG    | LEVI: Audio energy: 0.001334 (threshold: 0.01)
2026-05-03 00:16:42 | DEBUG    | LEVI: Audio energy: 0.001334 (threshold: 0.01)
2026-05-03 00:16:42 | DEBUG    | LEVI: Audio energy: 0.001334 (threshold: 0.01)
2026-05-03 00:16:42 | DEBUG    | LEVI: Audio energy: 0.001334 (threshold: 0.01)
2026-05-03 00:16:42 | DEBUG    | LEVI: Audio energy: 0.001334 (threshold: 0.01)
2026-05-03 00:16:42 | DEBUG    | LEVI: Captured 8000 samples, buffer length 32000
2026-05-03 00:16:42 | DEBUG    | LEVI: Audio energy: 0.001155 (threshold: 0.01)
2026-05-03 00:16:42 | DEBUG    | LEVI: Audio energy: 0.001155 (threshold: 0.01)
2026-05-03 00:16:42 | DEBUG    | LEVI: Audio energy: 0.001155 (threshold: 0.01)
2026-05-03 00:16:42 | DEBUG    | LEVI: Audio energy: 0.001155 (threshold: 0.01)
2026-05-03 00:16:42 | DEBUG    | LEVI: Captured 8000 samples, buffer length 40000
2026-05-03 00:16:42 | DEBUG    | LEVI: Audio energy: 0.001034 (threshold: 0.01)
2026-05-03 00:16:43 | DEBUG    | LEVI: Audio energy: 0.001034 (threshold: 0.01)
2026-05-03 00:16:43 | DEBUG    | LEVI: Audio energy: 0.001034 (threshold: 0.01)
2026-05-03 00:16:43 | DEBUG    | LEVI: Audio energy: 0.001034 (threshold: 0.01)
2026-05-03 00:16:43 | DEBUG    | LEVI: Audio energy: 0.001034 (threshold: 0.01)
2026-05-03 00:16:43 | DEBUG    | LEVI: Captured 8000 samples, buffer length 48000
2026-05-03 00:16:43 | DEBUG    | LEVI: Audio energy: 0.000944 (threshold: 0.01)
2026-05-03 00:16:43 | DEBUG    | LEVI: Audio energy: 0.000944 (threshold: 0.01)
2026-05-03 00:16:43 | DEBUG    | LEVI: Audio energy: 0.000944 (threshold: 0.01)
2026-05-03 00:16:43 | DEBUG    | LEVI: Audio energy: 0.000944 (threshold: 0.01)
2026-05-03 00:16:43 | DEBUG    | LEVI: Audio energy: 0.000944 (threshold: 0.01)
2026-05-03 00:16:43 | DEBUG    | LEVI: Captured 8000 samples, buffer length 56000
2026-05-03 00:16:44 | DEBUG    | LEVI: Audio energy: 0.000874 (threshold: 0.01)
2026-05-03 00:16:44 | DEBUG    | LEVI: Audio energy: 0.000874 (threshold: 0.01)
2026-05-03 00:16:44 | DEBUG    | LEVI: Audio energy: 0.000874 (threshold: 0.01)
2026-05-03 00:16:44 | DEBUG    | LEVI: Audio energy: 0.000874 (threshold: 0.01)
2026-05-03 00:16:44 | DEBUG    | LEVI: Captured 8000 samples, buffer length 64000
2026-05-03 00:16:44 | DEBUG    | LEVI: Audio energy: 0.000818 (threshold: 0.01)
2026-05-03 00:16:44 | DEBUG    | LEVI: Audio energy: 0.000818 (threshold: 0.01)
2026-05-03 00:16:44 | DEBUG    | LEVI: Audio energy: 0.000818 (threshold: 0.01)
2026-05-03 00:16:44 | DEBUG    | LEVI: Audio energy: 0.000818 (threshold: 0.01)
2026-05-03 00:16:44 | DEBUG    | LEVI: Audio energy: 0.000818 (threshold: 0.01)
2026-05-03 00:16:44 | DEBUG    | LEVI: Captured 8000 samples, buffer length 72000
2026-05-03 00:16:44 | DEBUG    | LEVI: Audio energy: 0.000771 (threshold: 0.01)
2026-05-03 00:16:45 | DEBUG    | LEVI: Audio energy: 0.000771 (threshold: 0.01)
2026-05-03 00:16:45 | DEBUG    | LEVI: Audio energy: 0.000771 (threshold: 0.01)
2026-05-03 00:16:45 | DEBUG    | LEVI: Audio energy: 0.000771 (threshold: 0.01)
2026-05-03 00:16:45 | DEBUG    | LEVI: Captured 8000 samples, buffer length 80000
2026-05-03 00:16:45 | DEBUG    | LEVI: Audio energy: 0.000732 (threshold: 0.01)
2026-05-03 00:16:45 | DEBUG    | LEVI: Audio energy: 0.000732 (threshold: 0.01)
2026-05-03 00:16:45 | DEBUG    | LEVI: Audio energy: 0.000732 (threshold: 0.01)
2026-05-03 00:16:45 | DEBUG    | LEVI: Audio energy: 0.000732 (threshold: 0.01)
2026-05-03 00:16:45 | DEBUG    | LEVI: Audio energy: 0.000732 (threshold: 0.01)
2026-05-03 00:16:45 | DEBUG    | LEVI: Captured 8000 samples, buffer length 88000
2026-05-03 00:16:45 | DEBUG    | LEVI: Audio energy: 0.000698 (threshold: 0.01)
2026-05-03 00:16:46 | DEBUG    | LEVI: Audio energy: 0.000698 (threshold: 0.01)
2026-05-03 00:16:46 | DEBUG    | LEVI: Audio energy: 0.000698 (threshold: 0.01)
2026-05-03 00:16:46 | DEBUG    | LEVI: Audio energy: 0.000698 (threshold: 0.01)
2026-05-03 00:16:46 | DEBUG    | LEVI: Audio energy: 0.000698 (threshold: 0.01)
2026-05-03 00:16:46 | DEBUG    | LEVI: Captured 8000 samples, buffer length 96000
2026-05-03 00:16:46 | DEBUG    | LEVI: Audio energy: 0.000668 (threshold: 0.01)
2026-05-03 00:16:46 | DEBUG    | LEVI: Audio energy: 0.000668 (threshold: 0.01)
2026-05-03 00:16:46 | DEBUG    | LEVI: Audio energy: 0.000668 (threshold: 0.01)
2026-05-03 00:16:46 | DEBUG    | LEVI: Audio energy: 0.000668 (threshold: 0.01)
2026-05-03 00:16:46 | DEBUG    | LEVI: Captured 8000 samples, buffer length 104000
2026-05-03 00:16:46 | DEBUG    | LEVI: Audio energy: 0.000642 (threshold: 0.01)
2026-05-03 00:16:47 | DEBUG    | LEVI: Audio energy: 0.000642 (threshold: 0.01)
2026-05-03 00:16:47 | DEBUG    | LEVI: Audio energy: 0.000642 (threshold: 0.01)
2026-05-03 00:16:47 | DEBUG    | LEVI: Audio energy: 0.000642 (threshold: 0.01)
2026-05-03 00:16:47 | DEBUG    | LEVI: Audio energy: 0.000642 (threshold: 0.01)
2026-05-03 00:16:47 | DEBUG    | LEVI: Captured 8000 samples, buffer length 112000
2026-05-03 00:16:47 | DEBUG    | LEVI: Audio energy: 0.000619 (threshold: 0.01)
2026-05-03 00:16:47 | DEBUG    | LEVI: Audio energy: 0.000619 (threshold: 0.01)
2026-05-03 00:16:47 | DEBUG    | LEVI: Audio energy: 0.000619 (threshold: 0.01)
2026-05-03 00:16:47 | DEBUG    | LEVI: Audio energy: 0.000619 (threshold: 0.01)
2026-05-03 00:16:47 | DEBUG    | LEVI: Captured 8000 samples, buffer length 120000
2026-05-03 00:16:47 | DEBUG    | LEVI: Audio energy: 0.000598 (threshold: 0.01)
2026-05-03 00:16:48 | DEBUG    | LEVI: Audio energy: 0.000598 (threshold: 0.01)
2026-05-03 00:16:48 | DEBUG    | LEVI: Audio energy: 0.000598 (threshold: 0.01)
2026-05-03 00:16:48 | DEBUG    | LEVI: Audio energy: 0.000598 (threshold: 0.01)
2026-05-03 00:16:48 | DEBUG    | LEVI: Audio energy: 0.000598 (threshold: 0.01)
2026-05-03 00:16:48 | DEBUG    | LEVI: Captured 8000 samples, buffer length 128000
2026-05-03 00:16:48 | DEBUG    | LEVI: Audio energy: 0.000579 (threshold: 0.01)
2026-05-03 00:16:48 | DEBUG    | LEVI: Audio energy: 0.000579 (threshold: 0.01)
2026-05-03 00:16:48 | DEBUG    | LEVI: Audio energy: 0.000579 (threshold: 0.01)
2026-05-03 00:16:48 | DEBUG    | LEVI: Audio energy: 0.000579 (threshold: 0.01)
2026-05-03 00:16:48 | DEBUG    | LEVI: Captured 8000 samples, buffer length 136000
2026-05-03 00:16:48 | DEBUG    | LEVI: Audio energy: 0.000561 (threshold: 0.01)
2026-05-03 00:16:49 | DEBUG    | LEVI: Audio energy: 0.000561 (threshold: 0.01)
2026-05-03 00:16:49 | DEBUG    | LEVI: Audio energy: 0.000561 (threshold: 0.01)
2026-05-03 00:16:49 | DEBUG    | LEVI: Audio energy: 0.000561 (threshold: 0.01)
2026-05-03 00:16:49 | DEBUG    | LEVI: Audio energy: 0.000561 (threshold: 0.01)
2026-05-03 00:16:49 | DEBUG    | LEVI: Captured 8000 samples, buffer length 144000
2026-05-03 00:16:49 | DEBUG    | LEVI: Audio energy: 0.000546 (threshold: 0.01)
2026-05-03 00:16:49 | DEBUG    | LEVI: Audio energy: 0.000546 (threshold: 0.01)
2026-05-03 00:16:49 | DEBUG    | LEVI: Audio energy: 0.000546 (threshold: 0.01)
2026-05-03 00:16:49 | DEBUG    | LEVI: Audio energy: 0.000546 (threshold: 0.01)
2026-05-03 00:16:49 | DEBUG    | LEVI: Captured 8000 samples, buffer length 152000
2026-05-03 00:16:49 | DEBUG    | LEVI: Audio energy: 0.000531 (threshold: 0.01)
2026-05-03 00:16:50 | DEBUG    | LEVI: Audio energy: 0.000531 (threshold: 0.01)
2026-05-03 00:16:50 | DEBUG    | LEVI: Audio energy: 0.000531 (threshold: 0.01)
2026-05-03 00:16:50 | DEBUG    | LEVI: Audio energy: 0.000531 (threshold: 0.01)
2026-05-03 00:16:50 | DEBUG    | LEVI: Captured 8000 samples, buffer length 160000
2026-05-03 00:16:50 | DEBUG    | LEVI: Audio energy: 0.000518 (threshold: 0.01)
2026-05-03 00:16:50 | DEBUG    | LEVI: Audio energy: 0.000518 (threshold: 0.01)
2026-05-03 00:16:50 | DEBUG    | LEVI: Audio energy: 0.000518 (threshold: 0.01)
2026-05-03 00:16:50 | DEBUG    | LEVI: Audio energy: 0.000518 (threshold: 0.01)
2026-05-03 00:16:50 | DEBUG    | LEVI: Captured 8000 samples, buffer length 168000
2026-05-03 00:16:50 | DEBUG    | LEVI: Audio energy: 0.000505 (threshold: 0.01)
2026-05-03 00:16:51 | DEBUG    | LEVI: Audio energy: 0.000505 (threshold: 0.01)
2026-05-03 00:16:51 | DEBUG    | LEVI: Audio energy: 0.000505 (threshold: 0.01)
2026-05-03 00:16:51 | DEBUG    | LEVI: Audio energy: 0.000505 (threshold: 0.01)
2026-05-03 00:16:51 | DEBUG    | LEVI: Audio energy: 0.000505 (threshold: 0.01)
2026-05-03 00:16:51 | DEBUG    | LEVI: Captured 8000 samples, buffer length 176000
2026-05-03 00:16:51 | DEBUG    | LEVI: Audio energy: 0.000494 (threshold: 0.01)
2026-05-03 00:16:51 | DEBUG    | LEVI: Audio energy: 0.000494 (threshold: 0.01)
2026-05-03 00:16:51 | DEBUG    | LEVI: Audio energy: 0.000494 (threshold: 0.01)
2026-05-03 00:16:51 | DEBUG    | LEVI: Audio energy: 0.000494 (threshold: 0.01)
2026-05-03 00:16:51 | DEBUG    | LEVI: Captured 8000 samples, buffer length 184000
2026-05-03 00:16:51 | DEBUG    | LEVI: Audio energy: 0.000483 (threshold: 0.01)
2026-05-03 00:16:52 | DEBUG    | LEVI: Audio energy: 0.000483 (threshold: 0.01)
2026-05-03 00:16:52 | DEBUG    | LEVI: Audio energy: 0.000483 (threshold: 0.01)
2026-05-03 00:16:52 | DEBUG    | LEVI: Audio energy: 0.000483 (threshold: 0.01)
2026-05-03 00:16:52 | DEBUG    | LEVI: Audio energy: 0.000483 (threshold: 0.01)
2026-05-03 00:16:52 | DEBUG    | LEVI: Captured 8000 samples, buffer length 192000
2026-05-03 00:16:52 | DEBUG    | LEVI: Audio energy: 0.000473 (threshold: 0.01)
2026-05-03 00:16:52 | DEBUG    | LEVI: Audio energy: 0.000473 (threshold: 0.01)
2026-05-03 00:16:52 | DEBUG    | LEVI: Audio energy: 0.000473 (threshold: 0.01)
2026-05-03 00:16:52 | DEBUG    | LEVI: Audio energy: 0.000473 (threshold: 0.01)
2026-05-03 00:16:52 | DEBUG    | LEVI: Captured 8000 samples, buffer length 200000
2026-05-03 00:16:53 | DEBUG    | LEVI: Audio energy: 0.000464 (threshold: 0.01)
2026-05-03 00:16:53 | DEBUG    | LEVI: Audio energy: 0.000464 (threshold: 0.01)
2026-05-03 00:16:53 | DEBUG    | LEVI: Audio energy: 0.000464 (threshold: 0.01)
2026-05-03 00:16:53 | DEBUG    | LEVI: Audio energy: 0.000464 (threshold: 0.01)
2026-05-03 00:16:53 | DEBUG    | LEVI: Captured 8000 samples, buffer length 208000
2026-05-03 00:16:53 | DEBUG    | LEVI: Audio energy: 0.002457 (threshold: 0.01)
2026-05-03 00:16:53 | DEBUG    | LEVI: Audio energy: 0.002457 (threshold: 0.01)
2026-05-03 00:16:53 | DEBUG    | LEVI: Audio energy: 0.002457 (threshold: 0.01)
2026-05-03 00:16:53 | DEBUG    | LEVI: Audio energy: 0.002457 (threshold: 0.01)
2026-05-03 00:16:53 | DEBUG    | LEVI: Captured 8000 samples, buffer length 216000
2026-05-03 00:16:53 | DEBUG    | LEVI: Audio energy: 0.004805 (threshold: 0.01)
2026-05-03 00:16:54 | DEBUG    | LEVI: Audio energy: 0.004805 (threshold: 0.01)
2026-05-03 00:16:54 | DEBUG    | LEVI: Audio energy: 0.004805 (threshold: 0.01)
2026-05-03 00:16:54 | DEBUG    | LEVI: Audio energy: 0.004805 (threshold: 0.01)
2026-05-03 00:16:54 | DEBUG    | LEVI: Captured 8000 samples, buffer length 224000
2026-05-03 00:16:54 | DEBUG    | LEVI: Audio energy: 0.005579 (threshold: 0.01)
2026-05-03 00:16:54 | DEBUG    | LEVI: Audio energy: 0.005579 (threshold: 0.01)
2026-05-03 00:16:54 | DEBUG    | LEVI: Audio energy: 0.005579 (threshold: 0.01)
2026-05-03 00:16:54 | DEBUG    | LEVI: Audio energy: 0.005579 (threshold: 0.01)
2026-05-03 00:16:54 | DEBUG    | LEVI: Captured 8000 samples, buffer length 232000
2026-05-03 00:16:54 | DEBUG    | LEVI: Audio energy: 0.005536 (threshold: 0.01)
2026-05-03 00:16:55 | DEBUG    | LEVI: Audio energy: 0.005536 (threshold: 0.01)
2026-05-03 00:16:55 | DEBUG    | LEVI: Audio energy: 0.005536 (threshold: 0.01)
2026-05-03 00:16:55 | DEBUG    | LEVI: Audio energy: 0.005536 (threshold: 0.01)
2026-05-03 00:16:55 | DEBUG    | LEVI: Captured 8000 samples, buffer length 240000
2026-05-03 00:16:55 | DEBUG    | LEVI: Audio energy: 0.005443 (threshold: 0.01)
2026-05-03 00:16:55 | DEBUG    | LEVI: Audio energy: 0.005443 (threshold: 0.01)
2026-05-03 00:16:55 | DEBUG    | LEVI: Audio energy: 0.005443 (threshold: 0.01)
2026-05-03 00:16:55 | DEBUG    | LEVI: Audio energy: 0.005443 (threshold: 0.01)
2026-05-03 00:16:55 | DEBUG    | LEVI: Captured 8000 samples, buffer length 248000
2026-05-03 00:16:55 | DEBUG    | LEVI: Audio energy: 0.005354 (threshold: 0.01)
2026-05-03 00:16:56 | DEBUG    | LEVI: Audio energy: 0.005354 (threshold: 0.01)
2026-05-03 00:16:56 | DEBUG    | LEVI: Audio energy: 0.005354 (threshold: 0.01)
2026-05-03 00:16:56 | DEBUG    | LEVI: Audio energy: 0.005354 (threshold: 0.01)
2026-05-03 00:16:56 | DEBUG    | LEVI: Captured 8000 samples, buffer length 256000
2026-05-03 00:16:56 | DEBUG    | LEVI: Audio energy: 0.005354 (threshold: 0.01)
2026-05-03 00:16:56 | DEBUG    | LEVI: Audio energy: 0.005270 (threshold: 0.01)
2026-05-03 00:16:56 | DEBUG    | LEVI: Audio energy: 0.005270 (threshold: 0.01)
2026-05-03 00:16:56 | DEBUG    | LEVI: Audio energy: 0.005270 (threshold: 0.01)
2026-05-03 00:16:56 | DEBUG    | LEVI: Audio energy: 0.005270 (threshold: 0.01)
2026-05-03 00:16:56 | DEBUG    | LEVI: Captured 8000 samples, buffer length 264000
2026-05-03 00:16:57 | DEBUG    | LEVI: Audio energy: 0.005190 (threshold: 0.01)
2026-05-03 00:16:57 | DEBUG    | LEVI: Audio energy: 0.005190 (threshold: 0.01)
2026-05-03 00:16:57 | DEBUG    | LEVI: Audio energy: 0.005190 (threshold: 0.01)
2026-05-03 00:16:57 | DEBUG    | LEVI: Audio energy: 0.005190 (threshold: 0.01)
2026-05-03 00:16:57 | DEBUG    | LEVI: Captured 8000 samples, buffer length 272000
2026-05-03 00:16:57 | DEBUG    | LEVI: Audio energy: 0.005113 (threshold: 0.01)
2026-05-03 00:16:57 | DEBUG    | LEVI: Audio energy: 0.005113 (threshold: 0.01)
2026-05-03 00:16:57 | DEBUG    | LEVI: Audio energy: 0.005113 (threshold: 0.01)
2026-05-03 00:16:57 | DEBUG    | LEVI: Audio energy: 0.005113 (threshold: 0.01)
2026-05-03 00:16:57 | DEBUG    | LEVI: Captured 8000 samples, buffer length 280000
2026-05-03 00:16:57 | DEBUG    | LEVI: Audio energy: 0.005039 (threshold: 0.01)
2026-05-03 00:16:58 | DEBUG    | LEVI: Audio energy: 0.005039 (threshold: 0.01)
2026-05-03 00:16:58 | DEBUG    | LEVI: Audio energy: 0.005039 (threshold: 0.01)
2026-05-03 00:16:58 | DEBUG    | LEVI: Audio energy: 0.005039 (threshold: 0.01)
2026-05-03 00:16:58 | DEBUG    | LEVI: Captured 8000 samples, buffer length 288000
2026-05-03 00:16:58 | DEBUG    | LEVI: Audio energy: 0.004969 (threshold: 0.01)
2026-05-03 00:16:58 | DEBUG    | LEVI: Audio energy: 0.004969 (threshold: 0.01)
2026-05-03 00:16:58 | DEBUG    | LEVI: Audio energy: 0.004969 (threshold: 0.01)
2026-05-03 00:16:58 | DEBUG    | LEVI: Audio energy: 0.004969 (threshold: 0.01)
2026-05-03 00:16:58 | DEBUG    | LEVI: Captured 8000 samples, buffer length 296000
2026-05-03 00:16:58 | DEBUG    | LEVI: Audio energy: 0.004901 (threshold: 0.01)
2026-05-03 00:16:59 | DEBUG    | LEVI: Audio energy: 0.004901 (threshold: 0.01)
2026-05-03 00:16:59 | DEBUG    | LEVI: Audio energy: 0.004901 (threshold: 0.01)
2026-05-03 00:16:59 | DEBUG    | LEVI: Audio energy: 0.004901 (threshold: 0.01)
2026-05-03 00:16:59 | DEBUG    | LEVI: Captured 8000 samples, buffer length 304000
2026-05-03 00:16:59 | DEBUG    | LEVI: Audio energy: 0.004836 (threshold: 0.01)
2026-05-03 00:16:59 | DEBUG    | LEVI: Audio energy: 0.004836 (threshold: 0.01)
2026-05-03 00:16:59 | DEBUG    | LEVI: Audio energy: 0.004836 (threshold: 0.01)
2026-05-03 00:16:59 | DEBUG    | LEVI: Audio energy: 0.004836 (threshold: 0.01)
2026-05-03 00:16:59 | DEBUG    | LEVI: Captured 8000 samples, buffer length 312000
2026-05-03 00:16:59 | DEBUG    | LEVI: Audio energy: 0.004836 (threshold: 0.01)
2026-05-03 00:17:00 | DEBUG    | LEVI: Audio energy: 0.004774 (threshold: 0.01)
2026-05-03 00:17:00 | DEBUG    | LEVI: Audio energy: 0.004774 (threshold: 0.01)
2026-05-03 00:17:00 | DEBUG    | LEVI: Audio energy: 0.004774 (threshold: 0.01)
2026-05-03 00:17:00 | DEBUG    | LEVI: Captured 8000 samples, buffer length 320000
2026-05-03 00:17:00 | DEBUG    | LEVI: Audio energy: 0.004714 (threshold: 0.01)
2026-05-03 00:17:00 | DEBUG    | LEVI: Audio energy: 0.004714 (threshold: 0.01)
2026-05-03 00:17:00 | DEBUG    | LEVI: Audio energy: 0.004714 (threshold: 0.01)
2026-05-03 00:17:00 | DEBUG    | LEVI: Audio energy: 0.004714 (threshold: 0.01)
2026-05-03 00:17:00 | DEBUG    | LEVI: Audio energy: 0.004714 (threshold: 0.01)
2026-05-03 00:17:00 | DEBUG    | LEVI: Captured 8000 samples, buffer length 328000
2026-05-03 00:17:01 | DEBUG    | LEVI: Audio energy: 0.004656 (threshold: 0.01)
2026-05-03 00:17:01 | DEBUG    | LEVI: Audio energy: 0.004656 (threshold: 0.01)
2026-05-03 00:17:01 | DEBUG    | LEVI: Audio energy: 0.004656 (threshold: 0.01)
2026-05-03 00:17:01 | DEBUG    | LEVI: Audio energy: 0.004656 (threshold: 0.01)
2026-05-03 00:17:01 | DEBUG    | LEVI: Captured 8000 samples, buffer length 336000
2026-05-03 00:17:01 | DEBUG    | LEVI: Audio energy: 0.004600 (threshold: 0.01)
2026-05-03 00:17:01 | DEBUG    | LEVI: Audio energy: 0.004600 (threshold: 0.01)
2026-05-03 00:17:01 | DEBUG    | LEVI: Audio energy: 0.004600 (threshold: 0.01)
2026-05-03 00:17:01 | DEBUG    | LEVI: Audio energy: 0.004600 (threshold: 0.01)
2026-05-03 00:17:01 | DEBUG    | LEVI: Captured 8000 samples, buffer length 344000
2026-05-03 00:17:02 | DEBUG    | LEVI: Audio energy: 0.004546 (threshold: 0.01)
2026-05-03 00:17:02 | DEBUG    | LEVI: Audio energy: 0.004546 (threshold: 0.01)
2026-05-03 00:17:02 | DEBUG    | LEVI: Audio energy: 0.004546 (threshold: 0.01)
2026-05-03 00:17:02 | DEBUG    | LEVI: Audio energy: 0.004546 (threshold: 0.01)
2026-05-03 00:17:02 | DEBUG    | LEVI: Captured 8000 samples, buffer length 352000
2026-05-03 00:17:02 | DEBUG    | LEVI: Audio energy: 0.004495 (threshold: 0.01)
2026-05-03 00:17:02 | DEBUG    | LEVI: Audio energy: 0.004495 (threshold: 0.01)
2026-05-03 00:17:02 | DEBUG    | LEVI: Audio energy: 0.004495 (threshold: 0.01)
2026-05-03 00:17:02 | DEBUG    | LEVI: Captured 8000 samples, buffer length 360000
2026-05-03 00:17:02 | DEBUG    | LEVI: Audio energy: 0.004444 (threshold: 0.01)
2026-05-03 00:17:03 | DEBUG    | LEVI: Audio energy: 0.004444 (threshold: 0.01)
2026-05-03 00:17:03 | DEBUG    | LEVI: Audio energy: 0.004444 (threshold: 0.01)
2026-05-03 00:17:03 | DEBUG    | LEVI: Audio energy: 0.004444 (threshold: 0.01)
2026-05-03 00:17:03 | DEBUG    | LEVI: Audio energy: 0.004444 (threshold: 0.01)
2026-05-03 00:17:03 | DEBUG    | LEVI: Captured 8000 samples, buffer length 368000
2026-05-03 00:17:03 | DEBUG    | LEVI: Audio energy: 0.006158 (threshold: 0.01)
2026-05-03 00:17:03 | DEBUG    | LEVI: Audio energy: 0.006158 (threshold: 0.01)
2026-05-03 00:17:03 | DEBUG    | LEVI: Audio energy: 0.006158 (threshold: 0.01)
2026-05-03 00:17:03 | DEBUG    | LEVI: Captured 8000 samples, buffer length 376000
2026-05-03 00:17:03 | DEBUG    | LEVI: Audio energy: 0.008207 (threshold: 0.01)
2026-05-03 00:17:04 | DEBUG    | LEVI: Audio energy: 0.008207 (threshold: 0.01)
2026-05-03 00:17:04 | DEBUG    | LEVI: Audio energy: 0.008207 (threshold: 0.01)
2026-05-03 00:17:04 | DEBUG    | LEVI: Audio energy: 0.008207 (threshold: 0.01)
2026-05-03 00:17:04 | DEBUG    | LEVI: Captured 8000 samples, buffer length 384000
2026-05-03 00:17:04 | DEBUG    | LEVI: Audio energy: 0.008122 (threshold: 0.01)
2026-05-03 00:17:04 | DEBUG    | LEVI: Audio energy: 0.008122 (threshold: 0.01)
2026-05-03 00:17:04 | DEBUG    | LEVI: Audio energy: 0.008122 (threshold: 0.01)
2026-05-03 00:17:04 | DEBUG    | LEVI: Audio energy: 0.008122 (threshold: 0.01)
2026-05-03 00:17:04 | DEBUG    | LEVI: Captured 8000 samples, buffer length 392000
2026-05-03 00:17:04 | DEBUG    | LEVI: Audio energy: 0.008038 (threshold: 0.01)
2026-05-03 00:17:05 | DEBUG    | LEVI: Audio energy: 0.008038 (threshold: 0.01)
2026-05-03 00:17:05 | DEBUG    | LEVI: Audio energy: 0.008038 (threshold: 0.01)
2026-05-03 00:17:05 | DEBUG    | LEVI: Audio energy: 0.008038 (threshold: 0.01)
2026-05-03 00:17:05 | DEBUG    | LEVI: Captured 8000 samples, buffer length 400000
2026-05-03 00:17:05 | DEBUG    | LEVI: Audio energy: 0.007958 (threshold: 0.01)
2026-05-03 00:17:05 | DEBUG    | LEVI: Audio energy: 0.007958 (threshold: 0.01)
2026-05-03 00:17:05 | DEBUG    | LEVI: Audio energy: 0.007958 (threshold: 0.01)
2026-05-03 00:17:05 | DEBUG    | LEVI: Audio energy: 0.007958 (threshold: 0.01)
2026-05-03 00:17:05 | DEBUG    | LEVI: Captured 8000 samples, buffer length 408000
2026-05-03 00:17:06 | DEBUG    | LEVI: Audio energy: 0.008323 (threshold: 0.01)
2026-05-03 00:17:06 | DEBUG    | LEVI: Audio energy: 0.008323 (threshold: 0.01)
2026-05-03 00:17:06 | DEBUG    | LEVI: Audio energy: 0.008323 (threshold: 0.01)
2026-05-03 00:17:06 | DEBUG    | LEVI: Audio energy: 0.008323 (threshold: 0.01)
2026-05-03 00:17:06 | DEBUG    | LEVI: Captured 8000 samples, buffer length 416000
2026-05-03 00:17:06 | DEBUG    | LEVI: Audio energy: 0.009260 (threshold: 0.01)
2026-05-03 00:17:06 | DEBUG    | LEVI: Audio energy: 0.009260 (threshold: 0.01)
2026-05-03 00:17:06 | DEBUG    | LEVI: Audio energy: 0.009260 (threshold: 0.01)
2026-05-03 00:17:06 | DEBUG    | LEVI: Audio energy: 0.009260 (threshold: 0.01)
2026-05-03 00:17:06 | DEBUG    | LEVI: Captured 8000 samples, buffer length 424000
2026-05-03 00:17:07 | DEBUG    | LEVI: Audio energy: 0.009173 (threshold: 0.01)
2026-05-03 00:17:07 | DEBUG    | LEVI: Audio energy: 0.009173 (threshold: 0.01)
2026-05-03 00:17:07 | DEBUG    | LEVI: Audio energy: 0.009173 (threshold: 0.01)
2026-05-03 00:17:07 | DEBUG    | LEVI: Captured 8000 samples, buffer length 432000
2026-05-03 00:17:07 | DEBUG    | LEVI: Audio energy: 0.009173 (threshold: 0.01)
2026-05-03 00:17:07 | DEBUG    | LEVI: Audio energy: 0.009088 (threshold: 0.01)
2026-05-03 00:17:07 | DEBUG    | LEVI: Audio energy: 0.009088 (threshold: 0.01)
2026-05-03 00:17:07 | DEBUG    | LEVI: Audio energy: 0.009088 (threshold: 0.01)
2026-05-03 00:17:07 | DEBUG    | LEVI: Captured 8000 samples, buffer length 440000
2026-05-03 00:17:07 | DEBUG    | LEVI: Audio energy: 0.009005 (threshold: 0.01)
2026-05-03 00:17:08 | DEBUG    | LEVI: Audio energy: 0.009005 (threshold: 0.01)
2026-05-03 00:17:08 | DEBUG    | LEVI: Audio energy: 0.009005 (threshold: 0.01)
2026-05-03 00:17:08 | DEBUG    | LEVI: Audio energy: 0.009005 (threshold: 0.01)
2026-05-03 00:17:08 | DEBUG    | LEVI: Captured 8000 samples, buffer length 448000
2026-05-03 00:17:08 | DEBUG    | LEVI: Audio energy: 0.008924 (threshold: 0.01)
2026-05-03 00:17:08 | DEBUG    | LEVI: Audio energy: 0.008924 (threshold: 0.01)
2026-05-03 00:17:08 | DEBUG    | LEVI: Audio energy: 0.008924 (threshold: 0.01)
2026-05-03 00:17:08 | DEBUG    | LEVI: Audio energy: 0.008924 (threshold: 0.01)
2026-05-03 00:17:08 | DEBUG    | LEVI: Captured 8000 samples, buffer length 456000
2026-05-03 00:17:08 | DEBUG    | LEVI: Audio energy: 0.008845 (threshold: 0.01)
2026-05-03 00:17:09 | DEBUG    | LEVI: Audio energy: 0.008845 (threshold: 0.01)
2026-05-03 00:17:09 | DEBUG    | LEVI: Audio energy: 0.008845 (threshold: 0.01)
2026-05-03 00:17:09 | DEBUG    | LEVI: Audio energy: 0.008845 (threshold: 0.01)
2026-05-03 00:17:09 | DEBUG    | LEVI: Captured 8000 samples, buffer length 464000
2026-05-03 00:17:09 | INFO     | LEVI: 
⏸️  Received stop signal
2026-05-03 00:17:09 | INFO     | LEVI: ⏹️  Stopping LEVI...
2026-05-03 00:17:09 | INFO     | LEVI: Stopping speech recognition...
2026-05-03 00:17:09 | INFO     | LEVI: ✓ LEVI stopped
2026-05-03 00:17:09 | DEBUG    | LEVI: Captured 8000 samples, buffer length 472000
