2026-05-03 00:48:02 | INFO     | LEVI: ============================================================
2026-05-03 00:48:02 | INFO     | LEVI: 🤖 LEVI ASSISTANT - Initializing Core Loop
2026-05-03 00:48:02 | INFO     | LEVI: ============================================================
2026-05-03 00:48:02 | INFO     | LEVI: Initializing Speech Recognizer (faster-whisper)
2026-05-03 00:48:02 | INFO     | LEVI: Loading WhisperModel size=tiny device=cpu compute_type=int8
2026-05-03 00:48:03 | INFO     | LEVI: Speech Recognizer initialized successfully
2026-05-03 00:48:03 | INFO     | LEVI: Initializing Voice Output (edge-tts)
2026-05-03 00:48:03 | INFO     | LEVI: Voice Output ready - Voice: en-US-GuyNeural
2026-05-03 00:48:03 | INFO     | LEVI: ✓ Core Loop initialized successfully
2026-05-03 00:48:03 | INFO     | LEVI: Starting continuous speech recognition...
2026-05-03 00:48:03 | INFO     | LEVI: 🎙️  LEVI is now listening...
2026-05-03 00:48:03 | INFO     | LEVI: 🔊 Speaking: Hello! I'm LEVI, your virtual assistant. I'm ready to listen....
2026-05-03 00:48:03 | INFO     | LEVI: Microphone stream opened
2026-05-03 00:48:03 | DEBUG    | LEVI: Captured 8000 samples, buffer length 8000, queue size -
2026-05-03 00:48:03 | DEBUG    | LEVI: Audio energy (last 0.8s): 0.002734 (threshold: 0.0075)
2026-05-03 00:48:03 | DEBUG    | LEVI: Audio energy (last 0.8s): 0.002734 (threshold: 0.0075)
2026-05-03 00:48:03 | DEBUG    | LEVI: Audio energy (last 0.8s): 0.002734 (threshold: 0.0075)
2026-05-03 00:48:03 | DEBUG    | LEVI: Audio energy (last 0.8s): 0.002734 (threshold: 0.0075)
2026-05-03 00:48:04 | DEBUG    | LEVI: Audio energy (last 0.8s): 0.002734 (threshold: 0.0075)
2026-05-03 00:48:04 | DEBUG    | LEVI: Audio energy (last 0.8s): 0.002734 (threshold: 0.0075)
2026-05-03 00:48:04 | DEBUG    | LEVI: Audio energy (last 0.8s): 0.002734 (threshold: 0.0075)
2026-05-03 00:48:04 | DEBUG    | LEVI: Captured 8000 samples, buffer length 16000, queue size -
2026-05-03 00:48:04 | DEBUG    | LEVI: Audio energy (last 0.8s): 0.001372 (threshold: 0.0075)
2026-05-03 00:48:04 | DEBUG    | LEVI: Audio energy (last 0.8s): 0.001372 (threshold: 0.0075)
2026-05-03 00:48:04 | DEBUG    | LEVI: Audio energy (last 0.8s): 0.001372 (threshold: 0.0075)
2026-05-03 00:48:04 | DEBUG    | LEVI: Audio energy (last 0.8s): 0.001372 (threshold: 0.0075)
2026-05-03 00:48:04 | DEBUG    | LEVI: Audio energy (last 0.8s): 0.001372 (threshold: 0.0075)
2026-05-03 00:48:04 | DEBUG    | LEVI: Audio energy (last 0.8s): 0.001372 (threshold: 0.0075)
2026-05-03 00:48:04 | DEBUG    | LEVI: Audio energy (last 0.8s): 0.001372 (threshold: 0.0075)
2026-05-03 00:48:04 | DEBUG    | LEVI: Audio energy (last 0.8s): 0.001372 (threshold: 0.0075)
2026-05-03 00:48:04 | DEBUG    | LEVI: Captured 8000 samples, buffer length 24000, queue size -
2026-05-03 00:48:04 | DEBUG    | LEVI: Audio energy (last 0.8s): 0.000224 (threshold: 0.0075)
2026-05-03 00:48:04 | DEBUG    | LEVI: Audio energy (last 0.8s): 0.000224 (threshold: 0.0075)
2026-05-03 00:48:04 | DEBUG    | LEVI: Audio energy (last 0.8s): 0.000224 (threshold: 0.0075)
2026-05-03 00:48:04 | DEBUG    | LEVI: Audio energy (last 0.8s): 0.000224 (threshold: 0.0075)
2026-05-03 00:48:04 | DEBUG    | LEVI: Audio energy (last 0.8s): 0.000224 (threshold: 0.0075)
2026-05-03 00:48:05 | DEBUG    | LEVI: Audio energy (last 0.8s): 0.000224 (threshold: 0.0075)
2026-05-03 00:48:05 | DEBUG    | LEVI: Audio energy (last 0.8s): 0.000224 (threshold: 0.0075)
2026-05-03 00:48:05 | DEBUG    | LEVI: Audio energy (last 0.8s): 0.000224 (threshold: 0.0075)
2026-05-03 00:48:05 | DEBUG    | LEVI: Captured 8000 samples, buffer length 32000, queue size -
2026-05-03 00:48:05 | DEBUG    | LEVI: Audio energy (last 0.8s): 0.000224 (threshold: 0.0075)
2026-05-03 00:48:05 | DEBUG    | LEVI: Audio energy (last 0.8s): 0.000224 (threshold: 0.0075)
2026-05-03 00:48:05 | DEBUG    | LEVI: Audio energy (last 0.8s): 0.000224 (threshold: 0.0075)
2026-05-03 00:48:05 | DEBUG    | LEVI: Audio energy (last 0.8s): 0.000224 (threshold: 0.0075)
2026-05-03 00:48:05 | DEBUG    | LEVI: Audio energy (last 0.8s): 0.000224 (threshold: 0.0075)
2026-05-03 00:48:05 | DEBUG    | LEVI: Audio energy (last 0.8s): 0.000224 (threshold: 0.0075)
2026-05-03 00:48:05 | DEBUG    | LEVI: Audio energy (last 0.8s): 0.000224 (threshold: 0.0075)
2026-05-03 00:48:05 | DEBUG    | LEVI: Audio energy (last 0.8s): 0.000224 (threshold: 0.0075)
2026-05-03 00:48:05 | DEBUG    | LEVI: Captured 8000 samples, buffer length 40000, queue size -
2026-05-03 00:48:05 | DEBUG    | LEVI: Audio energy (last 0.8s): 0.000055 (threshold: 0.0075)
2026-05-03 00:48:05 | DEBUG    | LEVI: Audio energy (last 0.8s): 0.000055 (threshold: 0.0075)
2026-05-03 00:48:05 | DEBUG    | LEVI: Audio energy (last 0.8s): 0.000055 (threshold: 0.0075)
2026-05-03 00:48:05 | DEBUG    | LEVI: Audio energy (last 0.8s): 0.000055 (threshold: 0.0075)
2026-05-03 00:48:05 | DEBUG    | LEVI: Audio energy (last 0.8s): 0.000055 (threshold: 0.0075)
2026-05-03 00:48:06 | DEBUG    | LEVI: Audio energy (last 0.8s): 0.000055 (threshold: 0.0075)
2026-05-03 00:48:06 | DEBUG    | LEVI: Audio energy (last 0.8s): 0.000055 (threshold: 0.0075)
2026-05-03 00:48:06 | DEBUG    | LEVI: Audio energy (last 0.8s): 0.000055 (threshold: 0.0075)
2026-05-03 00:48:06 | DEBUG    | LEVI: Captured 8000 samples, buffer length 48000, queue size -
2026-05-03 00:48:06 | DEBUG    | LEVI: Audio energy (last 0.8s): 0.000052 (threshold: 0.0075)
2026-05-03 00:48:06 | DEBUG    | LEVI: Audio energy (last 0.8s): 0.000052 (threshold: 0.0075)
2026-05-03 00:48:06 | DEBUG    | LEVI: Audio energy (last 0.8s): 0.000052 (threshold: 0.0075)
2026-05-03 00:48:06 | DEBUG    | LEVI: Audio energy (last 0.8s): 0.000052 (threshold: 0.0075)
2026-05-03 00:48:06 | DEBUG    | LEVI: Audio energy (last 0.8s): 0.000052 (threshold: 0.0075)
2026-05-03 00:48:06 | DEBUG    | LEVI: Audio energy (last 0.8s): 0.000052 (threshold: 0.0075)
2026-05-03 00:48:06 | DEBUG    | LEVI: Audio energy (last 0.8s): 0.000052 (threshold: 0.0075)
2026-05-03 00:48:06 | DEBUG    | LEVI: Audio energy (last 0.8s): 0.000052 (threshold: 0.0075)
2026-05-03 00:48:06 | DEBUG    | LEVI: Captured 8000 samples, buffer length 56000, queue size -
2026-05-03 00:48:06 | DEBUG    | LEVI: Audio energy (last 0.8s): 0.000044 (threshold: 0.0075)
2026-05-03 00:48:06 | DEBUG    | LEVI: Audio energy (last 0.8s): 0.000044 (threshold: 0.0075)
2026-05-03 00:48:06 | DEBUG    | LEVI: Audio energy (last 0.8s): 0.000044 (threshold: 0.0075)
2026-05-03 00:48:06 | DEBUG    | LEVI: Audio energy (last 0.8s): 0.000044 (threshold: 0.0075)
2026-05-03 00:48:06 | DEBUG    | LEVI: Audio energy (last 0.8s): 0.000044 (threshold: 0.0075)
2026-05-03 00:48:07 | DEBUG    | LEVI: Audio energy (last 0.8s): 0.000044 (threshold: 0.0075)
2026-05-03 00:48:07 | DEBUG    | LEVI: Audio energy (last 0.8s): 0.000044 (threshold: 0.0075)
2026-05-03 00:48:07 | DEBUG    | LEVI: Audio energy (last 0.8s): 0.000044 (threshold: 0.0075)
2026-05-03 00:48:07 | DEBUG    | LEVI: Captured 8000 samples, buffer length 64000, queue size -
2026-05-03 00:48:07 | DEBUG    | LEVI: Audio energy (last 0.8s): 0.000040 (threshold: 0.0075)
2026-05-03 00:48:07 | DEBUG    | LEVI: Audio energy (last 0.8s): 0.000040 (threshold: 0.0075)
2026-05-03 00:48:07 | DEBUG    | LEVI: Audio energy (last 0.8s): 0.000040 (threshold: 0.0075)
2026-05-03 00:48:07 | DEBUG    | LEVI: Audio energy (last 0.8s): 0.000040 (threshold: 0.0075)
2026-05-03 00:48:07 | DEBUG    | LEVI: Audio energy (last 0.8s): 0.000040 (threshold: 0.0075)
2026-05-03 00:48:07 | DEBUG    | LEVI: Audio energy (last 0.8s): 0.000040 (threshold: 0.0075)
2026-05-03 00:48:07 | DEBUG    | LEVI: Audio energy (last 0.8s): 0.000040 (threshold: 0.0075)
2026-05-03 00:48:07 | DEBUG    | LEVI: Audio energy (last 0.8s): 0.000040 (threshold: 0.0075)
2026-05-03 00:48:07 | DEBUG    | LEVI: Captured 8000 samples, buffer length 72000, queue size -
2026-05-03 00:48:07 | DEBUG    | LEVI: Audio energy (last 0.8s): 0.000036 (threshold: 0.0075)
2026-05-03 00:48:07 | DEBUG    | LEVI: Audio energy (last 0.8s): 0.000036 (threshold: 0.0075)
2026-05-03 00:48:07 | DEBUG    | LEVI: Audio energy (last 0.8s): 0.000036 (threshold: 0.0075)
2026-05-03 00:48:07 | DEBUG    | LEVI: Audio energy (last 0.8s): 0.000036 (threshold: 0.0075)
2026-05-03 00:48:07 | DEBUG    | LEVI: Audio energy (last 0.8s): 0.000036 (threshold: 0.0075)
2026-05-03 00:48:08 | DEBUG    | LEVI: Audio energy (last 0.8s): 0.000036 (threshold: 0.0075)
2026-05-03 00:48:08 | DEBUG    | LEVI: Audio energy (last 0.8s): 0.000036 (threshold: 0.0075)
2026-05-03 00:48:08 | DEBUG    | LEVI: Audio energy (last 0.8s): 0.000036 (threshold: 0.0075)
2026-05-03 00:48:08 | DEBUG    | LEVI: Captured 8000 samples, buffer length 80000, queue size -
2026-05-03 00:48:08 | DEBUG    | LEVI: Audio energy (last 0.8s): 0.000033 (threshold: 0.0075)
2026-05-03 00:48:08 | DEBUG    | LEVI: Audio energy (last 0.8s): 0.000033 (threshold: 0.0075)
2026-05-03 00:48:08 | DEBUG    | LEVI: Audio energy (last 0.8s): 0.000033 (threshold: 0.0075)
2026-05-03 00:48:08 | DEBUG    | LEVI: Audio energy (last 0.8s): 0.000033 (threshold: 0.0075)
2026-05-03 00:48:08 | DEBUG    | LEVI: Audio energy (last 0.8s): 0.000033 (threshold: 0.0075)
2026-05-03 00:48:08 | DEBUG    | LEVI: Audio energy (last 0.8s): 0.000033 (threshold: 0.0075)
2026-05-03 00:48:08 | DEBUG    | LEVI: Audio energy (last 0.8s): 0.000033 (threshold: 0.0075)
2026-05-03 00:48:08 | DEBUG    | LEVI: Audio energy (last 0.8s): 0.000033 (threshold: 0.0075)
2026-05-03 00:48:08 | DEBUG    | LEVI: Captured 8000 samples, buffer length 88000, queue size -
2026-05-03 00:48:08 | DEBUG    | LEVI: Audio energy (last 0.8s): 0.005918 (threshold: 0.0075)
2026-05-03 00:48:08 | DEBUG    | LEVI: Audio energy (last 0.8s): 0.005918 (threshold: 0.0075)
2026-05-03 00:48:08 | DEBUG    | LEVI: Audio energy (last 0.8s): 0.005918 (threshold: 0.0075)
2026-05-03 00:48:08 | DEBUG    | LEVI: Audio energy (last 0.8s): 0.005918 (threshold: 0.0075)
2026-05-03 00:48:08 | DEBUG    | LEVI: Audio energy (last 0.8s): 0.005918 (threshold: 0.0075)
2026-05-03 00:48:09 | DEBUG    | LEVI: Audio energy (last 0.8s): 0.005918 (threshold: 0.0075)
2026-05-03 00:48:09 | DEBUG    | LEVI: Audio energy (last 0.8s): 0.005918 (threshold: 0.0075)
2026-05-03 00:48:09 | DEBUG    | LEVI: Audio energy (last 0.8s): 0.005918 (threshold: 0.0075)
2026-05-03 00:48:09 | DEBUG    | LEVI: Captured 8000 samples, buffer length 96000, queue size -
2026-05-03 00:48:09 | DEBUG    | LEVI: Audio energy (last 0.8s): 0.010300 (threshold: 0.0075)
2026-05-03 00:48:09 | DEBUG    | LEVI: Speech started (energy: 0.0103)
2026-05-03 00:48:09 | DEBUG    | LEVI: Audio energy (last 0.8s): 0.010300 (threshold: 0.0075)
2026-05-03 00:48:09 | DEBUG    | LEVI: Audio energy (last 0.8s): 0.010300 (threshold: 0.0075)
2026-05-03 00:48:09 | DEBUG    | LEVI: Audio energy (last 0.8s): 0.010300 (threshold: 0.0075)
2026-05-03 00:48:09 | DEBUG    | LEVI: Audio energy (last 0.8s): 0.010300 (threshold: 0.0075)
2026-05-03 00:48:09 | DEBUG    | LEVI: Audio energy (last 0.8s): 0.010300 (threshold: 0.0075)
2026-05-03 00:48:09 | DEBUG    | LEVI: Audio energy (last 0.8s): 0.010300 (threshold: 0.0075)
2026-05-03 00:48:09 | DEBUG    | LEVI: Audio energy (last 0.8s): 0.010300 (threshold: 0.0075)
2026-05-03 00:48:09 | DEBUG    | LEVI: Captured 8000 samples, buffer length 104000, queue size -
2026-05-03 00:48:09 | DEBUG    | LEVI: Audio energy (last 0.8s): 0.010663 (threshold: 0.0075)
2026-05-03 00:48:09 | DEBUG    | LEVI: Audio energy (last 0.8s): 0.010663 (threshold: 0.0075)
2026-05-03 00:48:09 | DEBUG    | LEVI: Audio energy (last 0.8s): 0.010663 (threshold: 0.0075)
2026-05-03 00:48:09 | DEBUG    | LEVI: Audio energy (last 0.8s): 0.010663 (threshold: 0.0075)
2026-05-03 00:48:09 | DEBUG    | LEVI: Audio energy (last 0.8s): 0.010663 (threshold: 0.0075)
2026-05-03 00:48:10 | DEBUG    | LEVI: Audio energy (last 0.8s): 0.010663 (threshold: 0.0075)
2026-05-03 00:48:10 | DEBUG    | LEVI: Audio energy (last 0.8s): 0.010663 (threshold: 0.0075)
2026-05-03 00:48:10 | DEBUG    | LEVI: Audio energy (last 0.8s): 0.010663 (threshold: 0.0075)
2026-05-03 00:48:10 | DEBUG    | LEVI: Captured 8000 samples, buffer length 112000, queue size -
2026-05-03 00:48:10 | DEBUG    | LEVI: Audio energy (last 0.8s): 0.007578 (threshold: 0.0075)
2026-05-03 00:48:10 | DEBUG    | LEVI: Audio energy (last 0.8s): 0.007578 (threshold: 0.0075)
2026-05-03 00:48:10 | DEBUG    | LEVI: Audio energy (last 0.8s): 0.007578 (threshold: 0.0075)
2026-05-03 00:48:10 | DEBUG    | LEVI: Audio energy (last 0.8s): 0.007578 (threshold: 0.0075)
2026-05-03 00:48:10 | DEBUG    | LEVI: Audio energy (last 0.8s): 0.007578 (threshold: 0.0075)
2026-05-03 00:48:10 | DEBUG    | LEVI: Audio energy (last 0.8s): 0.007578 (threshold: 0.0075)
2026-05-03 00:48:10 | DEBUG    | LEVI: Audio energy (last 0.8s): 0.007578 (threshold: 0.0075)
2026-05-03 00:48:10 | DEBUG    | LEVI: Audio energy (last 0.8s): 0.007578 (threshold: 0.0075)
2026-05-03 00:48:10 | DEBUG    | LEVI: Captured 8000 samples, buffer length 120000, queue size -
2026-05-03 00:48:10 | DEBUG    | LEVI: Audio energy (last 0.8s): 0.000216 (threshold: 0.0075)
2026-05-03 00:48:10 | DEBUG    | LEVI: Silence detected (0.50s), transcribing...
2026-05-03 00:48:10 | DEBUG    | LEVI: Transcribing 36800 samples (start=83200, buf_len=120000)
2026-05-03 00:48:10 | INFO     | LEVI: Transcribing audio...
2026-05-03 00:48:11 | INFO     | LEVI: 🎤 Recognized:  Hello, how are you doing?
2026-05-03 00:48:11 | DEBUG    | LEVI: Input received:  Hello, how are you doing?
2026-05-03 00:48:11 | INFO     | LEVI: 📝 Processing:  Hello, how are you doing?
2026-05-03 00:48:11 | INFO     | LEVI: 💬 Response: You said:  Hello, how are you doing?. Processed at 00:48:11.
2026-05-03 00:48:11 | INFO     | LEVI: 🔊 Speaking: You said:  Hello, how are you doing?. Processed at 00:48:11....
2026-05-03 00:48:11 | DEBUG    | LEVI: Captured 8000 samples, buffer length 8000, queue size -
2026-05-03 00:48:11 | DEBUG    | LEVI: Audio energy (last 0.8s): 0.000051 (threshold: 0.0075)
2026-05-03 00:48:11 | DEBUG    | LEVI: Audio energy (last 0.8s): 0.000051 (threshold: 0.0075)
2026-05-03 00:48:11 | DEBUG    | LEVI: Audio energy (last 0.8s): 0.000051 (threshold: 0.0075)
2026-05-03 00:48:11 | DEBUG    | LEVI: Audio energy (last 0.8s): 0.000051 (threshold: 0.0075)
2026-05-03 00:48:11 | DEBUG    | LEVI: Audio energy (last 0.8s): 0.000051 (threshold: 0.0075)
2026-05-03 00:48:11 | DEBUG    | LEVI: Audio energy (last 0.8s): 0.000051 (threshold: 0.0075)
2026-05-03 00:48:11 | DEBUG    | LEVI: Audio energy (last 0.8s): 0.000051 (threshold: 0.0075)
2026-05-03 00:48:11 | DEBUG    | LEVI: Captured 8000 samples, buffer length 16000, queue size -
2026-05-03 00:48:11 | DEBUG    | LEVI: Audio energy (last 0.8s): 0.000057 (threshold: 0.0075)
2026-05-03 00:48:11 | DEBUG    | LEVI: Audio energy (last 0.8s): 0.000057 (threshold: 0.0075)
2026-05-03 00:48:11 | DEBUG    | LEVI: Audio energy (last 0.8s): 0.000057 (threshold: 0.0075)
2026-05-03 00:48:11 | DEBUG    | LEVI: Audio energy (last 0.8s): 0.000057 (threshold: 0.0075)
2026-05-03 00:48:12 | DEBUG    | LEVI: Audio energy (last 0.8s): 0.000057 (threshold: 0.0075)
2026-05-03 00:48:12 | DEBUG    | LEVI: Audio energy (last 0.8s): 0.000057 (threshold: 0.0075)
2026-05-03 00:48:12 | DEBUG    | LEVI: Audio energy (last 0.8s): 0.000057 (threshold: 0.0075)
2026-05-03 00:48:12 | DEBUG    | LEVI: Audio energy (last 0.8s): 0.000057 (threshold: 0.0075)
2026-05-03 00:48:12 | DEBUG    | LEVI: Captured 8000 samples, buffer length 24000, queue size -
2026-05-03 00:48:12 | DEBUG    | LEVI: Audio energy (last 0.8s): 0.000069 (threshold: 0.0075)
2026-05-03 00:48:12 | DEBUG    | LEVI: Audio energy (last 0.8s): 0.000069 (threshold: 0.0075)
2026-05-03 00:48:12 | DEBUG    | LEVI: Audio energy (last 0.8s): 0.000069 (threshold: 0.0075)
2026-05-03 00:48:12 | DEBUG    | LEVI: Audio energy (last 0.8s): 0.000069 (threshold: 0.0075)
2026-05-03 00:48:12 | DEBUG    | LEVI: Audio energy (last 0.8s): 0.000069 (threshold: 0.0075)
2026-05-03 00:48:12 | DEBUG    | LEVI: Audio energy (last 0.8s): 0.000069 (threshold: 0.0075)
2026-05-03 00:48:12 | DEBUG    | LEVI: Audio energy (last 0.8s): 0.000069 (threshold: 0.0075)
2026-05-03 00:48:12 | DEBUG    | LEVI: Audio energy (last 0.8s): 0.000069 (threshold: 0.0075)
2026-05-03 00:48:12 | DEBUG    | LEVI: Captured 8000 samples, buffer length 32000, queue size -
2026-05-03 00:48:12 | DEBUG    | LEVI: Audio energy (last 0.8s): 0.000052 (threshold: 0.0075)
2026-05-03 00:48:12 | DEBUG    | LEVI: Audio energy (last 0.8s): 0.000052 (threshold: 0.0075)
2026-05-03 00:48:12 | DEBUG    | LEVI: Audio energy (last 0.8s): 0.000052 (threshold: 0.0075)
2026-05-03 00:48:12 | DEBUG    | LEVI: Audio energy (last 0.8s): 0.000052 (threshold: 0.0075)
2026-05-03 00:48:13 | DEBUG    | LEVI: Audio energy (last 0.8s): 0.000052 (threshold: 0.0075)
2026-05-03 00:48:13 | DEBUG    | LEVI: Audio energy (last 0.8s): 0.000052 (threshold: 0.0075)
2026-05-03 00:48:13 | DEBUG    | LEVI: Audio energy (last 0.8s): 0.000052 (threshold: 0.0075)
2026-05-03 00:48:13 | DEBUG    | LEVI: Audio energy (last 0.8s): 0.000052 (threshold: 0.0075)
2026-05-03 00:48:13 | DEBUG    | LEVI: Captured 8000 samples, buffer length 40000, queue size -
2026-05-03 00:48:13 | DEBUG    | LEVI: Audio energy (last 0.8s): 0.000047 (threshold: 0.0075)
2026-05-03 00:48:13 | DEBUG    | LEVI: Audio energy (last 0.8s): 0.000047 (threshold: 0.0075)
2026-05-03 00:48:13 | DEBUG    | LEVI: Audio energy (last 0.8s): 0.000047 (threshold: 0.0075)
2026-05-03 00:48:13 | DEBUG    | LEVI: Audio energy (last 0.8s): 0.000047 (threshold: 0.0075)
2026-05-03 00:48:13 | DEBUG    | LEVI: Audio energy (last 0.8s): 0.000047 (threshold: 0.0075)
2026-05-03 00:48:13 | DEBUG    | LEVI: Audio energy (last 0.8s): 0.000047 (threshold: 0.0075)
2026-05-03 00:48:13 | DEBUG    | LEVI: Audio energy (last 0.8s): 0.000047 (threshold: 0.0075)
2026-05-03 00:48:13 | DEBUG    | LEVI: Audio energy (last 0.8s): 0.000047 (threshold: 0.0075)
2026-05-03 00:48:13 | DEBUG    | LEVI: Captured 8000 samples, buffer length 48000, queue size -
2026-05-03 00:48:13 | DEBUG    | LEVI: Audio energy (last 0.8s): 0.000047 (threshold: 0.0075)
2026-05-03 00:48:13 | DEBUG    | LEVI: Audio energy (last 0.8s): 0.000047 (threshold: 0.0075)
2026-05-03 00:48:13 | DEBUG    | LEVI: Audio energy (last 0.8s): 0.000047 (threshold: 0.0075)
2026-05-03 00:48:13 | DEBUG    | LEVI: Audio energy (last 0.8s): 0.000047 (threshold: 0.0075)
2026-05-03 00:48:14 | DEBUG    | LEVI: Audio energy (last 0.8s): 0.000047 (threshold: 0.0075)
2026-05-03 00:48:14 | DEBUG    | LEVI: Audio energy (last 0.8s): 0.000047 (threshold: 0.0075)
2026-05-03 00:48:14 | DEBUG    | LEVI: Audio energy (last 0.8s): 0.000047 (threshold: 0.0075)
2026-05-03 00:48:14 | DEBUG    | LEVI: Audio energy (last 0.8s): 0.000047 (threshold: 0.0075)
2026-05-03 00:48:14 | DEBUG    | LEVI: Captured 8000 samples, buffer length 56000, queue size -
2026-05-03 00:48:14 | DEBUG    | LEVI: Audio energy (last 0.8s): 0.000053 (threshold: 0.0075)
2026-05-03 00:48:14 | DEBUG    | LEVI: Audio energy (last 0.8s): 0.000053 (threshold: 0.0075)
2026-05-03 00:48:14 | DEBUG    | LEVI: Audio energy (last 0.8s): 0.000053 (threshold: 0.0075)
2026-05-03 00:48:14 | DEBUG    | LEVI: Audio energy (last 0.8s): 0.000053 (threshold: 0.0075)
2026-05-03 00:48:14 | DEBUG    | LEVI: Audio energy (last 0.8s): 0.000053 (threshold: 0.0075)
2026-05-03 00:48:14 | DEBUG    | LEVI: Audio energy (last 0.8s): 0.000053 (threshold: 0.0075)
2026-05-03 00:48:14 | DEBUG    | LEVI: Audio energy (last 0.8s): 0.000053 (threshold: 0.0075)
2026-05-03 00:48:14 | DEBUG    | LEVI: Audio energy (last 0.8s): 0.000053 (threshold: 0.0075)
2026-05-03 00:48:14 | DEBUG    | LEVI: Captured 8000 samples, buffer length 64000, queue size -
2026-05-03 00:48:14 | DEBUG    | LEVI: Audio energy (last 0.8s): 0.000048 (threshold: 0.0075)
2026-05-03 00:48:14 | DEBUG    | LEVI: Audio energy (last 0.8s): 0.000048 (threshold: 0.0075)
2026-05-03 00:48:14 | DEBUG    | LEVI: Audio energy (last 0.8s): 0.000048 (threshold: 0.0075)
2026-05-03 00:48:14 | DEBUG    | LEVI: Audio energy (last 0.8s): 0.000048 (threshold: 0.0075)
2026-05-03 00:48:15 | DEBUG    | LEVI: Audio energy (last 0.8s): 0.000048 (threshold: 0.0075)
2026-05-03 00:48:15 | DEBUG    | LEVI: Audio energy (last 0.8s): 0.000048 (threshold: 0.0075)
2026-05-03 00:48:15 | DEBUG    | LEVI: Audio energy (last 0.8s): 0.000048 (threshold: 0.0075)
2026-05-03 00:48:15 | DEBUG    | LEVI: Audio energy (last 0.8s): 0.000048 (threshold: 0.0075)
2026-05-03 00:48:15 | DEBUG    | LEVI: Captured 8000 samples, buffer length 72000, queue size -
2026-05-03 00:48:15 | DEBUG    | LEVI: Audio energy (last 0.8s): 0.000036 (threshold: 0.0075)
2026-05-03 00:48:15 | DEBUG    | LEVI: Audio energy (last 0.8s): 0.000036 (threshold: 0.0075)
2026-05-03 00:48:15 | DEBUG    | LEVI: Audio energy (last 0.8s): 0.000036 (threshold: 0.0075)
2026-05-03 00:48:15 | DEBUG    | LEVI: Audio energy (last 0.8s): 0.000036 (threshold: 0.0075)
2026-05-03 00:48:15 | DEBUG    | LEVI: Audio energy (last 0.8s): 0.000036 (threshold: 0.0075)
2026-05-03 00:48:15 | DEBUG    | LEVI: Audio energy (last 0.8s): 0.000036 (threshold: 0.0075)
2026-05-03 00:48:15 | DEBUG    | LEVI: Audio energy (last 0.8s): 0.000036 (threshold: 0.0075)
2026-05-03 00:48:15 | DEBUG    | LEVI: Audio energy (last 0.8s): 0.000036 (threshold: 0.0075)
2026-05-03 00:48:15 | DEBUG    | LEVI: Captured 8000 samples, buffer length 80000, queue size -
2026-05-03 00:48:15 | DEBUG    | LEVI: Audio energy (last 0.8s): 0.000034 (threshold: 0.0075)
2026-05-03 00:48:15 | DEBUG    | LEVI: Audio energy (last 0.8s): 0.000034 (threshold: 0.0075)
2026-05-03 00:48:15 | DEBUG    | LEVI: Audio energy (last 0.8s): 0.000034 (threshold: 0.0075)
2026-05-03 00:48:15 | DEBUG    | LEVI: Audio energy (last 0.8s): 0.000034 (threshold: 0.0075)
2026-05-03 00:48:16 | DEBUG    | LEVI: Audio energy (last 0.8s): 0.000034 (threshold: 0.0075)
2026-05-03 00:48:16 | DEBUG    | LEVI: Audio energy (last 0.8s): 0.000034 (threshold: 0.0075)
2026-05-03 00:48:16 | DEBUG    | LEVI: Audio energy (last 0.8s): 0.000034 (threshold: 0.0075)
2026-05-03 00:48:16 | DEBUG    | LEVI: Audio energy (last 0.8s): 0.000034 (threshold: 0.0075)
2026-05-03 00:48:16 | DEBUG    | LEVI: Captured 8000 samples, buffer length 88000, queue size -
2026-05-03 00:48:16 | DEBUG    | LEVI: Audio energy (last 0.8s): 0.000034 (threshold: 0.0075)
2026-05-03 00:48:16 | DEBUG    | LEVI: Audio energy (last 0.8s): 0.000034 (threshold: 0.0075)
2026-05-03 00:48:16 | DEBUG    | LEVI: Audio energy (last 0.8s): 0.000034 (threshold: 0.0075)
2026-05-03 00:48:16 | DEBUG    | LEVI: Audio energy (last 0.8s): 0.000034 (threshold: 0.0075)
2026-05-03 00:48:16 | DEBUG    | LEVI: Audio energy (last 0.8s): 0.000034 (threshold: 0.0075)
2026-05-03 00:48:16 | DEBUG    | LEVI: Audio energy (last 0.8s): 0.000034 (threshold: 0.0075)
2026-05-03 00:48:16 | DEBUG    | LEVI: Audio energy (last 0.8s): 0.000034 (threshold: 0.0075)
2026-05-03 00:48:16 | DEBUG    | LEVI: Audio energy (last 0.8s): 0.000034 (threshold: 0.0075)
2026-05-03 00:48:16 | DEBUG    | LEVI: Captured 8000 samples, buffer length 96000, queue size -
2026-05-03 00:48:16 | DEBUG    | LEVI: Audio energy (last 0.8s): 0.000030 (threshold: 0.0075)
2026-05-03 00:48:16 | DEBUG    | LEVI: Audio energy (last 0.8s): 0.000030 (threshold: 0.0075)
2026-05-03 00:48:16 | DEBUG    | LEVI: Audio energy (last 0.8s): 0.000030 (threshold: 0.0075)
2026-05-03 00:48:16 | DEBUG    | LEVI: Audio energy (last 0.8s): 0.000030 (threshold: 0.0075)
2026-05-03 00:48:17 | DEBUG    | LEVI: Audio energy (last 0.8s): 0.000030 (threshold: 0.0075)
2026-05-03 00:48:17 | DEBUG    | LEVI: Audio energy (last 0.8s): 0.000030 (threshold: 0.0075)
2026-05-03 00:48:17 | DEBUG    | LEVI: Audio energy (last 0.8s): 0.000030 (threshold: 0.0075)
2026-05-03 00:48:17 | DEBUG    | LEVI: Audio energy (last 0.8s): 0.000030 (threshold: 0.0075)
2026-05-03 00:48:17 | DEBUG    | LEVI: Captured 8000 samples, buffer length 104000, queue size -
2026-05-03 00:48:17 | DEBUG    | LEVI: Audio energy (last 0.8s): 0.000028 (threshold: 0.0075)
2026-05-03 00:48:17 | DEBUG    | LEVI: Audio energy (last 0.8s): 0.000028 (threshold: 0.0075)
2026-05-03 00:48:17 | DEBUG    | LEVI: Audio energy (last 0.8s): 0.000028 (threshold: 0.0075)
2026-05-03 00:48:17 | DEBUG    | LEVI: Audio energy (last 0.8s): 0.000028 (threshold: 0.0075)
2026-05-03 00:48:17 | DEBUG    | LEVI: Audio energy (last 0.8s): 0.000028 (threshold: 0.0075)
2026-05-03 00:48:17 | DEBUG    | LEVI: Audio energy (last 0.8s): 0.000028 (threshold: 0.0075)
2026-05-03 00:48:17 | DEBUG    | LEVI: Audio energy (last 0.8s): 0.000028 (threshold: 0.0075)
2026-05-03 00:48:17 | DEBUG    | LEVI: Audio energy (last 0.8s): 0.000028 (threshold: 0.0075)
2026-05-03 00:48:17 | DEBUG    | LEVI: Captured 8000 samples, buffer length 112000, queue size -
2026-05-03 00:48:17 | DEBUG    | LEVI: Audio energy (last 0.8s): 0.000028 (threshold: 0.0075)
2026-05-03 00:48:17 | DEBUG    | LEVI: Audio energy (last 0.8s): 0.000028 (threshold: 0.0075)
2026-05-03 00:48:17 | DEBUG    | LEVI: Audio energy (last 0.8s): 0.000028 (threshold: 0.0075)
2026-05-03 00:48:17 | DEBUG    | LEVI: Audio energy (last 0.8s): 0.000028 (threshold: 0.0075)
2026-05-03 00:48:18 | DEBUG    | LEVI: Audio energy (last 0.8s): 0.000028 (threshold: 0.0075)
2026-05-03 00:48:18 | DEBUG    | LEVI: Audio energy (last 0.8s): 0.000028 (threshold: 0.0075)
2026-05-03 00:48:18 | DEBUG    | LEVI: Audio energy (last 0.8s): 0.000028 (threshold: 0.0075)
2026-05-03 00:48:18 | DEBUG    | LEVI: Audio energy (last 0.8s): 0.000028 (threshold: 0.0075)
2026-05-03 00:48:18 | DEBUG    | LEVI: Captured 8000 samples, buffer length 120000, queue size -
2026-05-03 00:48:18 | DEBUG    | LEVI: Audio energy (last 0.8s): 0.000030 (threshold: 0.0075)
2026-05-03 00:48:18 | DEBUG    | LEVI: Audio energy (last 0.8s): 0.000030 (threshold: 0.0075)
2026-05-03 00:48:18 | DEBUG    | LEVI: Audio energy (last 0.8s): 0.000030 (threshold: 0.0075)
2026-05-03 00:48:18 | DEBUG    | LEVI: Audio energy (last 0.8s): 0.000030 (threshold: 0.0075)
2026-05-03 00:48:18 | DEBUG    | LEVI: Audio energy (last 0.8s): 0.000030 (threshold: 0.0075)
2026-05-03 00:48:18 | DEBUG    | LEVI: Audio energy (last 0.8s): 0.000030 (threshold: 0.0075)
2026-05-03 00:48:18 | DEBUG    | LEVI: Audio energy (last 0.8s): 0.000030 (threshold: 0.0075)
2026-05-03 00:48:18 | DEBUG    | LEVI: Audio energy (last 0.8s): 0.000030 (threshold: 0.0075)
2026-05-03 00:48:18 | DEBUG    | LEVI: Captured 8000 samples, buffer length 128000, queue size -
2026-05-03 00:48:18 | DEBUG    | LEVI: Audio energy (last 0.8s): 0.000029 (threshold: 0.0075)
2026-05-03 00:48:18 | DEBUG    | LEVI: Audio energy (last 0.8s): 0.000029 (threshold: 0.0075)
2026-05-03 00:48:18 | DEBUG    | LEVI: Audio energy (last 0.8s): 0.000029 (threshold: 0.0075)
2026-05-03 00:48:18 | DEBUG    | LEVI: Audio energy (last 0.8s): 0.000029 (threshold: 0.0075)
2026-05-03 00:48:19 | DEBUG    | LEVI: Audio energy (last 0.8s): 0.000029 (threshold: 0.0075)
2026-05-03 00:48:19 | DEBUG    | LEVI: Audio energy (last 0.8s): 0.000029 (threshold: 0.0075)
2026-05-03 00:48:19 | DEBUG    | LEVI: Audio energy (last 0.8s): 0.000029 (threshold: 0.0075)
2026-05-03 00:48:19 | DEBUG    | LEVI: Audio energy (last 0.8s): 0.000029 (threshold: 0.0075)
2026-05-03 00:48:19 | DEBUG    | LEVI: Captured 8000 samples, buffer length 136000, queue size -
2026-05-03 00:48:19 | DEBUG    | LEVI: Audio energy (last 0.8s): 0.000029 (threshold: 0.0075)
2026-05-03 00:48:19 | DEBUG    | LEVI: Audio energy (last 0.8s): 0.000029 (threshold: 0.0075)
2026-05-03 00:48:19 | DEBUG    | LEVI: Audio energy (last 0.8s): 0.000029 (threshold: 0.0075)
2026-05-03 00:48:19 | DEBUG    | LEVI: Audio energy (last 0.8s): 0.000029 (threshold: 0.0075)
2026-05-03 00:48:19 | DEBUG    | LEVI: Audio energy (last 0.8s): 0.000029 (threshold: 0.0075)
2026-05-03 00:48:19 | DEBUG    | LEVI: Audio energy (last 0.8s): 0.000029 (threshold: 0.0075)
2026-05-03 00:48:19 | DEBUG    | LEVI: Audio energy (last 0.8s): 0.000029 (threshold: 0.0075)
2026-05-03 00:48:19 | DEBUG    | LEVI: Audio energy (last 0.8s): 0.000029 (threshold: 0.0075)
2026-05-03 00:48:19 | DEBUG    | LEVI: Captured 8000 samples, buffer length 144000, queue size -
2026-05-03 00:48:19 | DEBUG    | LEVI: Audio energy (last 0.8s): 0.000028 (threshold: 0.0075)
2026-05-03 00:48:19 | DEBUG    | LEVI: Audio energy (last 0.8s): 0.000028 (threshold: 0.0075)
2026-05-03 00:48:19 | DEBUG    | LEVI: Audio energy (last 0.8s): 0.000028 (threshold: 0.0075)
2026-05-03 00:48:19 | DEBUG    | LEVI: Audio energy (last 0.8s): 0.000028 (threshold: 0.0075)
2026-05-03 00:48:20 | DEBUG    | LEVI: Audio energy (last 0.8s): 0.000028 (threshold: 0.0075)
2026-05-03 00:48:20 | DEBUG    | LEVI: Audio energy (last 0.8s): 0.000028 (threshold: 0.0075)
2026-05-03 00:48:20 | DEBUG    | LEVI: Audio energy (last 0.8s): 0.000028 (threshold: 0.0075)
2026-05-03 00:48:20 | DEBUG    | LEVI: Audio energy (last 0.8s): 0.000028 (threshold: 0.0075)
2026-05-03 00:48:20 | DEBUG    | LEVI: Captured 8000 samples, buffer length 152000, queue size -
2026-05-03 00:48:20 | DEBUG    | LEVI: Audio energy (last 0.8s): 0.000052 (threshold: 0.0075)
2026-05-03 00:48:20 | DEBUG    | LEVI: Audio energy (last 0.8s): 0.000052 (threshold: 0.0075)
2026-05-03 00:48:20 | DEBUG    | LEVI: Audio energy (last 0.8s): 0.000052 (threshold: 0.0075)
2026-05-03 00:48:20 | DEBUG    | LEVI: Audio energy (last 0.8s): 0.000052 (threshold: 0.0075)
2026-05-03 00:48:20 | DEBUG    | LEVI: Audio energy (last 0.8s): 0.000052 (threshold: 0.0075)
2026-05-03 00:48:20 | DEBUG    | LEVI: Audio energy (last 0.8s): 0.000052 (threshold: 0.0075)
2026-05-03 00:48:20 | DEBUG    | LEVI: Audio energy (last 0.8s): 0.000052 (threshold: 0.0075)
2026-05-03 00:48:20 | DEBUG    | LEVI: Audio energy (last 0.8s): 0.000052 (threshold: 0.0075)
2026-05-03 00:48:20 | DEBUG    | LEVI: Captured 8000 samples, buffer length 160000, queue size -
2026-05-03 00:48:20 | DEBUG    | LEVI: Audio energy (last 0.8s): 0.004150 (threshold: 0.0075)
2026-05-03 00:48:20 | DEBUG    | LEVI: Audio energy (last 0.8s): 0.004150 (threshold: 0.0075)
2026-05-03 00:48:20 | DEBUG    | LEVI: Audio energy (last 0.8s): 0.004150 (threshold: 0.0075)
2026-05-03 00:48:20 | DEBUG    | LEVI: Audio energy (last 0.8s): 0.004150 (threshold: 0.0075)
2026-05-03 00:48:21 | DEBUG    | LEVI: Audio energy (last 0.8s): 0.004150 (threshold: 0.0075)
2026-05-03 00:48:21 | DEBUG    | LEVI: Audio energy (last 0.8s): 0.004150 (threshold: 0.0075)
2026-05-03 00:48:21 | DEBUG    | LEVI: Audio energy (last 0.8s): 0.004150 (threshold: 0.0075)
2026-05-03 00:48:21 | DEBUG    | LEVI: Audio energy (last 0.8s): 0.004150 (threshold: 0.0075)
2026-05-03 00:48:21 | DEBUG    | LEVI: Captured 8000 samples, buffer length 168000, queue size -
2026-05-03 00:48:21 | DEBUG    | LEVI: Audio energy (last 0.8s): 0.007076 (threshold: 0.0075)
2026-05-03 00:48:21 | DEBUG    | LEVI: Audio energy (last 0.8s): 0.007076 (threshold: 0.0075)
2026-05-03 00:48:21 | DEBUG    | LEVI: Audio energy (last 0.8s): 0.007076 (threshold: 0.0075)
2026-05-03 00:48:21 | DEBUG    | LEVI: Audio energy (last 0.8s): 0.007076 (threshold: 0.0075)
2026-05-03 00:48:21 | DEBUG    | LEVI: Audio energy (last 0.8s): 0.007076 (threshold: 0.0075)
2026-05-03 00:48:21 | DEBUG    | LEVI: Audio energy (last 0.8s): 0.007076 (threshold: 0.0075)
2026-05-03 00:48:21 | DEBUG    | LEVI: Audio energy (last 0.8s): 0.007076 (threshold: 0.0075)
2026-05-03 00:48:21 | DEBUG    | LEVI: Audio energy (last 0.8s): 0.007076 (threshold: 0.0075)
2026-05-03 00:48:21 | DEBUG    | LEVI: Captured 8000 samples, buffer length 176000, queue size -
2026-05-03 00:48:21 | DEBUG    | LEVI: Audio energy (last 0.8s): 0.009187 (threshold: 0.0075)
2026-05-03 00:48:21 | DEBUG    | LEVI: Speech started (energy: 0.0092)
2026-05-03 00:48:21 | DEBUG    | LEVI: Audio energy (last 0.8s): 0.009187 (threshold: 0.0075)
2026-05-03 00:48:21 | DEBUG    | LEVI: Audio energy (last 0.8s): 0.009187 (threshold: 0.0075)
2026-05-03 00:48:21 | DEBUG    | LEVI: Audio energy (last 0.8s): 0.009187 (threshold: 0.0075)
2026-05-03 00:48:22 | DEBUG    | LEVI: Audio energy (last 0.8s): 0.009187 (threshold: 0.0075)
2026-05-03 00:48:22 | DEBUG    | LEVI: Audio energy (last 0.8s): 0.009187 (threshold: 0.0075)
2026-05-03 00:48:22 | DEBUG    | LEVI: Audio energy (last 0.8s): 0.009187 (threshold: 0.0075)
2026-05-03 00:48:22 | DEBUG    | LEVI: Audio energy (last 0.8s): 0.009187 (threshold: 0.0075)
2026-05-03 00:48:22 | DEBUG    | LEVI: Captured 8000 samples, buffer length 184000, queue size -
2026-05-03 00:48:22 | DEBUG    | LEVI: Audio energy (last 0.8s): 0.002455 (threshold: 0.0075)
2026-05-03 00:48:22 | DEBUG    | LEVI: Silence detected (0.50s), transcribing...
2026-05-03 00:48:22 | DEBUG    | LEVI: Transcribing 20800 samples (start=163200, buf_len=184000)
2026-05-03 00:48:22 | INFO     | LEVI: Transcribing audio...
2026-05-03 00:48:22 | INFO     | LEVI: 🎤 Recognized:  is dead.
2026-05-03 00:48:22 | DEBUG    | LEVI: Input received:  is dead.
2026-05-03 00:48:22 | INFO     | LEVI: 📝 Processing:  is dead.
2026-05-03 00:48:22 | INFO     | LEVI: 💬 Response: You said:  is dead.. Processed at 00:48:22.
2026-05-03 00:48:22 | INFO     | LEVI: 🔊 Speaking: You said:  is dead.. Processed at 00:48:22....
2026-05-03 00:48:22 | DEBUG    | LEVI: Captured 8000 samples, buffer length 8000, queue size -
2026-05-03 00:48:22 | DEBUG    | LEVI: Audio energy (last 0.8s): 0.000044 (threshold: 0.0075)
2026-05-03 00:48:22 | DEBUG    | LEVI: Audio energy (last 0.8s): 0.000044 (threshold: 0.0075)
2026-05-03 00:48:22 | DEBUG    | LEVI: Audio energy (last 0.8s): 0.000044 (threshold: 0.0075)
2026-05-03 00:48:23 | DEBUG    | LEVI: Audio energy (last 0.8s): 0.000044 (threshold: 0.0075)
2026-05-03 00:48:23 | DEBUG    | LEVI: Audio energy (last 0.8s): 0.000044 (threshold: 0.0075)
2026-05-03 00:48:23 | DEBUG    | LEVI: Audio energy (last 0.8s): 0.000044 (threshold: 0.0075)
2026-05-03 00:48:23 | DEBUG    | LEVI: Audio energy (last 0.8s): 0.000044 (threshold: 0.0075)
2026-05-03 00:48:23 | DEBUG    | LEVI: Captured 8000 samples, buffer length 16000, queue size -
2026-05-03 00:48:23 | DEBUG    | LEVI: Audio energy (last 0.8s): 0.000046 (threshold: 0.0075)
2026-05-03 00:48:23 | DEBUG    | LEVI: Audio energy (last 0.8s): 0.000046 (threshold: 0.0075)
2026-05-03 00:48:23 | DEBUG    | LEVI: Audio energy (last 0.8s): 0.000046 (threshold: 0.0075)
2026-05-03 00:48:23 | DEBUG    | LEVI: Audio energy (last 0.8s): 0.000046 (threshold: 0.0075)
2026-05-03 00:48:23 | DEBUG    | LEVI: Audio energy (last 0.8s): 0.000046 (threshold: 0.0075)
2026-05-03 00:48:23 | DEBUG    | LEVI: Audio energy (last 0.8s): 0.000046 (threshold: 0.0075)
2026-05-03 00:48:23 | DEBUG    | LEVI: Audio energy (last 0.8s): 0.000046 (threshold: 0.0075)
2026-05-03 00:48:23 | DEBUG    | LEVI: Audio energy (last 0.8s): 0.000046 (threshold: 0.0075)
2026-05-03 00:48:23 | DEBUG    | LEVI: Captured 8000 samples, buffer length 24000, queue size -
2026-05-03 00:48:23 | DEBUG    | LEVI: Audio energy (last 0.8s): 0.000047 (threshold: 0.0075)
2026-05-03 00:48:23 | DEBUG    | LEVI: Audio energy (last 0.8s): 0.000047 (threshold: 0.0075)
2026-05-03 00:48:23 | DEBUG    | LEVI: Audio energy (last 0.8s): 0.000047 (threshold: 0.0075)
2026-05-03 00:48:23 | DEBUG    | LEVI: Audio energy (last 0.8s): 0.000047 (threshold: 0.0075)
2026-05-03 00:48:24 | DEBUG    | LEVI: Audio energy (last 0.8s): 0.000047 (threshold: 0.0075)
2026-05-03 00:48:24 | DEBUG    | LEVI: Audio energy (last 0.8s): 0.000047 (threshold: 0.0075)
2026-05-03 00:48:24 | DEBUG    | LEVI: Audio energy (last 0.8s): 0.000047 (threshold: 0.0075)
2026-05-03 00:48:24 | DEBUG    | LEVI: Audio energy (last 0.8s): 0.000047 (threshold: 0.0075)
2026-05-03 00:48:24 | DEBUG    | LEVI: Captured 8000 samples, buffer length 32000, queue size -
2026-05-03 00:48:24 | DEBUG    | LEVI: Audio energy (last 0.8s): 0.000042 (threshold: 0.0075)
2026-05-03 00:48:24 | DEBUG    | LEVI: Audio energy (last 0.8s): 0.000042 (threshold: 0.0075)
2026-05-03 00:48:24 | DEBUG    | LEVI: Audio energy (last 0.8s): 0.000042 (threshold: 0.0075)
2026-05-03 00:48:24 | DEBUG    | LEVI: Audio energy (last 0.8s): 0.000042 (threshold: 0.0075)
2026-05-03 00:48:24 | DEBUG    | LEVI: Audio energy (last 0.8s): 0.000042 (threshold: 0.0075)
2026-05-03 00:48:24 | DEBUG    | LEVI: Audio energy (last 0.8s): 0.000042 (threshold: 0.0075)
2026-05-03 00:48:24 | DEBUG    | LEVI: Audio energy (last 0.8s): 0.000042 (threshold: 0.0075)
2026-05-03 00:48:24 | DEBUG    | LEVI: Audio energy (last 0.8s): 0.000042 (threshold: 0.0075)
2026-05-03 00:48:24 | DEBUG    | LEVI: Captured 8000 samples, buffer length 40000, queue size -
2026-05-03 00:48:24 | DEBUG    | LEVI: Audio energy (last 0.8s): 0.000034 (threshold: 0.0075)
2026-05-03 00:48:24 | DEBUG    | LEVI: Audio energy (last 0.8s): 0.000034 (threshold: 0.0075)
2026-05-03 00:48:24 | DEBUG    | LEVI: Audio energy (last 0.8s): 0.000034 (threshold: 0.0075)
2026-05-03 00:48:24 | DEBUG    | LEVI: Audio energy (last 0.8s): 0.000034 (threshold: 0.0075)
2026-05-03 00:48:25 | DEBUG    | LEVI: Audio energy (last 0.8s): 0.000034 (threshold: 0.0075)
2026-05-03 00:48:25 | DEBUG    | LEVI: Audio energy (last 0.8s): 0.000034 (threshold: 0.0075)
2026-05-03 00:48:25 | DEBUG    | LEVI: Audio energy (last 0.8s): 0.000034 (threshold: 0.0075)
2026-05-03 00:48:25 | DEBUG    | LEVI: Audio energy (last 0.8s): 0.000034 (threshold: 0.0075)
2026-05-03 00:48:25 | DEBUG    | LEVI: Captured 8000 samples, buffer length 48000, queue size -
2026-05-03 00:48:25 | DEBUG    | LEVI: Audio energy (last 0.8s): 0.000033 (threshold: 0.0075)
2026-05-03 00:48:25 | DEBUG    | LEVI: Audio energy (last 0.8s): 0.000033 (threshold: 0.0075)
2026-05-03 00:48:25 | DEBUG    | LEVI: Audio energy (last 0.8s): 0.000033 (threshold: 0.0075)
2026-05-03 00:48:25 | DEBUG    | LEVI: Audio energy (last 0.8s): 0.000033 (threshold: 0.0075)
2026-05-03 00:48:25 | DEBUG    | LEVI: Audio energy (last 0.8s): 0.000033 (threshold: 0.0075)
2026-05-03 00:48:25 | DEBUG    | LEVI: Audio energy (last 0.8s): 0.000033 (threshold: 0.0075)
2026-05-03 00:48:25 | DEBUG    | LEVI: Audio energy (last 0.8s): 0.000033 (threshold: 0.0075)
2026-05-03 00:48:25 | DEBUG    | LEVI: Audio energy (last 0.8s): 0.000033 (threshold: 0.0075)
2026-05-03 00:48:25 | DEBUG    | LEVI: Captured 8000 samples, buffer length 56000, queue size -
2026-05-03 00:48:25 | DEBUG    | LEVI: Audio energy (last 0.8s): 0.000030 (threshold: 0.0075)
2026-05-03 00:48:25 | DEBUG    | LEVI: Audio energy (last 0.8s): 0.000030 (threshold: 0.0075)
2026-05-03 00:48:25 | DEBUG    | LEVI: Audio energy (last 0.8s): 0.000030 (threshold: 0.0075)
2026-05-03 00:48:25 | DEBUG    | LEVI: Audio energy (last 0.8s): 0.000030 (threshold: 0.0075)
2026-05-03 00:48:26 | DEBUG    | LEVI: Audio energy (last 0.8s): 0.000030 (threshold: 0.0075)
2026-05-03 00:48:26 | DEBUG    | LEVI: Audio energy (last 0.8s): 0.000030 (threshold: 0.0075)
2026-05-03 00:48:26 | DEBUG    | LEVI: Audio energy (last 0.8s): 0.000030 (threshold: 0.0075)
2026-05-03 00:48:26 | DEBUG    | LEVI: Audio energy (last 0.8s): 0.000030 (threshold: 0.0075)
2026-05-03 00:48:26 | DEBUG    | LEVI: Captured 8000 samples, buffer length 64000, queue size -
2026-05-03 00:48:26 | DEBUG    | LEVI: Audio energy (last 0.8s): 0.000035 (threshold: 0.0075)
2026-05-03 00:48:26 | DEBUG    | LEVI: Audio energy (last 0.8s): 0.000035 (threshold: 0.0075)
2026-05-03 00:48:26 | DEBUG    | LEVI: Audio energy (last 0.8s): 0.000035 (threshold: 0.0075)
2026-05-03 00:48:26 | DEBUG    | LEVI: Audio energy (last 0.8s): 0.000035 (threshold: 0.0075)
2026-05-03 00:48:26 | DEBUG    | LEVI: Audio energy (last 0.8s): 0.000035 (threshold: 0.0075)
2026-05-03 00:48:26 | DEBUG    | LEVI: Audio energy (last 0.8s): 0.000035 (threshold: 0.0075)
2026-05-03 00:48:26 | DEBUG    | LEVI: Audio energy (last 0.8s): 0.000035 (threshold: 0.0075)
2026-05-03 00:48:26 | DEBUG    | LEVI: Audio energy (last 0.8s): 0.000035 (threshold: 0.0075)
2026-05-03 00:48:26 | DEBUG    | LEVI: Captured 8000 samples, buffer length 72000, queue size -
2026-05-03 00:48:26 | DEBUG    | LEVI: Audio energy (last 0.8s): 0.003728 (threshold: 0.0075)
2026-05-03 00:48:26 | DEBUG    | LEVI: Audio energy (last 0.8s): 0.003728 (threshold: 0.0075)
2026-05-03 00:48:26 | DEBUG    | LEVI: Audio energy (last 0.8s): 0.003728 (threshold: 0.0075)
2026-05-03 00:48:26 | DEBUG    | LEVI: Audio energy (last 0.8s): 0.003728 (threshold: 0.0075)
2026-05-03 00:48:27 | DEBUG    | LEVI: Audio energy (last 0.8s): 0.003728 (threshold: 0.0075)
2026-05-03 00:48:27 | DEBUG    | LEVI: Audio energy (last 0.8s): 0.003728 (threshold: 0.0075)
2026-05-03 00:48:27 | DEBUG    | LEVI: Audio energy (last 0.8s): 0.003728 (threshold: 0.0075)
2026-05-03 00:48:27 | DEBUG    | LEVI: Audio energy (last 0.8s): 0.003728 (threshold: 0.0075)
2026-05-03 00:48:27 | DEBUG    | LEVI: Captured 8000 samples, buffer length 80000, queue size -
2026-05-03 00:48:27 | DEBUG    | LEVI: Audio energy (last 0.8s): 0.006144 (threshold: 0.0075)
2026-05-03 00:48:27 | DEBUG    | LEVI: Audio energy (last 0.8s): 0.006144 (threshold: 0.0075)
2026-05-03 00:48:27 | DEBUG    | LEVI: Audio energy (last 0.8s): 0.006144 (threshold: 0.0075)
2026-05-03 00:48:27 | DEBUG    | LEVI: Audio energy (last 0.8s): 0.006144 (threshold: 0.0075)
2026-05-03 00:48:27 | DEBUG    | LEVI: Audio energy (last 0.8s): 0.006144 (threshold: 0.0075)
2026-05-03 00:48:27 | DEBUG    | LEVI: Audio energy (last 0.8s): 0.006144 (threshold: 0.0075)
2026-05-03 00:48:27 | DEBUG    | LEVI: Audio energy (last 0.8s): 0.006144 (threshold: 0.0075)
2026-05-03 00:48:27 | DEBUG    | LEVI: Audio energy (last 0.8s): 0.006144 (threshold: 0.0075)
2026-05-03 00:48:27 | DEBUG    | LEVI: Captured 8000 samples, buffer length 88000, queue size -
2026-05-03 00:48:27 | DEBUG    | LEVI: Audio energy (last 0.8s): 0.009016 (threshold: 0.0075)
2026-05-03 00:48:27 | DEBUG    | LEVI: Speech started (energy: 0.0090)
2026-05-03 00:48:27 | DEBUG    | LEVI: Audio energy (last 0.8s): 0.009016 (threshold: 0.0075)
2026-05-03 00:48:27 | DEBUG    | LEVI: Audio energy (last 0.8s): 0.009016 (threshold: 0.0075)
2026-05-03 00:48:27 | DEBUG    | LEVI: Audio energy (last 0.8s): 0.009016 (threshold: 0.0075)
2026-05-03 00:48:28 | DEBUG    | LEVI: Audio energy (last 0.8s): 0.009016 (threshold: 0.0075)
2026-05-03 00:48:28 | DEBUG    | LEVI: Audio energy (last 0.8s): 0.009016 (threshold: 0.0075)
2026-05-03 00:48:28 | DEBUG    | LEVI: Audio energy (last 0.8s): 0.009016 (threshold: 0.0075)
2026-05-03 00:48:28 | DEBUG    | LEVI: Audio energy (last 0.8s): 0.009016 (threshold: 0.0075)
2026-05-03 00:48:28 | DEBUG    | LEVI: Captured 8000 samples, buffer length 96000, queue size -
2026-05-03 00:48:28 | DEBUG    | LEVI: Audio energy (last 0.8s): 0.006625 (threshold: 0.0075)
2026-05-03 00:48:28 | DEBUG    | LEVI: Silence detected (0.50s), transcribing...
2026-05-03 00:48:28 | DEBUG    | LEVI: Transcribing 20800 samples (start=75200, buf_len=96000)
2026-05-03 00:48:28 | INFO     | LEVI: Transcribing audio...
2026-05-03 00:48:28 | INFO     | LEVI: 🎤 Recognized:  is the date.
2026-05-03 00:48:28 | DEBUG    | LEVI: Input received:  is the date.
2026-05-03 00:48:28 | INFO     | LEVI: 📝 Processing:  is the date.
2026-05-03 00:48:28 | INFO     | LEVI: 💬 Response: You said:  is the date.. Processed at 00:48:28.
2026-05-03 00:48:28 | INFO     | LEVI: 🔊 Speaking: You said:  is the date.. Processed at 00:48:28....
2026-05-03 00:48:28 | DEBUG    | LEVI: Captured 8000 samples, buffer length 8000, queue size -
2026-05-03 00:48:28 | DEBUG    | LEVI: Audio energy (last 0.8s): 0.000040 (threshold: 0.0075)
2026-05-03 00:48:28 | DEBUG    | LEVI: Audio energy (last 0.8s): 0.000040 (threshold: 0.0075)
2026-05-03 00:48:28 | DEBUG    | LEVI: Audio energy (last 0.8s): 0.000040 (threshold: 0.0075)
2026-05-03 00:48:28 | DEBUG    | LEVI: Audio energy (last 0.8s): 0.000040 (threshold: 0.0075)
2026-05-03 00:48:29 | DEBUG    | LEVI: Audio energy (last 0.8s): 0.000040 (threshold: 0.0075)
2026-05-03 00:48:29 | DEBUG    | LEVI: Audio energy (last 0.8s): 0.000040 (threshold: 0.0075)
2026-05-03 00:48:29 | DEBUG    | LEVI: Audio energy (last 0.8s): 0.000040 (threshold: 0.0075)
2026-05-03 00:48:29 | DEBUG    | LEVI: Captured 8000 samples, buffer length 16000, queue size -
2026-05-03 00:48:29 | DEBUG    | LEVI: Audio energy (last 0.8s): 0.000044 (threshold: 0.0075)
2026-05-03 00:48:29 | DEBUG    | LEVI: Audio energy (last 0.8s): 0.000044 (threshold: 0.0075)
2026-05-03 00:48:29 | DEBUG    | LEVI: Audio energy (last 0.8s): 0.000044 (threshold: 0.0075)
2026-05-03 00:48:29 | DEBUG    | LEVI: Audio energy (last 0.8s): 0.000044 (threshold: 0.0075)
2026-05-03 00:48:29 | DEBUG    | LEVI: Audio energy (last 0.8s): 0.000044 (threshold: 0.0075)
2026-05-03 00:48:29 | DEBUG    | LEVI: Audio energy (last 0.8s): 0.000044 (threshold: 0.0075)
2026-05-03 00:48:29 | DEBUG    | LEVI: Audio energy (last 0.8s): 0.000044 (threshold: 0.0075)
2026-05-03 00:48:29 | DEBUG    | LEVI: Audio energy (last 0.8s): 0.000044 (threshold: 0.0075)
2026-05-03 00:48:29 | DEBUG    | LEVI: Captured 8000 samples, buffer length 24000, queue size -
2026-05-03 00:48:29 | DEBUG    | LEVI: Audio energy (last 0.8s): 0.000046 (threshold: 0.0075)
2026-05-03 00:48:29 | DEBUG    | LEVI: Audio energy (last 0.8s): 0.000046 (threshold: 0.0075)
2026-05-03 00:48:29 | DEBUG    | LEVI: Audio energy (last 0.8s): 0.000046 (threshold: 0.0075)
2026-05-03 00:48:29 | DEBUG    | LEVI: Audio energy (last 0.8s): 0.000046 (threshold: 0.0075)
2026-05-03 00:48:29 | DEBUG    | LEVI: Audio energy (last 0.8s): 0.000046 (threshold: 0.0075)
2026-05-03 00:48:30 | DEBUG    | LEVI: Audio energy (last 0.8s): 0.000046 (threshold: 0.0075)
2026-05-03 00:48:30 | DEBUG    | LEVI: Audio energy (last 0.8s): 0.000046 (threshold: 0.0075)
2026-05-03 00:48:30 | DEBUG    | LEVI: Audio energy (last 0.8s): 0.000046 (threshold: 0.0075)
2026-05-03 00:48:30 | DEBUG    | LEVI: Captured 8000 samples, buffer length 32000, queue size -
2026-05-03 00:48:30 | DEBUG    | LEVI: Audio energy (last 0.8s): 0.000046 (threshold: 0.0075)
2026-05-03 00:48:30 | DEBUG    | LEVI: Audio energy (last 0.8s): 0.000046 (threshold: 0.0075)
2026-05-03 00:48:30 | DEBUG    | LEVI: Audio energy (last 0.8s): 0.000046 (threshold: 0.0075)
2026-05-03 00:48:30 | DEBUG    | LEVI: Audio energy (last 0.8s): 0.000046 (threshold: 0.0075)
2026-05-03 00:48:30 | DEBUG    | LEVI: Audio energy (last 0.8s): 0.000046 (threshold: 0.0075)
2026-05-03 00:48:30 | DEBUG    | LEVI: Audio energy (last 0.8s): 0.000046 (threshold: 0.0075)
2026-05-03 00:48:30 | DEBUG    | LEVI: Audio energy (last 0.8s): 0.000046 (threshold: 0.0075)
2026-05-03 00:48:30 | DEBUG    | LEVI: Audio energy (last 0.8s): 0.000046 (threshold: 0.0075)
2026-05-03 00:48:30 | DEBUG    | LEVI: Captured 8000 samples, buffer length 40000, queue size -
2026-05-03 00:48:30 | DEBUG    | LEVI: Audio energy (last 0.8s): 0.000040 (threshold: 0.0075)
2026-05-03 00:48:30 | DEBUG    | LEVI: Audio energy (last 0.8s): 0.000040 (threshold: 0.0075)
2026-05-03 00:48:30 | DEBUG    | LEVI: Audio energy (last 0.8s): 0.000040 (threshold: 0.0075)
2026-05-03 00:48:30 | DEBUG    | LEVI: Audio energy (last 0.8s): 0.000040 (threshold: 0.0075)
2026-05-03 00:48:30 | DEBUG    | LEVI: Audio energy (last 0.8s): 0.000040 (threshold: 0.0075)
2026-05-03 00:48:31 | DEBUG    | LEVI: Audio energy (last 0.8s): 0.000040 (threshold: 0.0075)
2026-05-03 00:48:31 | DEBUG    | LEVI: Audio energy (last 0.8s): 0.000040 (threshold: 0.0075)
2026-05-03 00:48:31 | DEBUG    | LEVI: Audio energy (last 0.8s): 0.000040 (threshold: 0.0075)
2026-05-03 00:48:31 | DEBUG    | LEVI: Captured 8000 samples, buffer length 48000, queue size -
2026-05-03 00:48:31 | DEBUG    | LEVI: Audio energy (last 0.8s): 0.002695 (threshold: 0.0075)
2026-05-03 00:48:31 | DEBUG    | LEVI: Audio energy (last 0.8s): 0.002695 (threshold: 0.0075)
2026-05-03 00:48:31 | DEBUG    | LEVI: Audio energy (last 0.8s): 0.002695 (threshold: 0.0075)
2026-05-03 00:48:31 | DEBUG    | LEVI: Audio energy (last 0.8s): 0.002695 (threshold: 0.0075)
2026-05-03 00:48:31 | DEBUG    | LEVI: Audio energy (last 0.8s): 0.002695 (threshold: 0.0075)
2026-05-03 00:48:31 | DEBUG    | LEVI: Audio energy (last 0.8s): 0.002695 (threshold: 0.0075)
2026-05-03 00:48:31 | DEBUG    | LEVI: Audio energy (last 0.8s): 0.002695 (threshold: 0.0075)
2026-05-03 00:48:31 | DEBUG    | LEVI: Audio energy (last 0.8s): 0.002695 (threshold: 0.0075)
2026-05-03 00:48:31 | DEBUG    | LEVI: Captured 8000 samples, buffer length 56000, queue size -
2026-05-03 00:48:31 | DEBUG    | LEVI: Audio energy (last 0.8s): 0.009254 (threshold: 0.0075)
2026-05-03 00:48:31 | DEBUG    | LEVI: Speech started (energy: 0.0093)
2026-05-03 00:48:31 | DEBUG    | LEVI: Audio energy (last 0.8s): 0.009254 (threshold: 0.0075)
2026-05-03 00:48:31 | DEBUG    | LEVI: Audio energy (last 0.8s): 0.009254 (threshold: 0.0075)
2026-05-03 00:48:31 | DEBUG    | LEVI: Audio energy (last 0.8s): 0.009254 (threshold: 0.0075)
2026-05-03 00:48:31 | DEBUG    | LEVI: Audio energy (last 0.8s): 0.009254 (threshold: 0.0075)
2026-05-03 00:48:32 | DEBUG    | LEVI: Audio energy (last 0.8s): 0.009254 (threshold: 0.0075)
2026-05-03 00:48:32 | DEBUG    | LEVI: Audio energy (last 0.8s): 0.009254 (threshold: 0.0075)
2026-05-03 00:48:32 | DEBUG    | LEVI: Audio energy (last 0.8s): 0.009254 (threshold: 0.0075)
2026-05-03 00:48:32 | DEBUG    | LEVI: Captured 8000 samples, buffer length 64000, queue size -
2026-05-03 00:48:32 | DEBUG    | LEVI: Audio energy (last 0.8s): 0.009433 (threshold: 0.0075)
2026-05-03 00:48:32 | DEBUG    | LEVI: Audio energy (last 0.8s): 0.009433 (threshold: 0.0075)
2026-05-03 00:48:32 | DEBUG    | LEVI: Audio energy (last 0.8s): 0.009433 (threshold: 0.0075)
2026-05-03 00:48:32 | DEBUG    | LEVI: Audio energy (last 0.8s): 0.009433 (threshold: 0.0075)
2026-05-03 00:48:32 | DEBUG    | LEVI: Audio energy (last 0.8s): 0.009433 (threshold: 0.0075)
2026-05-03 00:48:32 | DEBUG    | LEVI: Audio energy (last 0.8s): 0.009433 (threshold: 0.0075)
2026-05-03 00:48:32 | DEBUG    | LEVI: Audio energy (last 0.8s): 0.009433 (threshold: 0.0075)
2026-05-03 00:48:32 | DEBUG    | LEVI: Audio energy (last 0.8s): 0.009433 (threshold: 0.0075)
2026-05-03 00:48:32 | DEBUG    | LEVI: Captured 8000 samples, buffer length 72000, queue size -
2026-05-03 00:48:32 | DEBUG    | LEVI: Audio energy (last 0.8s): 0.000324 (threshold: 0.0075)
2026-05-03 00:48:32 | DEBUG    | LEVI: Silence detected (0.50s), transcribing...
2026-05-03 00:48:32 | DEBUG    | LEVI: Transcribing 28800 samples (start=43200, buf_len=72000)
2026-05-03 00:48:32 | INFO     | LEVI: Transcribing audio...
2026-05-03 00:48:33 | INFO     | LEVI: 🎤 Recognized:  What is the date?
2026-05-03 00:48:33 | DEBUG    | LEVI: Input received:  What is the date?
2026-05-03 00:48:33 | INFO     | LEVI: 📝 Processing:  What is the date?
2026-05-03 00:48:33 | INFO     | LEVI: 💬 Response: You said:  What is the date?. Processed at 00:48:33.
2026-05-03 00:48:33 | INFO     | LEVI: 🔊 Speaking: You said:  What is the date?. Processed at 00:48:33....
2026-05-03 00:48:33 | DEBUG    | LEVI: Captured 8000 samples, buffer length 8000, queue size -
2026-05-03 00:48:33 | DEBUG    | LEVI: Audio energy (last 0.8s): 0.000056 (threshold: 0.0075)
2026-05-03 00:48:33 | DEBUG    | LEVI: Audio energy (last 0.8s): 0.000056 (threshold: 0.0075)
2026-05-03 00:48:33 | DEBUG    | LEVI: Audio energy (last 0.8s): 0.000056 (threshold: 0.0075)
2026-05-03 00:48:33 | DEBUG    | LEVI: Audio energy (last 0.8s): 0.000056 (threshold: 0.0075)
2026-05-03 00:48:33 | DEBUG    | LEVI: Audio energy (last 0.8s): 0.000056 (threshold: 0.0075)
2026-05-03 00:48:33 | DEBUG    | LEVI: Audio energy (last 0.8s): 0.000056 (threshold: 0.0075)
2026-05-03 00:48:33 | DEBUG    | LEVI: Audio energy (last 0.8s): 0.000056 (threshold: 0.0075)
2026-05-03 00:48:33 | DEBUG    | LEVI: Captured 8000 samples, buffer length 16000, queue size -
2026-05-03 00:48:33 | DEBUG    | LEVI: Audio energy (last 0.8s): 0.000051 (threshold: 0.0075)
2026-05-03 00:48:33 | DEBUG    | LEVI: Audio energy (last 0.8s): 0.000051 (threshold: 0.0075)
2026-05-03 00:48:33 | DEBUG    | LEVI: Audio energy (last 0.8s): 0.000051 (threshold: 0.0075)
2026-05-03 00:48:33 | DEBUG    | LEVI: Audio energy (last 0.8s): 0.000051 (threshold: 0.0075)
2026-05-03 00:48:33 | DEBUG    | LEVI: Audio energy (last 0.8s): 0.000051 (threshold: 0.0075)
2026-05-03 00:48:34 | DEBUG    | LEVI: Audio energy (last 0.8s): 0.000051 (threshold: 0.0075)
2026-05-03 00:48:34 | DEBUG    | LEVI: Audio energy (last 0.8s): 0.000051 (threshold: 0.0075)
2026-05-03 00:48:34 | DEBUG    | LEVI: Audio energy (last 0.8s): 0.000051 (threshold: 0.0075)
2026-05-03 00:48:34 | DEBUG    | LEVI: Captured 8000 samples, buffer length 24000, queue size -
2026-05-03 00:48:34 | DEBUG    | LEVI: Audio energy (last 0.8s): 0.000050 (threshold: 0.0075)
2026-05-03 00:48:34 | DEBUG    | LEVI: Audio energy (last 0.8s): 0.000050 (threshold: 0.0075)
2026-05-03 00:48:34 | DEBUG    | LEVI: Audio energy (last 0.8s): 0.000050 (threshold: 0.0075)
2026-05-03 00:48:34 | DEBUG    | LEVI: Audio energy (last 0.8s): 0.000050 (threshold: 0.0075)
2026-05-03 00:48:34 | DEBUG    | LEVI: Audio energy (last 0.8s): 0.000050 (threshold: 0.0075)
2026-05-03 00:48:34 | DEBUG    | LEVI: Audio energy (last 0.8s): 0.000050 (threshold: 0.0075)
2026-05-03 00:48:34 | DEBUG    | LEVI: Audio energy (last 0.8s): 0.000050 (threshold: 0.0075)
2026-05-03 00:48:34 | DEBUG    | LEVI: Audio energy (last 0.8s): 0.000050 (threshold: 0.0075)
2026-05-03 00:48:34 | DEBUG    | LEVI: Captured 8000 samples, buffer length 32000, queue size -
2026-05-03 00:48:34 | DEBUG    | LEVI: Audio energy (last 0.8s): 0.000096 (threshold: 0.0075)
2026-05-03 00:48:34 | DEBUG    | LEVI: Audio energy (last 0.8s): 0.000096 (threshold: 0.0075)
2026-05-03 00:48:34 | DEBUG    | LEVI: Audio energy (last 0.8s): 0.000096 (threshold: 0.0075)
2026-05-03 00:48:34 | DEBUG    | LEVI: Audio energy (last 0.8s): 0.000096 (threshold: 0.0075)
2026-05-03 00:48:34 | DEBUG    | LEVI: Audio energy (last 0.8s): 0.000096 (threshold: 0.0075)
2026-05-03 00:48:35 | DEBUG    | LEVI: Audio energy (last 0.8s): 0.000096 (threshold: 0.0075)
2026-05-03 00:48:35 | DEBUG    | LEVI: Audio energy (last 0.8s): 0.000096 (threshold: 0.0075)
2026-05-03 00:48:35 | DEBUG    | LEVI: Audio energy (last 0.8s): 0.000096 (threshold: 0.0075)
2026-05-03 00:48:35 | DEBUG    | LEVI: Captured 8000 samples, buffer length 40000, queue size -
2026-05-03 00:48:35 | DEBUG    | LEVI: Audio energy (last 0.8s): 0.000098 (threshold: 0.0075)
2026-05-03 00:48:35 | DEBUG    | LEVI: Audio energy (last 0.8s): 0.000098 (threshold: 0.0075)
2026-05-03 00:48:35 | DEBUG    | LEVI: Audio energy (last 0.8s): 0.000098 (threshold: 0.0075)
2026-05-03 00:48:35 | DEBUG    | LEVI: Audio energy (last 0.8s): 0.000098 (threshold: 0.0075)
2026-05-03 00:48:35 | DEBUG    | LEVI: Audio energy (last 0.8s): 0.000098 (threshold: 0.0075)
2026-05-03 00:48:35 | DEBUG    | LEVI: Audio energy (last 0.8s): 0.000098 (threshold: 0.0075)
2026-05-03 00:48:35 | DEBUG    | LEVI: Audio energy (last 0.8s): 0.000098 (threshold: 0.0075)
2026-05-03 00:48:35 | DEBUG    | LEVI: Audio energy (last 0.8s): 0.000098 (threshold: 0.0075)
2026-05-03 00:48:35 | DEBUG    | LEVI: Captured 8000 samples, buffer length 48000, queue size -
2026-05-03 00:48:35 | DEBUG    | LEVI: Audio energy (last 0.8s): 0.000046 (threshold: 0.0075)
2026-05-03 00:48:35 | DEBUG    | LEVI: Audio energy (last 0.8s): 0.000046 (threshold: 0.0075)
2026-05-03 00:48:35 | DEBUG    | LEVI: Audio energy (last 0.8s): 0.000046 (threshold: 0.0075)
2026-05-03 00:48:35 | DEBUG    | LEVI: Audio energy (last 0.8s): 0.000046 (threshold: 0.0075)
2026-05-03 00:48:35 | DEBUG    | LEVI: Audio energy (last 0.8s): 0.000046 (threshold: 0.0075)
2026-05-03 00:48:36 | DEBUG    | LEVI: Audio energy (last 0.8s): 0.000046 (threshold: 0.0075)
2026-05-03 00:48:36 | DEBUG    | LEVI: Audio energy (last 0.8s): 0.000046 (threshold: 0.0075)
2026-05-03 00:48:36 | DEBUG    | LEVI: Audio energy (last 0.8s): 0.000046 (threshold: 0.0075)
2026-05-03 00:48:36 | DEBUG    | LEVI: Captured 8000 samples, buffer length 56000, queue size -
2026-05-03 00:48:36 | DEBUG    | LEVI: Audio energy (last 0.8s): 0.000051 (threshold: 0.0075)
2026-05-03 00:48:36 | DEBUG    | LEVI: Audio energy (last 0.8s): 0.000051 (threshold: 0.0075)
2026-05-03 00:48:36 | DEBUG    | LEVI: Audio energy (last 0.8s): 0.000051 (threshold: 0.0075)
2026-05-03 00:48:36 | DEBUG    | LEVI: Audio energy (last 0.8s): 0.000051 (threshold: 0.0075)
2026-05-03 00:48:36 | DEBUG    | LEVI: Audio energy (last 0.8s): 0.000051 (threshold: 0.0075)
2026-05-03 00:48:36 | DEBUG    | LEVI: Audio energy (last 0.8s): 0.000051 (threshold: 0.0075)
2026-05-03 00:48:36 | DEBUG    | LEVI: Audio energy (last 0.8s): 0.000051 (threshold: 0.0075)
2026-05-03 00:48:36 | DEBUG    | LEVI: Audio energy (last 0.8s): 0.000051 (threshold: 0.0075)
2026-05-03 00:48:36 | DEBUG    | LEVI: Captured 8000 samples, buffer length 64000, queue size -
2026-05-03 00:48:36 | DEBUG    | LEVI: Audio energy (last 0.8s): 0.000044 (threshold: 0.0075)
2026-05-03 00:48:36 | DEBUG    | LEVI: Audio energy (last 0.8s): 0.000044 (threshold: 0.0075)
2026-05-03 00:48:36 | DEBUG    | LEVI: Audio energy (last 0.8s): 0.000044 (threshold: 0.0075)
2026-05-03 00:48:36 | DEBUG    | LEVI: Audio energy (last 0.8s): 0.000044 (threshold: 0.0075)
2026-05-03 00:48:36 | DEBUG    | LEVI: Audio energy (last 0.8s): 0.000044 (threshold: 0.0075)
2026-05-03 00:48:37 | DEBUG    | LEVI: Audio energy (last 0.8s): 0.000044 (threshold: 0.0075)
2026-05-03 00:48:37 | DEBUG    | LEVI: Audio energy (last 0.8s): 0.000044 (threshold: 0.0075)
2026-05-03 00:48:37 | DEBUG    | LEVI: Audio energy (last 0.8s): 0.000044 (threshold: 0.0075)
2026-05-03 00:48:37 | DEBUG    | LEVI: Captured 8000 samples, buffer length 72000, queue size -
2026-05-03 00:48:37 | DEBUG    | LEVI: Audio energy (last 0.8s): 0.000039 (threshold: 0.0075)
2026-05-03 00:48:37 | DEBUG    | LEVI: Audio energy (last 0.8s): 0.000039 (threshold: 0.0075)
2026-05-03 00:48:37 | DEBUG    | LEVI: Audio energy (last 0.8s): 0.000039 (threshold: 0.0075)
2026-05-03 00:48:37 | DEBUG    | LEVI: Audio energy (last 0.8s): 0.000039 (threshold: 0.0075)
2026-05-03 00:48:37 | DEBUG    | LEVI: Audio energy (last 0.8s): 0.000039 (threshold: 0.0075)
2026-05-03 00:48:37 | DEBUG    | LEVI: Audio energy (last 0.8s): 0.000039 (threshold: 0.0075)
2026-05-03 00:48:37 | DEBUG    | LEVI: Audio energy (last 0.8s): 0.000039 (threshold: 0.0075)
2026-05-03 00:48:37 | DEBUG    | LEVI: Audio energy (last 0.8s): 0.000039 (threshold: 0.0075)
2026-05-03 00:48:37 | DEBUG    | LEVI: Captured 8000 samples, buffer length 80000, queue size -
2026-05-03 00:48:37 | DEBUG    | LEVI: Audio energy (last 0.8s): 0.000036 (threshold: 0.0075)
2026-05-03 00:48:37 | DEBUG    | LEVI: Audio energy (last 0.8s): 0.000036 (threshold: 0.0075)
2026-05-03 00:48:37 | DEBUG    | LEVI: Audio energy (last 0.8s): 0.000036 (threshold: 0.0075)
2026-05-03 00:48:37 | DEBUG    | LEVI: Audio energy (last 0.8s): 0.000036 (threshold: 0.0075)
2026-05-03 00:48:37 | DEBUG    | LEVI: Audio energy (last 0.8s): 0.000036 (threshold: 0.0075)
2026-05-03 00:48:38 | DEBUG    | LEVI: Audio energy (last 0.8s): 0.000036 (threshold: 0.0075)
2026-05-03 00:48:38 | DEBUG    | LEVI: Audio energy (last 0.8s): 0.000036 (threshold: 0.0075)
2026-05-03 00:48:38 | DEBUG    | LEVI: Audio energy (last 0.8s): 0.000036 (threshold: 0.0075)
2026-05-03 00:48:38 | DEBUG    | LEVI: Captured 8000 samples, buffer length 88000, queue size -
2026-05-03 00:48:38 | DEBUG    | LEVI: Audio energy (last 0.8s): 0.000047 (threshold: 0.0075)
2026-05-03 00:48:38 | DEBUG    | LEVI: Audio energy (last 0.8s): 0.000047 (threshold: 0.0075)
2026-05-03 00:48:38 | DEBUG    | LEVI: Audio energy (last 0.8s): 0.000047 (threshold: 0.0075)
2026-05-03 00:48:38 | DEBUG    | LEVI: Audio energy (last 0.8s): 0.000047 (threshold: 0.0075)
2026-05-03 00:48:38 | DEBUG    | LEVI: Audio energy (last 0.8s): 0.000047 (threshold: 0.0075)
2026-05-03 00:48:38 | DEBUG    | LEVI: Audio energy (last 0.8s): 0.000047 (threshold: 0.0075)
2026-05-03 00:48:38 | DEBUG    | LEVI: Audio energy (last 0.8s): 0.000047 (threshold: 0.0075)
2026-05-03 00:48:38 | DEBUG    | LEVI: Audio energy (last 0.8s): 0.000047 (threshold: 0.0075)
2026-05-03 00:48:38 | DEBUG    | LEVI: Captured 8000 samples, buffer length 96000, queue size -
2026-05-03 00:48:38 | DEBUG    | LEVI: Audio energy (last 0.8s): 0.000034 (threshold: 0.0075)
2026-05-03 00:48:38 | DEBUG    | LEVI: Audio energy (last 0.8s): 0.000034 (threshold: 0.0075)
2026-05-03 00:48:38 | DEBUG    | LEVI: Audio energy (last 0.8s): 0.000034 (threshold: 0.0075)
2026-05-03 00:48:38 | DEBUG    | LEVI: Audio energy (last 0.8s): 0.000034 (threshold: 0.0075)
2026-05-03 00:48:38 | DEBUG    | LEVI: Audio energy (last 0.8s): 0.000034 (threshold: 0.0075)
2026-05-03 00:48:39 | DEBUG    | LEVI: Audio energy (last 0.8s): 0.000034 (threshold: 0.0075)
2026-05-03 00:48:39 | DEBUG    | LEVI: Audio energy (last 0.8s): 0.000034 (threshold: 0.0075)
2026-05-03 00:48:39 | DEBUG    | LEVI: Audio energy (last 0.8s): 0.000034 (threshold: 0.0075)
2026-05-03 00:48:39 | DEBUG    | LEVI: Captured 8000 samples, buffer length 104000, queue size -
2026-05-03 00:48:39 | DEBUG    | LEVI: Audio energy (last 0.8s): 0.000043 (threshold: 0.0075)
2026-05-03 00:48:39 | DEBUG    | LEVI: Audio energy (last 0.8s): 0.000043 (threshold: 0.0075)
2026-05-03 00:48:39 | DEBUG    | LEVI: Audio energy (last 0.8s): 0.000043 (threshold: 0.0075)
2026-05-03 00:48:39 | DEBUG    | LEVI: Audio energy (last 0.8s): 0.000043 (threshold: 0.0075)
2026-05-03 00:48:39 | DEBUG    | LEVI: Audio energy (last 0.8s): 0.000043 (threshold: 0.0075)
2026-05-03 00:48:39 | DEBUG    | LEVI: Audio energy (last 0.8s): 0.000043 (threshold: 0.0075)
2026-05-03 00:48:39 | DEBUG    | LEVI: Audio energy (last 0.8s): 0.000043 (threshold: 0.0075)
2026-05-03 00:48:39 | DEBUG    | LEVI: Audio energy (last 0.8s): 0.000043 (threshold: 0.0075)
2026-05-03 00:48:39 | DEBUG    | LEVI: Captured 8000 samples, buffer length 112000, queue size -
2026-05-03 00:48:39 | DEBUG    | LEVI: Audio energy (last 0.8s): 0.000051 (threshold: 0.0075)
2026-05-03 00:48:39 | DEBUG    | LEVI: Audio energy (last 0.8s): 0.000051 (threshold: 0.0075)
2026-05-03 00:48:39 | DEBUG    | LEVI: Audio energy (last 0.8s): 0.000051 (threshold: 0.0075)
2026-05-03 00:48:39 | DEBUG    | LEVI: Audio energy (last 0.8s): 0.000051 (threshold: 0.0075)
2026-05-03 00:48:39 | DEBUG    | LEVI: Audio energy (last 0.8s): 0.000051 (threshold: 0.0075)
2026-05-03 00:48:40 | DEBUG    | LEVI: Audio energy (last 0.8s): 0.000051 (threshold: 0.0075)
2026-05-03 00:48:40 | DEBUG    | LEVI: Audio energy (last 0.8s): 0.000051 (threshold: 0.0075)
2026-05-03 00:48:40 | DEBUG    | LEVI: Audio energy (last 0.8s): 0.000051 (threshold: 0.0075)
2026-05-03 00:48:40 | DEBUG    | LEVI: Captured 8000 samples, buffer length 120000, queue size -
2026-05-03 00:48:40 | DEBUG    | LEVI: Audio energy (last 0.8s): 0.000048 (threshold: 0.0075)
2026-05-03 00:48:40 | DEBUG    | LEVI: Audio energy (last 0.8s): 0.000048 (threshold: 0.0075)
2026-05-03 00:48:40 | DEBUG    | LEVI: Audio energy (last 0.8s): 0.000048 (threshold: 0.0075)
2026-05-03 00:48:40 | DEBUG    | LEVI: Audio energy (last 0.8s): 0.000048 (threshold: 0.0075)
2026-05-03 00:48:40 | DEBUG    | LEVI: Audio energy (last 0.8s): 0.000048 (threshold: 0.0075)
2026-05-03 00:48:40 | DEBUG    | LEVI: Audio energy (last 0.8s): 0.000048 (threshold: 0.0075)
2026-05-03 00:48:40 | DEBUG    | LEVI: Audio energy (last 0.8s): 0.000048 (threshold: 0.0075)
2026-05-03 00:48:40 | DEBUG    | LEVI: Audio energy (last 0.8s): 0.000048 (threshold: 0.0075)
2026-05-03 00:48:40 | DEBUG    | LEVI: Captured 8000 samples, buffer length 128000, queue size -
2026-05-03 00:48:40 | DEBUG    | LEVI: Audio energy (last 0.8s): 0.000032 (threshold: 0.0075)
2026-05-03 00:48:40 | DEBUG    | LEVI: Audio energy (last 0.8s): 0.000032 (threshold: 0.0075)
2026-05-03 00:48:40 | DEBUG    | LEVI: Audio energy (last 0.8s): 0.000032 (threshold: 0.0075)
2026-05-03 00:48:40 | DEBUG    | LEVI: Audio energy (last 0.8s): 0.000032 (threshold: 0.0075)
2026-05-03 00:48:40 | DEBUG    | LEVI: Audio energy (last 0.8s): 0.000032 (threshold: 0.0075)
2026-05-03 00:48:41 | DEBUG    | LEVI: Audio energy (last 0.8s): 0.000032 (threshold: 0.0075)
2026-05-03 00:48:41 | DEBUG    | LEVI: Audio energy (last 0.8s): 0.000032 (threshold: 0.0075)
2026-05-03 00:48:41 | DEBUG    | LEVI: Audio energy (last 0.8s): 0.000032 (threshold: 0.0075)
2026-05-03 00:48:41 | DEBUG    | LEVI: Captured 8000 samples, buffer length 136000, queue size -
2026-05-03 00:48:41 | DEBUG    | LEVI: Audio energy (last 0.8s): 0.000035 (threshold: 0.0075)
2026-05-03 00:48:41 | DEBUG    | LEVI: Audio energy (last 0.8s): 0.000035 (threshold: 0.0075)
2026-05-03 00:48:41 | DEBUG    | LEVI: Audio energy (last 0.8s): 0.000035 (threshold: 0.0075)
2026-05-03 00:48:41 | DEBUG    | LEVI: Audio energy (last 0.8s): 0.000035 (threshold: 0.0075)
2026-05-03 00:48:41 | DEBUG    | LEVI: Audio energy (last 0.8s): 0.000035 (threshold: 0.0075)
2026-05-03 00:48:41 | DEBUG    | LEVI: Audio energy (last 0.8s): 0.000035 (threshold: 0.0075)
2026-05-03 00:48:41 | DEBUG    | LEVI: Audio energy (last 0.8s): 0.000035 (threshold: 0.0075)
2026-05-03 00:48:41 | DEBUG    | LEVI: Audio energy (last 0.8s): 0.000035 (threshold: 0.0075)
2026-05-03 00:48:41 | DEBUG    | LEVI: Captured 8000 samples, buffer length 144000, queue size -
2026-05-03 00:48:41 | DEBUG    | LEVI: Audio energy (last 0.8s): 0.000036 (threshold: 0.0075)
2026-05-03 00:48:41 | DEBUG    | LEVI: Audio energy (last 0.8s): 0.000036 (threshold: 0.0075)
2026-05-03 00:48:41 | DEBUG    | LEVI: Audio energy (last 0.8s): 0.000036 (threshold: 0.0075)
2026-05-03 00:48:41 | DEBUG    | LEVI: Audio energy (last 0.8s): 0.000036 (threshold: 0.0075)
2026-05-03 00:48:41 | DEBUG    | LEVI: Audio energy (last 0.8s): 0.000036 (threshold: 0.0075)
2026-05-03 00:48:42 | DEBUG    | LEVI: Audio energy (last 0.8s): 0.000036 (threshold: 0.0075)
2026-05-03 00:48:42 | DEBUG    | LEVI: Audio energy (last 0.8s): 0.000036 (threshold: 0.0075)
2026-05-03 00:48:42 | DEBUG    | LEVI: Audio energy (last 0.8s): 0.000036 (threshold: 0.0075)
2026-05-03 00:48:42 | DEBUG    | LEVI: Captured 8000 samples, buffer length 152000, queue size -
2026-05-03 00:48:42 | DEBUG    | LEVI: Audio energy (last 0.8s): 0.000046 (threshold: 0.0075)
2026-05-03 00:48:42 | DEBUG    | LEVI: Audio energy (last 0.8s): 0.000046 (threshold: 0.0075)
2026-05-03 00:48:42 | DEBUG    | LEVI: Audio energy (last 0.8s): 0.000046 (threshold: 0.0075)
2026-05-03 00:48:42 | DEBUG    | LEVI: Audio energy (last 0.8s): 0.000046 (threshold: 0.0075)
2026-05-03 00:48:42 | DEBUG    | LEVI: Audio energy (last 0.8s): 0.000046 (threshold: 0.0075)
2026-05-03 00:48:42 | DEBUG    | LEVI: Audio energy (last 0.8s): 0.000046 (threshold: 0.0075)
2026-05-03 00:48:42 | DEBUG    | LEVI: Audio energy (last 0.8s): 0.000046 (threshold: 0.0075)
2026-05-03 00:48:42 | DEBUG    | LEVI: Audio energy (last 0.8s): 0.000046 (threshold: 0.0075)
2026-05-03 00:48:42 | DEBUG    | LEVI: Captured 8000 samples, buffer length 160000, queue size -
2026-05-03 00:48:42 | DEBUG    | LEVI: Audio energy (last 0.8s): 0.000049 (threshold: 0.0075)
2026-05-03 00:48:42 | DEBUG    | LEVI: Audio energy (last 0.8s): 0.000049 (threshold: 0.0075)
2026-05-03 00:48:42 | DEBUG    | LEVI: Audio energy (last 0.8s): 0.000049 (threshold: 0.0075)
2026-05-03 00:48:42 | DEBUG    | LEVI: Audio energy (last 0.8s): 0.000049 (threshold: 0.0075)
2026-05-03 00:48:42 | DEBUG    | LEVI: Audio energy (last 0.8s): 0.000049 (threshold: 0.0075)
2026-05-03 00:48:43 | DEBUG    | LEVI: Audio energy (last 0.8s): 0.000049 (threshold: 0.0075)
2026-05-03 00:48:43 | DEBUG    | LEVI: Audio energy (last 0.8s): 0.000049 (threshold: 0.0075)
2026-05-03 00:48:43 | DEBUG    | LEVI: Audio energy (last 0.8s): 0.000049 (threshold: 0.0075)
2026-05-03 00:48:43 | DEBUG    | LEVI: Captured 8000 samples, buffer length 168000, queue size -
2026-05-03 00:48:43 | DEBUG    | LEVI: Audio energy (last 0.8s): 0.000045 (threshold: 0.0075)
2026-05-03 00:48:43 | DEBUG    | LEVI: Audio energy (last 0.8s): 0.000045 (threshold: 0.0075)
2026-05-03 00:48:43 | DEBUG    | LEVI: Audio energy (last 0.8s): 0.000045 (threshold: 0.0075)
2026-05-03 00:48:43 | DEBUG    | LEVI: Audio energy (last 0.8s): 0.000045 (threshold: 0.0075)
2026-05-03 00:48:43 | DEBUG    | LEVI: Audio energy (last 0.8s): 0.000045 (threshold: 0.0075)
2026-05-03 00:48:43 | DEBUG    | LEVI: Audio energy (last 0.8s): 0.000045 (threshold: 0.0075)
2026-05-03 00:48:43 | DEBUG    | LEVI: Audio energy (last 0.8s): 0.000045 (threshold: 0.0075)
2026-05-03 00:48:43 | DEBUG    | LEVI: Audio energy (last 0.8s): 0.000045 (threshold: 0.0075)
2026-05-03 00:48:43 | DEBUG    | LEVI: Captured 8000 samples, buffer length 176000, queue size -
2026-05-03 00:48:43 | DEBUG    | LEVI: Audio energy (last 0.8s): 0.000060 (threshold: 0.0075)
2026-05-03 00:48:43 | DEBUG    | LEVI: Audio energy (last 0.8s): 0.000060 (threshold: 0.0075)
2026-05-03 00:48:43 | DEBUG    | LEVI: Audio energy (last 0.8s): 0.000060 (threshold: 0.0075)
2026-05-03 00:48:43 | DEBUG    | LEVI: Audio energy (last 0.8s): 0.000060 (threshold: 0.0075)
2026-05-03 00:48:43 | DEBUG    | LEVI: Audio energy (last 0.8s): 0.000060 (threshold: 0.0075)
2026-05-03 00:48:44 | DEBUG    | LEVI: Audio energy (last 0.8s): 0.000060 (threshold: 0.0075)
2026-05-03 00:48:44 | DEBUG    | LEVI: Audio energy (last 0.8s): 0.000060 (threshold: 0.0075)
2026-05-03 00:48:44 | DEBUG    | LEVI: Audio energy (last 0.8s): 0.000060 (threshold: 0.0075)
2026-05-03 00:48:44 | DEBUG    | LEVI: Captured 8000 samples, buffer length 184000, queue size -
2026-05-03 00:48:44 | DEBUG    | LEVI: Audio energy (last 0.8s): 0.000111 (threshold: 0.0075)
2026-05-03 00:48:44 | DEBUG    | LEVI: Audio energy (last 0.8s): 0.000111 (threshold: 0.0075)
2026-05-03 00:48:44 | DEBUG    | LEVI: Audio energy (last 0.8s): 0.000111 (threshold: 0.0075)
2026-05-03 00:48:44 | DEBUG    | LEVI: Audio energy (last 0.8s): 0.000111 (threshold: 0.0075)
2026-05-03 00:48:44 | DEBUG    | LEVI: Audio energy (last 0.8s): 0.000111 (threshold: 0.0075)
2026-05-03 00:48:44 | DEBUG    | LEVI: Audio energy (last 0.8s): 0.000111 (threshold: 0.0075)
2026-05-03 00:48:44 | INFO     | LEVI: 
⏸️  Received stop signal
2026-05-03 00:48:44 | INFO     | LEVI: ⏹️  Stopping LEVI...
2026-05-03 00:48:44 | INFO     | LEVI: Stopping speech recognition...
2026-05-03 00:48:44 | INFO     | LEVI: ✓ LEVI stopped
2026-05-03 00:48:44 | DEBUG    | LEVI: Captured 8000 samples, buffer length 192000, queue size -
